[2024-04-01T10:28:12.971+0000] {taskinstance.py:1956} INFO - Dependencies all met for dep_context=non-requeueable deps ti=<TaskInstance: dag___dbt.dbt_data_quality_checks scheduled__2024-04-01T09:00:00+00:00 [queued]>
[2024-04-01T10:28:12.986+0000] {taskinstance.py:1956} INFO - Dependencies all met for dep_context=requeueable deps ti=<TaskInstance: dag___dbt.dbt_data_quality_checks scheduled__2024-04-01T09:00:00+00:00 [queued]>
[2024-04-01T10:28:12.987+0000] {taskinstance.py:2170} INFO - Starting attempt 2 of 2
[2024-04-01T10:28:13.018+0000] {taskinstance.py:2191} INFO - Executing <Task(BashOperator): dbt_data_quality_checks> on 2024-04-01 09:00:00+00:00
[2024-04-01T10:28:13.041+0000] {standard_task_runner.py:60} INFO - Started process 187 to run task
[2024-04-01T10:28:13.046+0000] {standard_task_runner.py:87} INFO - Running: ['***', 'tasks', 'run', 'dag___dbt', 'dbt_data_quality_checks', 'scheduled__2024-04-01T09:00:00+00:00', '--job-id', '233', '--raw', '--subdir', 'DAGS_FOLDER/freshness_test_dag.py', '--cfg-path', '/tmp/tmpstd8eayv']
[2024-04-01T10:28:13.050+0000] {standard_task_runner.py:88} INFO - Job 233: Subtask dbt_data_quality_checks
[2024-04-01T10:28:13.132+0000] {task_command.py:423} INFO - Running <TaskInstance: dag___dbt.dbt_data_quality_checks scheduled__2024-04-01T09:00:00+00:00 [running]> on host 62dc842f1ceb
[2024-04-01T10:28:13.247+0000] {taskinstance.py:2480} INFO - Exporting env vars: AIRFLOW_CTX_DAG_OWNER='***' AIRFLOW_CTX_DAG_ID='dag___dbt' AIRFLOW_CTX_TASK_ID='dbt_data_quality_checks' AIRFLOW_CTX_EXECUTION_DATE='2024-04-01T09:00:00+00:00' AIRFLOW_CTX_TRY_NUMBER='2' AIRFLOW_CTX_DAG_RUN_ID='scheduled__2024-04-01T09:00:00+00:00'
[2024-04-01T10:28:13.251+0000] {subprocess.py:63} INFO - Tmp dir root location: /tmp
[2024-04-01T10:28:13.252+0000] {subprocess.py:75} INFO - Running command: ['/usr/bin/bash', '-c', '/home/***/.local/bin/dbt test --profiles-dir /home/***/.dbt --project-dir /opt/***/proj']
[2024-04-01T10:28:13.269+0000] {subprocess.py:86} INFO - Output:
[2024-04-01T10:28:18.079+0000] {subprocess.py:93} INFO - [0m10:28:18  Running with dbt=1.7.10
[2024-04-01T10:28:19.255+0000] {subprocess.py:93} INFO - [0m10:28:19  Registered adapter: postgres=1.7.10
[2024-04-01T10:28:32.837+0000] {subprocess.py:93} INFO - [0m10:28:32  Found 34 models, 2 operations, 5 tests, 1 source, 0 exposures, 0 metrics, 1407 macros, 0 groups, 0 semantic models
[2024-04-01T10:28:32.845+0000] {subprocess.py:93} INFO - [0m10:28:32
[2024-04-01T10:28:33.727+0000] {subprocess.py:93} INFO - [0m10:28:33
[2024-04-01T10:28:33.729+0000] {subprocess.py:93} INFO - [0m10:28:33  Running 1 on-run-start hook
[2024-04-01T10:28:33.945+0000] {subprocess.py:93} INFO - [0m10:28:33  1 of 1 START hook: elementary.on-run-start.0 ................................... [RUN]
[2024-04-01T10:28:33.947+0000] {subprocess.py:93} INFO - [0m10:28:33  1 of 1 OK hook: elementary.on-run-start.0 ...................................... [[32mOK[0m in 0.00s]
[2024-04-01T10:28:33.949+0000] {subprocess.py:93} INFO - [0m10:28:33
[2024-04-01T10:28:33.954+0000] {subprocess.py:93} INFO - [0m10:28:33  Concurrency: 1 threads (target='dev')
[2024-04-01T10:28:33.957+0000] {subprocess.py:93} INFO - [0m10:28:33
[2024-04-01T10:28:33.980+0000] {subprocess.py:93} INFO - [0m10:28:33  1 of 5 START test elementary_freshness_anomalies_raw_orders_creation_date ...... [RUN]
[2024-04-01T10:28:34.741+0000] {subprocess.py:93} INFO - [0m10:28:34  Elementary: Started running data monitors on: POSTGRES.PUBLIC.RAW_ORDERS
[2024-04-01T10:28:35.636+0000] {subprocess.py:93} INFO - [0m10:28:35  Elementary: Finished running data monitors on: POSTGRES.PUBLIC.RAW_ORDERS
[2024-04-01T10:28:36.548+0000] {subprocess.py:93} INFO - [0m10:28:36  1 of 5 PASS elementary_freshness_anomalies_raw_orders_creation_date ............ [[32mPASS[0m in 2.57s]
[2024-04-01T10:28:36.558+0000] {subprocess.py:93} INFO - [0m10:28:36  2 of 5 START test not_null_my_second_dbt_model_id .............................. [RUN]
[2024-04-01T10:28:36.751+0000] {subprocess.py:93} INFO - [0m10:28:36  2 of 5 ERROR not_null_my_second_dbt_model_id ................................... [[31mERROR[0m in 0.19s]
[2024-04-01T10:28:36.758+0000] {subprocess.py:93} INFO - [0m10:28:36  3 of 5 START test not_null_raw_orders_creation_date ............................ [RUN]
[2024-04-01T10:28:36.963+0000] {subprocess.py:93} INFO - [0m10:28:36  3 of 5 PASS not_null_raw_orders_creation_date .................................. [[32mPASS[0m in 0.20s]
[2024-04-01T10:28:36.969+0000] {subprocess.py:93} INFO - [0m10:28:36  4 of 5 START test unique_my_first_dbt_model_id ................................. [RUN]
[2024-04-01T10:28:37.258+0000] {subprocess.py:93} INFO - [0m10:28:37  4 of 5 PASS unique_my_first_dbt_model_id ....................................... [[32mPASS[0m in 0.29s]
[2024-04-01T10:28:37.263+0000] {subprocess.py:93} INFO - [0m10:28:37  5 of 5 START test unique_my_second_dbt_model_id ................................ [RUN]
[2024-04-01T10:28:37.424+0000] {subprocess.py:93} INFO - [0m10:28:37  5 of 5 ERROR unique_my_second_dbt_model_id ..................................... [[31mERROR[0m in 0.16s]
[2024-04-01T10:28:37.502+0000] {subprocess.py:93} INFO - [0m10:28:37
[2024-04-01T10:28:37.505+0000] {subprocess.py:93} INFO - [0m10:28:37  Running 1 on-run-end hook
[2024-04-01T10:28:41.413+0000] {subprocess.py:93} INFO - [0m10:28:41  1 of 1 START hook: elementary.on-run-end.0 ..................................... [RUN]
[2024-04-01T10:28:41.415+0000] {subprocess.py:93} INFO - [0m10:28:41  1 of 1 OK hook: elementary.on-run-end.0 ........................................ [[32mOK[0m in 0.00s]
[2024-04-01T10:28:41.417+0000] {subprocess.py:93} INFO - [0m10:28:41
[2024-04-01T10:28:41.427+0000] {subprocess.py:93} INFO - [0m10:28:41
[2024-04-01T10:28:41.429+0000] {subprocess.py:93} INFO - [0m10:28:41  Finished running 5 tests, 2 hooks in 0 hours 0 minutes and 8.58 seconds (8.58s).
[2024-04-01T10:28:41.550+0000] {subprocess.py:93} INFO - [0m10:28:41
[2024-04-01T10:28:41.552+0000] {subprocess.py:93} INFO - [0m10:28:41  [31mCompleted with 2 errors and 0 warnings:[0m
[2024-04-01T10:28:41.555+0000] {subprocess.py:93} INFO - [0m10:28:41
[2024-04-01T10:28:41.558+0000] {subprocess.py:93} INFO - [0m10:28:41    Database Error in test not_null_my_second_dbt_model_id (models/example/schema.yml)
[2024-04-01T10:28:41.559+0000] {subprocess.py:93} INFO -   ERREUR:  la relation Â« public.my_second_dbt_model Â» n'existe pas
[2024-04-01T10:28:41.559+0000] {subprocess.py:93} INFO -   LINE 14: from "postgres"."public"."my_second_dbt_model"
[2024-04-01T10:28:41.560+0000] {subprocess.py:93} INFO -                 ^
[2024-04-01T10:28:41.561+0000] {subprocess.py:93} INFO -   compiled Code at target/run/proj/models/example/schema.yml/not_null_my_second_dbt_model_id.sql
[2024-04-01T10:28:41.561+0000] {subprocess.py:93} INFO - [0m10:28:41
[2024-04-01T10:28:41.564+0000] {subprocess.py:93} INFO - [0m10:28:41    Database Error in test unique_my_second_dbt_model_id (models/example/schema.yml)
[2024-04-01T10:28:41.565+0000] {subprocess.py:93} INFO -   ERREUR:  la relation Â« public.my_second_dbt_model Â» n'existe pas
[2024-04-01T10:28:41.566+0000] {subprocess.py:93} INFO -   LINE 15: from "postgres"."public"."my_second_dbt_model"
[2024-04-01T10:28:41.567+0000] {subprocess.py:93} INFO -                 ^
[2024-04-01T10:28:41.567+0000] {subprocess.py:93} INFO -   compiled Code at target/run/proj/models/example/schema.yml/unique_my_second_dbt_model_id.sql
[2024-04-01T10:28:41.568+0000] {subprocess.py:93} INFO - [0m10:28:41
[2024-04-01T10:28:41.570+0000] {subprocess.py:93} INFO - [0m10:28:41  Done. PASS=3 WARN=0 ERROR=2 SKIP=0 TOTAL=5
[2024-04-01T10:28:43.032+0000] {subprocess.py:97} INFO - Command exited with return code 1
[2024-04-01T10:28:43.063+0000] {taskinstance.py:2698} ERROR - Task failed with exception
Traceback (most recent call last):
  File "/home/airflow/.local/lib/python3.8/site-packages/airflow/models/taskinstance.py", line 433, in _execute_task
    result = execute_callable(context=context, **execute_callable_kwargs)
  File "/home/airflow/.local/lib/python3.8/site-packages/airflow/operators/bash.py", line 212, in execute
    raise AirflowException(
airflow.exceptions.AirflowException: Bash command failed. The command returned a non-zero exit code 1.
[2024-04-01T10:28:43.077+0000] {taskinstance.py:1138} INFO - Marking task as FAILED. dag_id=dag___dbt, task_id=dbt_data_quality_checks, execution_date=20240401T090000, start_date=20240401T102812, end_date=20240401T102843
[2024-04-01T10:28:43.126+0000] {standard_task_runner.py:107} ERROR - Failed to execute job 233 for task dbt_data_quality_checks (Bash command failed. The command returned a non-zero exit code 1.; 187)
[2024-04-01T10:28:43.168+0000] {local_task_job_runner.py:234} INFO - Task exited with return code 1
[2024-04-01T10:28:43.246+0000] {taskinstance.py:3280} INFO - 0 downstream tasks scheduled from follow-on schedule check
