[2024-04-01T11:36:14.581+0000] {taskinstance.py:1956} INFO - Dependencies all met for dep_context=non-requeueable deps ti=<TaskInstance: dag___fresh___freshnes_test.dbt_data_quality_checks scheduled__0001-04-01T21:00:00+00:00 [queued]>
[2024-04-01T11:36:14.685+0000] {taskinstance.py:1956} INFO - Dependencies all met for dep_context=requeueable deps ti=<TaskInstance: dag___fresh___freshnes_test.dbt_data_quality_checks scheduled__0001-04-01T21:00:00+00:00 [queued]>
[2024-04-01T11:36:14.691+0000] {taskinstance.py:2170} INFO - Starting attempt 1 of 2
[2024-04-01T11:36:14.878+0000] {taskinstance.py:2191} INFO - Executing <Task(BashOperator): dbt_data_quality_checks> on 0001-04-01 21:00:00+00:00
[2024-04-01T11:36:14.895+0000] {standard_task_runner.py:60} INFO - Started process 1754 to run task
[2024-04-01T11:36:14.960+0000] {standard_task_runner.py:87} INFO - Running: ['***', 'tasks', 'run', 'dag___fresh___freshnes_test', 'dbt_data_quality_checks', 'scheduled__0001-04-01T21:00:00+00:00', '--job-id', '292', '--raw', '--subdir', 'DAGS_FOLDER/freshnes_test_model.py', '--cfg-path', '/tmp/tmptgac3dkx']
[2024-04-01T11:36:14.985+0000] {standard_task_runner.py:88} INFO - Job 292: Subtask dbt_data_quality_checks
[2024-04-01T11:36:15.340+0000] {task_command.py:423} INFO - Running <TaskInstance: dag___fresh___freshnes_test.dbt_data_quality_checks scheduled__0001-04-01T21:00:00+00:00 [running]> on host 62dc842f1ceb
[2024-04-01T11:36:16.403+0000] {taskinstance.py:2480} INFO - Exporting env vars: AIRFLOW_CTX_DAG_OWNER='***' AIRFLOW_CTX_DAG_ID='dag___fresh___freshnes_test' AIRFLOW_CTX_TASK_ID='dbt_data_quality_checks' AIRFLOW_CTX_EXECUTION_DATE='0001-04-01T21:00:00+00:00' AIRFLOW_CTX_TRY_NUMBER='1' AIRFLOW_CTX_DAG_RUN_ID='scheduled__0001-04-01T21:00:00+00:00'
[2024-04-01T11:36:16.425+0000] {subprocess.py:63} INFO - Tmp dir root location: /tmp
[2024-04-01T11:36:16.429+0000] {subprocess.py:75} INFO - Running command: ['/usr/bin/bash', '-c', '/home/***/.local/bin/dbt source freshness --select "source:public.freshnes_test" --profiles-dir /home/***/.dbt --project-dir /opt/***/proj']
[2024-04-01T11:36:16.534+0000] {subprocess.py:86} INFO - Output:
[2024-04-01T11:36:53.041+0000] {subprocess.py:93} INFO - [0m11:36:53  Running with dbt=1.7.10
[2024-04-01T11:36:55.871+0000] {subprocess.py:93} INFO - [0m11:36:55  Registered adapter: postgres=1.7.10
[2024-04-01T11:37:15.444+0000] {subprocess.py:93} INFO - [0m11:37:15  Encountered an error:
[2024-04-01T11:37:15.446+0000] {subprocess.py:93} INFO - [Errno 5] Input/output error: '/opt/***/proj/dbt_packages/elementary/macros/edr/tests/test_utils/create_elementary_test_table.sql'
[2024-04-01T11:37:15.454+0000] {subprocess.py:93} INFO - [0m11:37:15  Traceback (most recent call last):
[2024-04-01T11:37:15.458+0000] {subprocess.py:93} INFO -   File "/home/***/.local/lib/python3.8/site-packages/dbt/cli/requires.py", line 91, in wrapper
[2024-04-01T11:37:15.459+0000] {subprocess.py:93} INFO -     result, success = func(*args, **kwargs)
[2024-04-01T11:37:15.461+0000] {subprocess.py:93} INFO -   File "/home/***/.local/lib/python3.8/site-packages/dbt/cli/requires.py", line 76, in wrapper
[2024-04-01T11:37:15.463+0000] {subprocess.py:93} INFO -     return func(*args, **kwargs)
[2024-04-01T11:37:15.465+0000] {subprocess.py:93} INFO -   File "/home/***/.local/lib/python3.8/site-packages/dbt/cli/requires.py", line 169, in wrapper
[2024-04-01T11:37:15.467+0000] {subprocess.py:93} INFO -     return func(*args, **kwargs)
[2024-04-01T11:37:15.468+0000] {subprocess.py:93} INFO -   File "/home/***/.local/lib/python3.8/site-packages/dbt/cli/requires.py", line 198, in wrapper
[2024-04-01T11:37:15.476+0000] {subprocess.py:93} INFO -     return func(*args, **kwargs)
[2024-04-01T11:37:15.480+0000] {subprocess.py:93} INFO -   File "/home/***/.local/lib/python3.8/site-packages/dbt/cli/requires.py", line 245, in wrapper
[2024-04-01T11:37:15.484+0000] {subprocess.py:93} INFO -     return func(*args, **kwargs)
[2024-04-01T11:37:15.486+0000] {subprocess.py:93} INFO -   File "/home/***/.local/lib/python3.8/site-packages/dbt/cli/requires.py", line 271, in wrapper
[2024-04-01T11:37:15.489+0000] {subprocess.py:93} INFO -     ctx.obj["manifest"] = parse_manifest(
[2024-04-01T11:37:15.498+0000] {subprocess.py:93} INFO -   File "/home/***/.local/lib/python3.8/site-packages/dbt/parser/manifest.py", line 1798, in parse_manifest
[2024-04-01T11:37:15.500+0000] {subprocess.py:93} INFO -     manifest = ManifestLoader.get_full_manifest(
[2024-04-01T11:37:15.502+0000] {subprocess.py:93} INFO -   File "/home/***/.local/lib/python3.8/site-packages/dbt/parser/manifest.py", line 318, in get_full_manifest
[2024-04-01T11:37:15.509+0000] {subprocess.py:93} INFO -     manifest = loader.load()
[2024-04-01T11:37:15.517+0000] {subprocess.py:93} INFO -   File "/home/***/.local/lib/python3.8/site-packages/dbt/parser/manifest.py", line 365, in load
[2024-04-01T11:37:15.519+0000] {subprocess.py:93} INFO -     file_reader.read_files()
[2024-04-01T11:37:15.524+0000] {subprocess.py:93} INFO -   File "/home/***/.local/lib/python3.8/site-packages/dbt/parser/read_files.py", line 203, in read_files
[2024-04-01T11:37:15.526+0000] {subprocess.py:93} INFO -     self.read_files_for_project(project, file_types)
[2024-04-01T11:37:15.565+0000] {subprocess.py:93} INFO -   File "/home/***/.local/lib/python3.8/site-packages/dbt/parser/read_files.py", line 210, in read_files_for_project
[2024-04-01T11:37:15.566+0000] {subprocess.py:93} INFO -     project_files[file_type_info["parser"]] = read_files_for_parser(
[2024-04-01T11:37:15.568+0000] {subprocess.py:93} INFO -   File "/home/***/.local/lib/python3.8/site-packages/dbt/parser/read_files.py", line 158, in read_files_for_parser
[2024-04-01T11:37:15.575+0000] {subprocess.py:93} INFO -     source_files = get_source_files(
[2024-04-01T11:37:15.579+0000] {subprocess.py:93} INFO -   File "/home/***/.local/lib/python3.8/site-packages/dbt/parser/read_files.py", line 147, in get_source_files
[2024-04-01T11:37:15.580+0000] {subprocess.py:93} INFO -     file = load_source_file(fp, parse_file_type, project.project_name, saved_files)
[2024-04-01T11:37:15.581+0000] {subprocess.py:93} INFO -   File "/home/***/.local/lib/python3.8/site-packages/dbt/parser/read_files.py", line 75, in load_source_file
[2024-04-01T11:37:15.582+0000] {subprocess.py:93} INFO -     file_contents = load_file_contents(path.absolute_path, strip=True)
[2024-04-01T11:37:15.584+0000] {subprocess.py:93} INFO -   File "/home/***/.local/lib/python3.8/site-packages/dbt/clients/system.py", line 97, in load_file_contents
[2024-04-01T11:37:15.585+0000] {subprocess.py:93} INFO -     with open(path, "rb") as handle:
[2024-04-01T11:37:15.586+0000] {subprocess.py:93} INFO - OSError: [Errno 5] Input/output error: '/opt/***/proj/dbt_packages/elementary/macros/edr/tests/test_utils/create_elementary_test_table.sql'
[2024-04-01T11:37:15.591+0000] {subprocess.py:93} INFO - 
[2024-04-01T11:37:17.629+0000] {subprocess.py:97} INFO - Command exited with return code 2
[2024-04-01T11:37:17.697+0000] {taskinstance.py:2698} ERROR - Task failed with exception
Traceback (most recent call last):
  File "/home/airflow/.local/lib/python3.8/site-packages/airflow/models/taskinstance.py", line 433, in _execute_task
    result = execute_callable(context=context, **execute_callable_kwargs)
  File "/home/airflow/.local/lib/python3.8/site-packages/airflow/operators/bash.py", line 212, in execute
    raise AirflowException(
airflow.exceptions.AirflowException: Bash command failed. The command returned a non-zero exit code 2.
[2024-04-01T11:37:17.709+0000] {taskinstance.py:1138} INFO - Marking task as UP_FOR_RETRY. dag_id=dag___fresh___freshnes_test, task_id=dbt_data_quality_checks, execution_date=10401T210000, start_date=20240401T113614, end_date=20240401T113717
[2024-04-01T11:37:17.861+0000] {standard_task_runner.py:107} ERROR - Failed to execute job 292 for task dbt_data_quality_checks (Bash command failed. The command returned a non-zero exit code 2.; 1754)
[2024-04-01T11:37:17.962+0000] {local_task_job_runner.py:234} INFO - Task exited with return code 1
[2024-04-01T11:37:18.180+0000] {taskinstance.py:3280} INFO - 0 downstream tasks scheduled from follow-on schedule check
