[2024-04-01T10:09:30.142+0000] {taskinstance.py:1956} INFO - Dependencies all met for dep_context=non-requeueable deps ti=<TaskInstance: freshness___dbt.run_model1 manual__2024-04-01T10:09:25.963843+00:00 [queued]>
[2024-04-01T10:09:30.167+0000] {taskinstance.py:1956} INFO - Dependencies all met for dep_context=requeueable deps ti=<TaskInstance: freshness___dbt.run_model1 manual__2024-04-01T10:09:25.963843+00:00 [queued]>
[2024-04-01T10:09:30.168+0000] {taskinstance.py:2170} INFO - Starting attempt 1 of 2
[2024-04-01T10:09:30.224+0000] {taskinstance.py:2191} INFO - Executing <Task(BashOperator): run_model1> on 2024-04-01 10:09:25.963843+00:00
[2024-04-01T10:09:30.240+0000] {standard_task_runner.py:60} INFO - Started process 1459 to run task
[2024-04-01T10:09:30.252+0000] {standard_task_runner.py:87} INFO - Running: ['***', 'tasks', 'run', 'freshness___dbt', 'run_model1', 'manual__2024-04-01T10:09:25.963843+00:00', '--job-id', '207', '--raw', '--subdir', 'DAGS_FOLDER/freshness_dag.py', '--cfg-path', '/tmp/tmpgbebpblg']
[2024-04-01T10:09:30.265+0000] {standard_task_runner.py:88} INFO - Job 207: Subtask run_model1
[2024-04-01T10:09:30.410+0000] {task_command.py:423} INFO - Running <TaskInstance: freshness___dbt.run_model1 manual__2024-04-01T10:09:25.963843+00:00 [running]> on host 62dc842f1ceb
[2024-04-01T10:09:30.741+0000] {taskinstance.py:2480} INFO - Exporting env vars: AIRFLOW_CTX_DAG_OWNER='***' AIRFLOW_CTX_DAG_ID='freshness___dbt' AIRFLOW_CTX_TASK_ID='run_model1' AIRFLOW_CTX_EXECUTION_DATE='2024-04-01T10:09:25.963843+00:00' AIRFLOW_CTX_TRY_NUMBER='1' AIRFLOW_CTX_DAG_RUN_ID='manual__2024-04-01T10:09:25.963843+00:00'
[2024-04-01T10:09:30.749+0000] {subprocess.py:63} INFO - Tmp dir root location: /tmp
[2024-04-01T10:09:30.759+0000] {subprocess.py:75} INFO - Running command: ['/usr/bin/bash', '-c', '/home/***/.local/bin/dbt run --models  --profiles-dir /home/***/.dbt --project-dir /opt/***/proj']
[2024-04-01T10:09:30.787+0000] {subprocess.py:86} INFO - Output:
[2024-04-01T10:09:51.892+0000] {subprocess.py:93} INFO - [0m10:09:51  Running with dbt=1.7.10
[2024-04-01T10:09:56.218+0000] {subprocess.py:93} INFO - [0m10:09:56  Registered adapter: postgres=1.7.10
[2024-04-01T10:10:01.400+0000] {subprocess.py:93} INFO - [0m10:10:01  Encountered an error:
[2024-04-01T10:10:01.407+0000] {subprocess.py:93} INFO - [Errno 5] Input/output error: '/opt/***/proj/dbt_packages/dbt_expectations/macros/schema_tests/multi-column/expect_column_pair_values_to_be_in_set.sql'
[2024-04-01T10:10:01.468+0000] {subprocess.py:93} INFO - [0m10:10:01  Traceback (most recent call last):
[2024-04-01T10:10:01.473+0000] {subprocess.py:93} INFO -   File "/home/***/.local/lib/python3.8/site-packages/dbt/cli/requires.py", line 91, in wrapper
[2024-04-01T10:10:01.474+0000] {subprocess.py:93} INFO -     result, success = func(*args, **kwargs)
[2024-04-01T10:10:01.475+0000] {subprocess.py:93} INFO -   File "/home/***/.local/lib/python3.8/site-packages/dbt/cli/requires.py", line 76, in wrapper
[2024-04-01T10:10:01.511+0000] {subprocess.py:93} INFO -     return func(*args, **kwargs)
[2024-04-01T10:10:01.526+0000] {subprocess.py:93} INFO -   File "/home/***/.local/lib/python3.8/site-packages/dbt/cli/requires.py", line 169, in wrapper
[2024-04-01T10:10:01.527+0000] {subprocess.py:93} INFO -     return func(*args, **kwargs)
[2024-04-01T10:10:01.558+0000] {subprocess.py:93} INFO -   File "/home/***/.local/lib/python3.8/site-packages/dbt/cli/requires.py", line 198, in wrapper
[2024-04-01T10:10:01.559+0000] {subprocess.py:93} INFO -     return func(*args, **kwargs)
[2024-04-01T10:10:01.560+0000] {subprocess.py:93} INFO -   File "/home/***/.local/lib/python3.8/site-packages/dbt/cli/requires.py", line 245, in wrapper
[2024-04-01T10:10:01.561+0000] {subprocess.py:93} INFO -     return func(*args, **kwargs)
[2024-04-01T10:10:01.567+0000] {subprocess.py:93} INFO -   File "/home/***/.local/lib/python3.8/site-packages/dbt/cli/requires.py", line 271, in wrapper
[2024-04-01T10:10:01.568+0000] {subprocess.py:93} INFO -     ctx.obj["manifest"] = parse_manifest(
[2024-04-01T10:10:01.569+0000] {subprocess.py:93} INFO -   File "/home/***/.local/lib/python3.8/site-packages/dbt/parser/manifest.py", line 1798, in parse_manifest
[2024-04-01T10:10:01.573+0000] {subprocess.py:93} INFO -     manifest = ManifestLoader.get_full_manifest(
[2024-04-01T10:10:01.574+0000] {subprocess.py:93} INFO -   File "/home/***/.local/lib/python3.8/site-packages/dbt/parser/manifest.py", line 318, in get_full_manifest
[2024-04-01T10:10:01.575+0000] {subprocess.py:93} INFO -     manifest = loader.load()
[2024-04-01T10:10:01.615+0000] {subprocess.py:93} INFO -   File "/home/***/.local/lib/python3.8/site-packages/dbt/parser/manifest.py", line 365, in load
[2024-04-01T10:10:01.628+0000] {subprocess.py:93} INFO -     file_reader.read_files()
[2024-04-01T10:10:01.641+0000] {subprocess.py:93} INFO -   File "/home/***/.local/lib/python3.8/site-packages/dbt/parser/read_files.py", line 203, in read_files
[2024-04-01T10:10:01.642+0000] {subprocess.py:93} INFO -     self.read_files_for_project(project, file_types)
[2024-04-01T10:10:01.644+0000] {subprocess.py:93} INFO -   File "/home/***/.local/lib/python3.8/site-packages/dbt/parser/read_files.py", line 210, in read_files_for_project
[2024-04-01T10:10:01.646+0000] {subprocess.py:93} INFO -     project_files[file_type_info["parser"]] = read_files_for_parser(
[2024-04-01T10:10:01.647+0000] {subprocess.py:93} INFO -   File "/home/***/.local/lib/python3.8/site-packages/dbt/parser/read_files.py", line 158, in read_files_for_parser
[2024-04-01T10:10:01.648+0000] {subprocess.py:93} INFO -     source_files = get_source_files(
[2024-04-01T10:10:01.649+0000] {subprocess.py:93} INFO -   File "/home/***/.local/lib/python3.8/site-packages/dbt/parser/read_files.py", line 134, in get_source_files
[2024-04-01T10:10:01.650+0000] {subprocess.py:93} INFO -     fp_list = filesystem_search(project, paths, extension, ignore_spec)
[2024-04-01T10:10:01.652+0000] {subprocess.py:93} INFO -   File "/home/***/.local/lib/python3.8/site-packages/dbt/parser/search.py", line 74, in filesystem_search
[2024-04-01T10:10:01.653+0000] {subprocess.py:93} INFO -     for result in find_matching(root, relative_dirs, ext, ignore_spec):
[2024-04-01T10:10:01.654+0000] {subprocess.py:93} INFO -   File "/home/***/.local/lib/python3.8/site-packages/dbt/clients/system.py", line 79, in find_matching
[2024-04-01T10:10:01.666+0000] {subprocess.py:93} INFO -     modification_time = os.path.getmtime(absolute_path)
[2024-04-01T10:10:01.667+0000] {subprocess.py:93} INFO -   File "/usr/local/lib/python3.8/genericpath.py", line 55, in getmtime
[2024-04-01T10:10:01.668+0000] {subprocess.py:93} INFO -     return os.stat(filename).st_mtime
[2024-04-01T10:10:01.701+0000] {subprocess.py:93} INFO - OSError: [Errno 5] Input/output error: '/opt/***/proj/dbt_packages/dbt_expectations/macros/schema_tests/multi-column/expect_column_pair_values_to_be_in_set.sql'
[2024-04-01T10:10:01.705+0000] {subprocess.py:93} INFO - 
[2024-04-01T10:10:04.880+0000] {subprocess.py:97} INFO - Command exited with return code 2
[2024-04-01T10:10:04.911+0000] {taskinstance.py:2698} ERROR - Task failed with exception
Traceback (most recent call last):
  File "/home/airflow/.local/lib/python3.8/site-packages/airflow/models/taskinstance.py", line 433, in _execute_task
    result = execute_callable(context=context, **execute_callable_kwargs)
  File "/home/airflow/.local/lib/python3.8/site-packages/airflow/operators/bash.py", line 212, in execute
    raise AirflowException(
airflow.exceptions.AirflowException: Bash command failed. The command returned a non-zero exit code 2.
[2024-04-01T10:10:04.937+0000] {taskinstance.py:1138} INFO - Marking task as UP_FOR_RETRY. dag_id=freshness___dbt, task_id=run_model1, execution_date=20240401T100925, start_date=20240401T100930, end_date=20240401T101004
[2024-04-01T10:10:05.029+0000] {standard_task_runner.py:107} ERROR - Failed to execute job 207 for task run_model1 (Bash command failed. The command returned a non-zero exit code 2.; 1459)
[2024-04-01T10:10:05.150+0000] {local_task_job_runner.py:234} INFO - Task exited with return code 1
[2024-04-01T10:10:05.212+0000] {taskinstance.py:3280} INFO - 0 downstream tasks scheduled from follow-on schedule check
