[2024-04-01T09:58:18.311+0000] {taskinstance.py:1956} INFO - Dependencies all met for dep_context=non-requeueable deps ti=<TaskInstance: dag___dbt.dbt_freshness_check scheduled__2024-03-30T09:00:00+00:00 [queued]>
[2024-04-01T09:58:18.367+0000] {taskinstance.py:1956} INFO - Dependencies all met for dep_context=requeueable deps ti=<TaskInstance: dag___dbt.dbt_freshness_check scheduled__2024-03-30T09:00:00+00:00 [queued]>
[2024-04-01T09:58:18.369+0000] {taskinstance.py:2170} INFO - Starting attempt 2 of 2
[2024-04-01T09:58:18.559+0000] {taskinstance.py:2191} INFO - Executing <Task(BashOperator): dbt_freshness_check> on 2024-03-30 09:00:00+00:00
[2024-04-01T09:58:18.592+0000] {standard_task_runner.py:60} INFO - Started process 771 to run task
[2024-04-01T09:58:18.629+0000] {standard_task_runner.py:87} INFO - Running: ['***', 'tasks', 'run', 'dag___dbt', 'dbt_freshness_check', 'scheduled__2024-03-30T09:00:00+00:00', '--job-id', '132', '--raw', '--subdir', 'DAGS_FOLDER/freshness_test_dag.py', '--cfg-path', '/tmp/tmpr4gyx9ob']
[2024-04-01T09:58:18.636+0000] {standard_task_runner.py:88} INFO - Job 132: Subtask dbt_freshness_check
[2024-04-01T09:58:18.872+0000] {task_command.py:423} INFO - Running <TaskInstance: dag___dbt.dbt_freshness_check scheduled__2024-03-30T09:00:00+00:00 [running]> on host 62dc842f1ceb
[2024-04-01T09:58:19.241+0000] {taskinstance.py:2480} INFO - Exporting env vars: AIRFLOW_CTX_DAG_OWNER='***' AIRFLOW_CTX_DAG_ID='dag___dbt' AIRFLOW_CTX_TASK_ID='dbt_freshness_check' AIRFLOW_CTX_EXECUTION_DATE='2024-03-30T09:00:00+00:00' AIRFLOW_CTX_TRY_NUMBER='2' AIRFLOW_CTX_DAG_RUN_ID='scheduled__2024-03-30T09:00:00+00:00'
[2024-04-01T09:58:19.301+0000] {subprocess.py:63} INFO - Tmp dir root location: /tmp
[2024-04-01T09:58:19.304+0000] {subprocess.py:75} INFO - Running command: ['/usr/bin/bash', '-c', '/home/***/.local/bin/dbt source freshness --profiles-dir /home/***/.dbt --project-dir /opt/***/proj']
[2024-04-01T09:58:19.374+0000] {subprocess.py:86} INFO - Output:
[2024-04-01T09:58:41.875+0000] {subprocess.py:93} INFO - [0m09:58:41  Running with dbt=1.7.10
[2024-04-01T09:58:44.746+0000] {subprocess.py:93} INFO - [0m09:58:44  Registered adapter: postgres=1.7.10
[2024-04-01T09:58:48.368+0000] {subprocess.py:93} INFO - [0m09:58:48  Encountered an error:
[2024-04-01T09:58:48.369+0000] {subprocess.py:93} INFO - [Errno 5] Input/output error: '/opt/***/proj/dbt_packages/dbt_expectations/macros/schema_tests/multi-column/expect_select_column_values_to_be_unique_within_record.sql'
[2024-04-01T09:58:48.383+0000] {subprocess.py:93} INFO - [0m09:58:48  Traceback (most recent call last):
[2024-04-01T09:58:48.385+0000] {subprocess.py:93} INFO -   File "/home/***/.local/lib/python3.8/site-packages/dbt/cli/requires.py", line 91, in wrapper
[2024-04-01T09:58:48.386+0000] {subprocess.py:93} INFO -     result, success = func(*args, **kwargs)
[2024-04-01T09:58:48.387+0000] {subprocess.py:93} INFO -   File "/home/***/.local/lib/python3.8/site-packages/dbt/cli/requires.py", line 76, in wrapper
[2024-04-01T09:58:48.389+0000] {subprocess.py:93} INFO -     return func(*args, **kwargs)
[2024-04-01T09:58:48.390+0000] {subprocess.py:93} INFO -   File "/home/***/.local/lib/python3.8/site-packages/dbt/cli/requires.py", line 169, in wrapper
[2024-04-01T09:58:48.392+0000] {subprocess.py:93} INFO -     return func(*args, **kwargs)
[2024-04-01T09:58:48.393+0000] {subprocess.py:93} INFO -   File "/home/***/.local/lib/python3.8/site-packages/dbt/cli/requires.py", line 198, in wrapper
[2024-04-01T09:58:48.395+0000] {subprocess.py:93} INFO -     return func(*args, **kwargs)
[2024-04-01T09:58:48.397+0000] {subprocess.py:93} INFO -   File "/home/***/.local/lib/python3.8/site-packages/dbt/cli/requires.py", line 245, in wrapper
[2024-04-01T09:58:48.399+0000] {subprocess.py:93} INFO -     return func(*args, **kwargs)
[2024-04-01T09:58:48.403+0000] {subprocess.py:93} INFO -   File "/home/***/.local/lib/python3.8/site-packages/dbt/cli/requires.py", line 271, in wrapper
[2024-04-01T09:58:48.405+0000] {subprocess.py:93} INFO -     ctx.obj["manifest"] = parse_manifest(
[2024-04-01T09:58:48.406+0000] {subprocess.py:93} INFO -   File "/home/***/.local/lib/python3.8/site-packages/dbt/parser/manifest.py", line 1798, in parse_manifest
[2024-04-01T09:58:48.408+0000] {subprocess.py:93} INFO -     manifest = ManifestLoader.get_full_manifest(
[2024-04-01T09:58:48.409+0000] {subprocess.py:93} INFO -   File "/home/***/.local/lib/python3.8/site-packages/dbt/parser/manifest.py", line 318, in get_full_manifest
[2024-04-01T09:58:48.412+0000] {subprocess.py:93} INFO -     manifest = loader.load()
[2024-04-01T09:58:48.413+0000] {subprocess.py:93} INFO -   File "/home/***/.local/lib/python3.8/site-packages/dbt/parser/manifest.py", line 365, in load
[2024-04-01T09:58:48.415+0000] {subprocess.py:93} INFO -     file_reader.read_files()
[2024-04-01T09:58:48.416+0000] {subprocess.py:93} INFO -   File "/home/***/.local/lib/python3.8/site-packages/dbt/parser/read_files.py", line 203, in read_files
[2024-04-01T09:58:48.420+0000] {subprocess.py:93} INFO -     self.read_files_for_project(project, file_types)
[2024-04-01T09:58:48.422+0000] {subprocess.py:93} INFO -   File "/home/***/.local/lib/python3.8/site-packages/dbt/parser/read_files.py", line 210, in read_files_for_project
[2024-04-01T09:58:48.424+0000] {subprocess.py:93} INFO -     project_files[file_type_info["parser"]] = read_files_for_parser(
[2024-04-01T09:58:48.425+0000] {subprocess.py:93} INFO -   File "/home/***/.local/lib/python3.8/site-packages/dbt/parser/read_files.py", line 158, in read_files_for_parser
[2024-04-01T09:58:48.427+0000] {subprocess.py:93} INFO -     source_files = get_source_files(
[2024-04-01T09:58:48.428+0000] {subprocess.py:93} INFO -   File "/home/***/.local/lib/python3.8/site-packages/dbt/parser/read_files.py", line 147, in get_source_files
[2024-04-01T09:58:48.430+0000] {subprocess.py:93} INFO -     file = load_source_file(fp, parse_file_type, project.project_name, saved_files)
[2024-04-01T09:58:48.432+0000] {subprocess.py:93} INFO -   File "/home/***/.local/lib/python3.8/site-packages/dbt/parser/read_files.py", line 75, in load_source_file
[2024-04-01T09:58:48.433+0000] {subprocess.py:93} INFO -     file_contents = load_file_contents(path.absolute_path, strip=True)
[2024-04-01T09:58:48.434+0000] {subprocess.py:93} INFO -   File "/home/***/.local/lib/python3.8/site-packages/dbt/clients/system.py", line 97, in load_file_contents
[2024-04-01T09:58:48.436+0000] {subprocess.py:93} INFO -     with open(path, "rb") as handle:
[2024-04-01T09:58:48.438+0000] {subprocess.py:93} INFO - OSError: [Errno 5] Input/output error: '/opt/***/proj/dbt_packages/dbt_expectations/macros/schema_tests/multi-column/expect_select_column_values_to_be_unique_within_record.sql'
[2024-04-01T09:58:48.440+0000] {subprocess.py:93} INFO - 
[2024-04-01T09:58:49.990+0000] {subprocess.py:97} INFO - Command exited with return code 2
[2024-04-01T09:58:50.034+0000] {taskinstance.py:2698} ERROR - Task failed with exception
Traceback (most recent call last):
  File "/home/airflow/.local/lib/python3.8/site-packages/airflow/models/taskinstance.py", line 433, in _execute_task
    result = execute_callable(context=context, **execute_callable_kwargs)
  File "/home/airflow/.local/lib/python3.8/site-packages/airflow/operators/bash.py", line 212, in execute
    raise AirflowException(
airflow.exceptions.AirflowException: Bash command failed. The command returned a non-zero exit code 2.
[2024-04-01T09:58:50.053+0000] {taskinstance.py:1138} INFO - Marking task as FAILED. dag_id=dag___dbt, task_id=dbt_freshness_check, execution_date=20240330T090000, start_date=20240401T095818, end_date=20240401T095850
[2024-04-01T09:58:50.098+0000] {standard_task_runner.py:107} ERROR - Failed to execute job 132 for task dbt_freshness_check (Bash command failed. The command returned a non-zero exit code 2.; 771)
[2024-04-01T09:58:50.124+0000] {local_task_job_runner.py:234} INFO - Task exited with return code 1
[2024-04-01T09:58:50.188+0000] {taskinstance.py:3280} INFO - 0 downstream tasks scheduled from follow-on schedule check
