[2024-04-01T09:53:17.271+0000] {taskinstance.py:1956} INFO - Dependencies all met for dep_context=non-requeueable deps ti=<TaskInstance: dag___dbt.dbt_data_quality_checks scheduled__2024-03-31T00:00:00+00:00 [queued]>
[2024-04-01T09:53:17.292+0000] {taskinstance.py:1956} INFO - Dependencies all met for dep_context=requeueable deps ti=<TaskInstance: dag___dbt.dbt_data_quality_checks scheduled__2024-03-31T00:00:00+00:00 [queued]>
[2024-04-01T09:53:17.293+0000] {taskinstance.py:2170} INFO - Starting attempt 2 of 2
[2024-04-01T09:53:17.328+0000] {taskinstance.py:2191} INFO - Executing <Task(BashOperator): dbt_data_quality_checks> on 2024-03-31 00:00:00+00:00
[2024-04-01T09:53:17.338+0000] {standard_task_runner.py:60} INFO - Started process 444 to run task
[2024-04-01T09:53:17.345+0000] {standard_task_runner.py:87} INFO - Running: ['***', 'tasks', 'run', 'dag___dbt', 'dbt_data_quality_checks', 'scheduled__2024-03-31T00:00:00+00:00', '--job-id', '101', '--raw', '--subdir', 'DAGS_FOLDER/dbt_dag.py', '--cfg-path', '/tmp/tmpzddz7x4u']
[2024-04-01T09:53:17.350+0000] {standard_task_runner.py:88} INFO - Job 101: Subtask dbt_data_quality_checks
[2024-04-01T09:53:17.452+0000] {task_command.py:423} INFO - Running <TaskInstance: dag___dbt.dbt_data_quality_checks scheduled__2024-03-31T00:00:00+00:00 [running]> on host 62dc842f1ceb
[2024-04-01T09:53:17.624+0000] {taskinstance.py:2480} INFO - Exporting env vars: AIRFLOW_CTX_DAG_OWNER='***' AIRFLOW_CTX_DAG_ID='dag___dbt' AIRFLOW_CTX_TASK_ID='dbt_data_quality_checks' AIRFLOW_CTX_EXECUTION_DATE='2024-03-31T00:00:00+00:00' AIRFLOW_CTX_TRY_NUMBER='2' AIRFLOW_CTX_DAG_RUN_ID='scheduled__2024-03-31T00:00:00+00:00'
[2024-04-01T09:53:17.629+0000] {subprocess.py:63} INFO - Tmp dir root location: /tmp
[2024-04-01T09:53:17.631+0000] {subprocess.py:75} INFO - Running command: ['/usr/bin/bash', '-c', '/home/***/.local/bin/dbt test --profiles-dir /home/***/.dbt --project-dir /opt/***/proj']
[2024-04-01T09:53:17.669+0000] {subprocess.py:86} INFO - Output:
[2024-04-01T09:53:32.739+0000] {subprocess.py:93} INFO - [0m09:53:32  Running with dbt=1.7.10
[2024-04-01T09:53:35.670+0000] {subprocess.py:93} INFO - [0m09:53:35  Registered adapter: postgres=1.7.10
[2024-04-01T09:54:07.643+0000] {subprocess.py:93} INFO - [0m09:54:07  Found 34 models, 2 operations, 5 tests, 1 source, 0 exposures, 0 metrics, 1407 macros, 0 groups, 0 semantic models
[2024-04-01T09:54:07.823+0000] {subprocess.py:93} INFO - [0m09:54:07
[2024-04-01T09:54:10.418+0000] {subprocess.py:93} INFO - [0m09:54:10
[2024-04-01T09:54:10.453+0000] {subprocess.py:93} INFO - [0m09:54:10  Running 1 on-run-start hook
[2024-04-01T09:54:11.132+0000] {subprocess.py:93} INFO - [0m09:54:11  1 of 1 START hook: elementary.on-run-start.0 ................................... [RUN]
[2024-04-01T09:54:11.154+0000] {subprocess.py:93} INFO - [0m09:54:11  1 of 1 OK hook: elementary.on-run-start.0 ...................................... [[32mOK[0m in 0.00s]
[2024-04-01T09:54:11.161+0000] {subprocess.py:93} INFO - [0m09:54:11
[2024-04-01T09:54:11.280+0000] {subprocess.py:93} INFO - [0m09:54:11  Concurrency: 1 threads (target='dev')
[2024-04-01T09:54:11.307+0000] {subprocess.py:93} INFO - [0m09:54:11
[2024-04-01T09:54:11.459+0000] {subprocess.py:93} INFO - [0m09:54:11  1 of 5 START test elementary_freshness_anomalies_raw_orders_creation_date ...... [RUN]
[2024-04-01T09:54:17.851+0000] {subprocess.py:93} INFO - [0m09:54:17  Elementary: Started running data monitors on: POSTGRES.PUBLIC.RAW_ORDERS
[2024-04-01T09:54:21.997+0000] {subprocess.py:93} INFO - [0m09:54:21  Elementary: Finished running data monitors on: POSTGRES.PUBLIC.RAW_ORDERS
[2024-04-01T09:54:27.442+0000] {subprocess.py:93} INFO - [0m09:54:27  [31mUnhandled error while executing target/run/proj/models/example/schema.yml/elementary_freshness_anomalies_raw_orders_creation_date.sql[0m
[2024-04-01T09:54:27.447+0000] {subprocess.py:93} INFO - [Errno 5] Input/output error: '/opt/***/proj/target/run/proj/models/example/schema.yml'
[2024-04-01T09:54:27.616+0000] {subprocess.py:93} INFO - [0m09:54:27  1 of 5 ERROR elementary_freshness_anomalies_raw_orders_creation_date ........... [[31mERROR[0m in 16.14s]
[2024-04-01T09:54:27.681+0000] {subprocess.py:93} INFO - [0m09:54:27  2 of 5 START test not_null_my_second_dbt_model_id .............................. [RUN]
[2024-04-01T09:54:27.857+0000] {subprocess.py:93} INFO - [0m09:54:27  [31mUnhandled error while executing [0m
[2024-04-01T09:54:27.858+0000] {subprocess.py:93} INFO - [Errno 5] Input/output error: '/opt/***/proj/target/compiled/proj/models/example/schema.yml'
[2024-04-01T09:54:27.899+0000] {subprocess.py:93} INFO - [0m09:54:27  2 of 5 ERROR not_null_my_second_dbt_model_id ................................... [[31mERROR[0m in 0.21s]
[2024-04-01T09:54:27.930+0000] {subprocess.py:93} INFO - [0m09:54:27  3 of 5 START test not_null_raw_orders_creation_date ............................ [RUN]
[2024-04-01T09:54:28.088+0000] {subprocess.py:93} INFO - [0m09:54:28  [31mUnhandled error while executing [0m
[2024-04-01T09:54:28.116+0000] {subprocess.py:93} INFO - [Errno 5] Input/output error: '/opt/***/proj/target/compiled/proj/models/example/schema.yml'
[2024-04-01T09:54:28.179+0000] {subprocess.py:93} INFO - [0m09:54:28  3 of 5 ERROR not_null_raw_orders_creation_date ................................. [[31mERROR[0m in 0.22s]
[2024-04-01T09:54:28.217+0000] {subprocess.py:93} INFO - [0m09:54:28  4 of 5 START test unique_my_first_dbt_model_id ................................. [RUN]
[2024-04-01T09:54:28.344+0000] {subprocess.py:93} INFO - [0m09:54:28  [31mUnhandled error while executing [0m
[2024-04-01T09:54:28.346+0000] {subprocess.py:93} INFO - [Errno 5] Input/output error: '/opt/***/proj/target/compiled/proj/models/example/schema.yml'
[2024-04-01T09:54:28.380+0000] {subprocess.py:93} INFO - [0m09:54:28  4 of 5 ERROR unique_my_first_dbt_model_id ...................................... [[31mERROR[0m in 0.13s]
[2024-04-01T09:54:28.396+0000] {subprocess.py:93} INFO - [0m09:54:28  5 of 5 START test unique_my_second_dbt_model_id ................................ [RUN]
[2024-04-01T09:54:28.607+0000] {subprocess.py:93} INFO - [0m09:54:28  [31mUnhandled error while executing [0m
[2024-04-01T09:54:28.613+0000] {subprocess.py:93} INFO - [Errno 5] Input/output error: '/opt/***/proj/target/compiled/proj/models/example/schema.yml'
[2024-04-01T09:54:28.639+0000] {subprocess.py:93} INFO - [0m09:54:28  5 of 5 ERROR unique_my_second_dbt_model_id ..................................... [[31mERROR[0m in 0.23s]
[2024-04-01T09:54:44.987+0000] {job.py:213} ERROR - Job heartbeat got an exception
Traceback (most recent call last):
  File "/home/airflow/.local/lib/python3.8/site-packages/sqlalchemy/engine/base.py", line 3371, in _wrap_pool_connect
    return fn()
  File "/home/airflow/.local/lib/python3.8/site-packages/sqlalchemy/pool/base.py", line 327, in connect
    return _ConnectionFairy._checkout(self)
  File "/home/airflow/.local/lib/python3.8/site-packages/sqlalchemy/pool/base.py", line 894, in _checkout
    fairy = _ConnectionRecord.checkout(pool)
  File "/home/airflow/.local/lib/python3.8/site-packages/sqlalchemy/pool/base.py", line 493, in checkout
    rec = pool._do_get()
  File "/home/airflow/.local/lib/python3.8/site-packages/sqlalchemy/pool/impl.py", line 256, in _do_get
    return self._create_connection()
  File "/home/airflow/.local/lib/python3.8/site-packages/sqlalchemy/pool/base.py", line 273, in _create_connection
    return _ConnectionRecord(self)
  File "/home/airflow/.local/lib/python3.8/site-packages/sqlalchemy/pool/base.py", line 388, in __init__
    self.__connect()
  File "/home/airflow/.local/lib/python3.8/site-packages/sqlalchemy/pool/base.py", line 691, in __connect
    pool.logger.debug("Error on connect(): %s", e)
  File "/home/airflow/.local/lib/python3.8/site-packages/sqlalchemy/util/langhelpers.py", line 70, in __exit__
    compat.raise_(
  File "/home/airflow/.local/lib/python3.8/site-packages/sqlalchemy/util/compat.py", line 211, in raise_
    raise exception
  File "/home/airflow/.local/lib/python3.8/site-packages/sqlalchemy/pool/base.py", line 686, in __connect
    self.dbapi_connection = connection = pool._invoke_creator(self)
  File "/home/airflow/.local/lib/python3.8/site-packages/sqlalchemy/engine/create.py", line 574, in connect
    return dialect.connect(*cargs, **cparams)
  File "/home/airflow/.local/lib/python3.8/site-packages/sqlalchemy/engine/default.py", line 598, in connect
    return self.dbapi.connect(*cargs, **cparams)
  File "/home/airflow/.local/lib/python3.8/site-packages/psycopg2/__init__.py", line 122, in connect
    conn = _connect(dsn, connection_factory=connection_factory, **kwasync)
psycopg2.OperationalError: could not translate host name "postgres" to address: Temporary failure in name resolution


The above exception was the direct cause of the following exception:

Traceback (most recent call last):
  File "/home/airflow/.local/lib/python3.8/site-packages/airflow/jobs/job.py", line 187, in heartbeat
    self._merge_from(Job._fetch_from_db(self, session))
  File "/home/airflow/.local/lib/python3.8/site-packages/airflow/api_internal/internal_api_call.py", line 114, in wrapper
    return func(*args, **kwargs)
  File "/home/airflow/.local/lib/python3.8/site-packages/airflow/utils/session.py", line 76, in wrapper
    return func(*args, **kwargs)
  File "/home/airflow/.local/lib/python3.8/site-packages/airflow/jobs/job.py", line 308, in _fetch_from_db
    session.merge(job)
  File "/home/airflow/.local/lib/python3.8/site-packages/sqlalchemy/orm/session.py", line 3056, in merge
    return self._merge(
  File "/home/airflow/.local/lib/python3.8/site-packages/sqlalchemy/orm/session.py", line 3136, in _merge
    merged = self.get(
  File "/home/airflow/.local/lib/python3.8/site-packages/sqlalchemy/orm/session.py", line 2853, in get
    return self._get_impl(
  File "/home/airflow/.local/lib/python3.8/site-packages/sqlalchemy/orm/session.py", line 2975, in _get_impl
    return db_load_fn(
  File "/home/airflow/.local/lib/python3.8/site-packages/sqlalchemy/orm/loading.py", line 530, in load_on_pk_identity
    session.execute(
  File "/home/airflow/.local/lib/python3.8/site-packages/sqlalchemy/orm/session.py", line 1716, in execute
    conn = self._connection_for_bind(bind)
  File "/home/airflow/.local/lib/python3.8/site-packages/sqlalchemy/orm/session.py", line 1555, in _connection_for_bind
    return self._transaction._connection_for_bind(
  File "/home/airflow/.local/lib/python3.8/site-packages/sqlalchemy/orm/session.py", line 750, in _connection_for_bind
    conn = bind.connect()
  File "/home/airflow/.local/lib/python3.8/site-packages/sqlalchemy/future/engine.py", line 412, in connect
    return super(Engine, self).connect()
  File "/home/airflow/.local/lib/python3.8/site-packages/sqlalchemy/engine/base.py", line 3325, in connect
    return self._connection_cls(self, close_with_result=close_with_result)
  File "/home/airflow/.local/lib/python3.8/site-packages/sqlalchemy/engine/base.py", line 96, in __init__
    else engine.raw_connection()
  File "/home/airflow/.local/lib/python3.8/site-packages/sqlalchemy/engine/base.py", line 3404, in raw_connection
    return self._wrap_pool_connect(self.pool.connect, _connection)
  File "/home/airflow/.local/lib/python3.8/site-packages/sqlalchemy/engine/base.py", line 3374, in _wrap_pool_connect
    Connection._handle_dbapi_exception_noconnection(
  File "/home/airflow/.local/lib/python3.8/site-packages/sqlalchemy/engine/base.py", line 2208, in _handle_dbapi_exception_noconnection
    util.raise_(
  File "/home/airflow/.local/lib/python3.8/site-packages/sqlalchemy/util/compat.py", line 211, in raise_
    raise exception
  File "/home/airflow/.local/lib/python3.8/site-packages/sqlalchemy/engine/base.py", line 3371, in _wrap_pool_connect
    return fn()
  File "/home/airflow/.local/lib/python3.8/site-packages/sqlalchemy/pool/base.py", line 327, in connect
    return _ConnectionFairy._checkout(self)
  File "/home/airflow/.local/lib/python3.8/site-packages/sqlalchemy/pool/base.py", line 894, in _checkout
    fairy = _ConnectionRecord.checkout(pool)
  File "/home/airflow/.local/lib/python3.8/site-packages/sqlalchemy/pool/base.py", line 493, in checkout
    rec = pool._do_get()
  File "/home/airflow/.local/lib/python3.8/site-packages/sqlalchemy/pool/impl.py", line 256, in _do_get
    return self._create_connection()
  File "/home/airflow/.local/lib/python3.8/site-packages/sqlalchemy/pool/base.py", line 273, in _create_connection
    return _ConnectionRecord(self)
  File "/home/airflow/.local/lib/python3.8/site-packages/sqlalchemy/pool/base.py", line 388, in __init__
    self.__connect()
  File "/home/airflow/.local/lib/python3.8/site-packages/sqlalchemy/pool/base.py", line 691, in __connect
    pool.logger.debug("Error on connect(): %s", e)
  File "/home/airflow/.local/lib/python3.8/site-packages/sqlalchemy/util/langhelpers.py", line 70, in __exit__
    compat.raise_(
  File "/home/airflow/.local/lib/python3.8/site-packages/sqlalchemy/util/compat.py", line 211, in raise_
    raise exception
  File "/home/airflow/.local/lib/python3.8/site-packages/sqlalchemy/pool/base.py", line 686, in __connect
    self.dbapi_connection = connection = pool._invoke_creator(self)
  File "/home/airflow/.local/lib/python3.8/site-packages/sqlalchemy/engine/create.py", line 574, in connect
    return dialect.connect(*cargs, **cparams)
  File "/home/airflow/.local/lib/python3.8/site-packages/sqlalchemy/engine/default.py", line 598, in connect
    return self.dbapi.connect(*cargs, **cparams)
  File "/home/airflow/.local/lib/python3.8/site-packages/psycopg2/__init__.py", line 122, in connect
    conn = _connect(dsn, connection_factory=connection_factory, **kwasync)
sqlalchemy.exc.OperationalError: (psycopg2.OperationalError) could not translate host name "postgres" to address: Temporary failure in name resolution

(Background on this error at: https://sqlalche.me/e/14/e3q8)
[2024-04-01T09:54:45.257+0000] {job.py:221} ERROR - Job heartbeat failed with error. Scheduler is in unhealthy state
[2024-04-01T09:54:53.502+0000] {subprocess.py:93} INFO - [0m09:54:53  Database error while running on-run-end
[2024-04-01T09:54:53.534+0000] {subprocess.py:93} INFO - [0m09:54:53
[2024-04-01T09:54:53.549+0000] {subprocess.py:93} INFO - [0m09:54:53  Finished running 5 tests, 1 hook in 0 hours 0 minutes and 45.66 seconds (45.66s).
[2024-04-01T09:54:53.859+0000] {subprocess.py:93} INFO - [0m09:54:53  Encountered an error:
[2024-04-01T09:54:53.879+0000] {subprocess.py:93} INFO - [Errno 5] Input/output error: '/opt/***/proj/target/manifest.json'
[2024-04-01T09:54:53.894+0000] {subprocess.py:93} INFO - [0m09:54:53  Traceback (most recent call last):
[2024-04-01T09:54:53.896+0000] {subprocess.py:93} INFO -   File "/home/***/.local/lib/python3.8/site-packages/dbt/cli/requires.py", line 91, in wrapper
[2024-04-01T09:54:53.897+0000] {subprocess.py:93} INFO -     result, success = func(*args, **kwargs)
[2024-04-01T09:54:53.899+0000] {subprocess.py:93} INFO -   File "/home/***/.local/lib/python3.8/site-packages/dbt/cli/requires.py", line 76, in wrapper
[2024-04-01T09:54:53.901+0000] {subprocess.py:93} INFO -     return func(*args, **kwargs)
[2024-04-01T09:54:53.904+0000] {subprocess.py:93} INFO -   File "/home/***/.local/lib/python3.8/site-packages/dbt/cli/requires.py", line 169, in wrapper
[2024-04-01T09:54:53.905+0000] {subprocess.py:93} INFO -     return func(*args, **kwargs)
[2024-04-01T09:54:53.907+0000] {subprocess.py:93} INFO -   File "/home/***/.local/lib/python3.8/site-packages/dbt/cli/requires.py", line 198, in wrapper
[2024-04-01T09:54:53.908+0000] {subprocess.py:93} INFO -     return func(*args, **kwargs)
[2024-04-01T09:54:53.908+0000] {subprocess.py:93} INFO -   File "/home/***/.local/lib/python3.8/site-packages/dbt/cli/requires.py", line 245, in wrapper
[2024-04-01T09:54:53.910+0000] {subprocess.py:93} INFO -     return func(*args, **kwargs)
[2024-04-01T09:54:53.911+0000] {subprocess.py:93} INFO -   File "/home/***/.local/lib/python3.8/site-packages/dbt/cli/requires.py", line 278, in wrapper
[2024-04-01T09:54:53.912+0000] {subprocess.py:93} INFO -     return func(*args, **kwargs)
[2024-04-01T09:54:53.913+0000] {subprocess.py:93} INFO -   File "/home/***/.local/lib/python3.8/site-packages/dbt/cli/main.py", line 895, in test
[2024-04-01T09:54:53.914+0000] {subprocess.py:93} INFO -     results = task.run()
[2024-04-01T09:54:53.915+0000] {subprocess.py:93} INFO -   File "/home/***/.local/lib/python3.8/site-packages/dbt/task/runnable.py", line 489, in run
[2024-04-01T09:54:53.917+0000] {subprocess.py:93} INFO -     write_manifest(self.manifest, self.config.project_target_path)
[2024-04-01T09:54:53.922+0000] {subprocess.py:93} INFO -   File "/home/***/.local/lib/python3.8/site-packages/dbt/parser/manifest.py", line 1791, in write_manifest
[2024-04-01T09:54:53.923+0000] {subprocess.py:93} INFO -     manifest.write(path)
[2024-04-01T09:54:53.925+0000] {subprocess.py:93} INFO -   File "/home/***/.local/lib/python3.8/site-packages/dbt/contracts/graph/manifest.py", line 1037, in write
[2024-04-01T09:54:53.926+0000] {subprocess.py:93} INFO -     self.writable_manifest().write(path)
[2024-04-01T09:54:53.927+0000] {subprocess.py:93} INFO -   File "/home/***/.local/lib/python3.8/site-packages/dbt/contracts/util.py", line 67, in write
[2024-04-01T09:54:53.929+0000] {subprocess.py:93} INFO -     write_json(path, self.to_dict(omit_none=False))  # type: ignore
[2024-04-01T09:54:53.932+0000] {subprocess.py:93} INFO -   File "/home/***/.local/lib/python3.8/site-packages/dbt/clients/system.py", line 200, in write_json
[2024-04-01T09:54:53.934+0000] {subprocess.py:93} INFO -     return write_file(path, json.dumps(data, cls=dbt.utils.JSONEncoder))
[2024-04-01T09:54:53.943+0000] {subprocess.py:93} INFO -   File "/home/***/.local/lib/python3.8/site-packages/dbt/clients/system.py", line 169, in write_file
[2024-04-01T09:54:53.944+0000] {subprocess.py:93} INFO -     with open(path, "w", encoding="utf-8") as f:
[2024-04-01T09:54:53.946+0000] {subprocess.py:93} INFO - OSError: [Errno 5] Input/output error: '/opt/***/proj/target/manifest.json'
[2024-04-01T09:54:53.954+0000] {subprocess.py:93} INFO - 
[2024-04-01T09:55:01.210+0000] {subprocess.py:97} INFO - Command exited with return code 2
[2024-04-01T09:55:01.261+0000] {taskinstance.py:2698} ERROR - Task failed with exception
Traceback (most recent call last):
  File "/home/airflow/.local/lib/python3.8/site-packages/airflow/models/taskinstance.py", line 433, in _execute_task
    result = execute_callable(context=context, **execute_callable_kwargs)
  File "/home/airflow/.local/lib/python3.8/site-packages/airflow/operators/bash.py", line 212, in execute
    raise AirflowException(
airflow.exceptions.AirflowException: Bash command failed. The command returned a non-zero exit code 2.
[2024-04-01T09:55:01.275+0000] {taskinstance.py:1138} INFO - Marking task as FAILED. dag_id=dag___dbt, task_id=dbt_data_quality_checks, execution_date=20240331T000000, start_date=20240401T095317, end_date=20240401T095501
[2024-04-01T09:55:01.699+0000] {standard_task_runner.py:107} ERROR - Failed to execute job 101 for task dbt_data_quality_checks (Bash command failed. The command returned a non-zero exit code 2.; 444)
[2024-04-01T09:55:01.769+0000] {local_task_job_runner.py:234} INFO - Task exited with return code 1
[2024-04-01T09:55:01.945+0000] {taskinstance.py:3280} INFO - 0 downstream tasks scheduled from follow-on schedule check
