[2024-04-01T10:01:30.408+0000] {taskinstance.py:1956} INFO - Dependencies all met for dep_context=non-requeueable deps ti=<TaskInstance: dag___freshness.dbt_freshness_check scheduled__2024-03-15T07:00:00+00:00 [queued]>
[2024-04-01T10:01:30.523+0000] {taskinstance.py:1956} INFO - Dependencies all met for dep_context=requeueable deps ti=<TaskInstance: dag___freshness.dbt_freshness_check scheduled__2024-03-15T07:00:00+00:00 [queued]>
[2024-04-01T10:01:30.530+0000] {taskinstance.py:2170} INFO - Starting attempt 1 of 2
[2024-04-01T10:01:30.638+0000] {taskinstance.py:2191} INFO - Executing <Task(BashOperator): dbt_freshness_check> on 2024-03-15 07:00:00+00:00
[2024-04-01T10:01:30.672+0000] {standard_task_runner.py:60} INFO - Started process 963 to run task
[2024-04-01T10:01:30.705+0000] {standard_task_runner.py:87} INFO - Running: ['***', 'tasks', 'run', 'dag___freshness', 'dbt_freshness_check', 'scheduled__2024-03-15T07:00:00+00:00', '--job-id', '154', '--raw', '--subdir', 'DAGS_FOLDER/freshness_test_dag.py', '--cfg-path', '/tmp/tmp648latbq']
[2024-04-01T10:01:30.716+0000] {standard_task_runner.py:88} INFO - Job 154: Subtask dbt_freshness_check
[2024-04-01T10:01:31.111+0000] {task_command.py:423} INFO - Running <TaskInstance: dag___freshness.dbt_freshness_check scheduled__2024-03-15T07:00:00+00:00 [running]> on host 62dc842f1ceb
[2024-04-01T10:01:32.380+0000] {taskinstance.py:2480} INFO - Exporting env vars: AIRFLOW_CTX_DAG_OWNER='***' AIRFLOW_CTX_DAG_ID='dag___freshness' AIRFLOW_CTX_TASK_ID='dbt_freshness_check' AIRFLOW_CTX_EXECUTION_DATE='2024-03-15T07:00:00+00:00' AIRFLOW_CTX_TRY_NUMBER='1' AIRFLOW_CTX_DAG_RUN_ID='scheduled__2024-03-15T07:00:00+00:00'
[2024-04-01T10:01:32.408+0000] {subprocess.py:63} INFO - Tmp dir root location: /tmp
[2024-04-01T10:01:32.432+0000] {subprocess.py:75} INFO - Running command: ['/usr/bin/bash', '-c', '/home/***/.local/bin/dbt source freshness --profiles-dir /home/***/.dbt --project-dir /opt/***/proj']
[2024-04-01T10:01:32.500+0000] {subprocess.py:86} INFO - Output:
[2024-04-01T10:02:45.062+0000] {subprocess.py:93} INFO - [0m10:02:45  Running with dbt=1.7.10
[2024-04-01T10:02:53.416+0000] {subprocess.py:93} INFO - [0m10:02:53  Registered adapter: postgres=1.7.10
[2024-04-01T10:03:24.352+0000] {subprocess.py:93} INFO - [0m10:03:24  Encountered an error:
[2024-04-01T10:03:24.353+0000] {subprocess.py:93} INFO - [Errno 5] Input/output error: '/opt/***/proj/dbt_packages/elementary/macros/edr/tests/test_utils/get_elementary_tests_schema.sql'
[2024-04-01T10:03:24.366+0000] {subprocess.py:93} INFO - [0m10:03:24  Traceback (most recent call last):
[2024-04-01T10:03:24.369+0000] {subprocess.py:93} INFO -   File "/home/***/.local/lib/python3.8/site-packages/dbt/cli/requires.py", line 91, in wrapper
[2024-04-01T10:03:24.371+0000] {subprocess.py:93} INFO -     result, success = func(*args, **kwargs)
[2024-04-01T10:03:24.373+0000] {subprocess.py:93} INFO -   File "/home/***/.local/lib/python3.8/site-packages/dbt/cli/requires.py", line 76, in wrapper
[2024-04-01T10:03:24.375+0000] {subprocess.py:93} INFO -     return func(*args, **kwargs)
[2024-04-01T10:03:24.377+0000] {subprocess.py:93} INFO -   File "/home/***/.local/lib/python3.8/site-packages/dbt/cli/requires.py", line 169, in wrapper
[2024-04-01T10:03:24.379+0000] {subprocess.py:93} INFO -     return func(*args, **kwargs)
[2024-04-01T10:03:24.381+0000] {subprocess.py:93} INFO -   File "/home/***/.local/lib/python3.8/site-packages/dbt/cli/requires.py", line 198, in wrapper
[2024-04-01T10:03:24.382+0000] {subprocess.py:93} INFO -     return func(*args, **kwargs)
[2024-04-01T10:03:24.383+0000] {subprocess.py:93} INFO -   File "/home/***/.local/lib/python3.8/site-packages/dbt/cli/requires.py", line 245, in wrapper
[2024-04-01T10:03:24.385+0000] {subprocess.py:93} INFO -     return func(*args, **kwargs)
[2024-04-01T10:03:24.389+0000] {subprocess.py:93} INFO -   File "/home/***/.local/lib/python3.8/site-packages/dbt/cli/requires.py", line 271, in wrapper
[2024-04-01T10:03:24.392+0000] {subprocess.py:93} INFO -     ctx.obj["manifest"] = parse_manifest(
[2024-04-01T10:03:24.394+0000] {subprocess.py:93} INFO -   File "/home/***/.local/lib/python3.8/site-packages/dbt/parser/manifest.py", line 1798, in parse_manifest
[2024-04-01T10:03:24.396+0000] {subprocess.py:93} INFO -     manifest = ManifestLoader.get_full_manifest(
[2024-04-01T10:03:24.399+0000] {subprocess.py:93} INFO -   File "/home/***/.local/lib/python3.8/site-packages/dbt/parser/manifest.py", line 318, in get_full_manifest
[2024-04-01T10:03:24.401+0000] {subprocess.py:93} INFO -     manifest = loader.load()
[2024-04-01T10:03:24.403+0000] {subprocess.py:93} INFO -   File "/home/***/.local/lib/python3.8/site-packages/dbt/parser/manifest.py", line 365, in load
[2024-04-01T10:03:24.404+0000] {subprocess.py:93} INFO -     file_reader.read_files()
[2024-04-01T10:03:24.405+0000] {subprocess.py:93} INFO -   File "/home/***/.local/lib/python3.8/site-packages/dbt/parser/read_files.py", line 203, in read_files
[2024-04-01T10:03:24.407+0000] {subprocess.py:93} INFO -     self.read_files_for_project(project, file_types)
[2024-04-01T10:03:24.408+0000] {subprocess.py:93} INFO -   File "/home/***/.local/lib/python3.8/site-packages/dbt/parser/read_files.py", line 210, in read_files_for_project
[2024-04-01T10:03:24.410+0000] {subprocess.py:93} INFO -     project_files[file_type_info["parser"]] = read_files_for_parser(
[2024-04-01T10:03:24.412+0000] {subprocess.py:93} INFO -   File "/home/***/.local/lib/python3.8/site-packages/dbt/parser/read_files.py", line 158, in read_files_for_parser
[2024-04-01T10:03:24.424+0000] {subprocess.py:93} INFO -     source_files = get_source_files(
[2024-04-01T10:03:24.425+0000] {subprocess.py:93} INFO -   File "/home/***/.local/lib/python3.8/site-packages/dbt/parser/read_files.py", line 134, in get_source_files
[2024-04-01T10:03:24.426+0000] {subprocess.py:93} INFO -     fp_list = filesystem_search(project, paths, extension, ignore_spec)
[2024-04-01T10:03:24.427+0000] {subprocess.py:93} INFO -   File "/home/***/.local/lib/python3.8/site-packages/dbt/parser/search.py", line 74, in filesystem_search
[2024-04-01T10:03:24.429+0000] {subprocess.py:93} INFO -     for result in find_matching(root, relative_dirs, ext, ignore_spec):
[2024-04-01T10:03:24.443+0000] {subprocess.py:93} INFO -   File "/home/***/.local/lib/python3.8/site-packages/dbt/clients/system.py", line 79, in find_matching
[2024-04-01T10:03:24.444+0000] {subprocess.py:93} INFO -     modification_time = os.path.getmtime(absolute_path)
[2024-04-01T10:03:24.445+0000] {subprocess.py:93} INFO -   File "/usr/local/lib/python3.8/genericpath.py", line 55, in getmtime
[2024-04-01T10:03:24.447+0000] {subprocess.py:93} INFO -     return os.stat(filename).st_mtime
[2024-04-01T10:03:24.454+0000] {subprocess.py:93} INFO - OSError: [Errno 5] Input/output error: '/opt/***/proj/dbt_packages/elementary/macros/edr/tests/test_utils/get_elementary_tests_schema.sql'
[2024-04-01T10:03:24.464+0000] {subprocess.py:93} INFO - 
[2024-04-01T10:03:25.576+0000] {subprocess.py:97} INFO - Command exited with return code 2
[2024-04-01T10:03:25.634+0000] {taskinstance.py:2698} ERROR - Task failed with exception
Traceback (most recent call last):
  File "/home/airflow/.local/lib/python3.8/site-packages/airflow/models/taskinstance.py", line 433, in _execute_task
    result = execute_callable(context=context, **execute_callable_kwargs)
  File "/home/airflow/.local/lib/python3.8/site-packages/airflow/operators/bash.py", line 212, in execute
    raise AirflowException(
airflow.exceptions.AirflowException: Bash command failed. The command returned a non-zero exit code 2.
[2024-04-01T10:03:25.652+0000] {taskinstance.py:1138} INFO - Marking task as UP_FOR_RETRY. dag_id=dag___freshness, task_id=dbt_freshness_check, execution_date=20240315T070000, start_date=20240401T100130, end_date=20240401T100325
[2024-04-01T10:03:25.714+0000] {standard_task_runner.py:107} ERROR - Failed to execute job 154 for task dbt_freshness_check (Bash command failed. The command returned a non-zero exit code 2.; 963)
[2024-04-01T10:03:25.750+0000] {local_task_job_runner.py:234} INFO - Task exited with return code 1
[2024-04-01T10:03:25.804+0000] {taskinstance.py:3280} INFO - 0 downstream tasks scheduled from follow-on schedule check
