[2024-03-25T12:20:10.631+0000] {taskinstance.py:1956} INFO - Dependencies all met for dep_context=non-requeueable deps ti=<TaskInstance: dag___dbt.run_model1 manual__2024-03-25T12:20:07.071014+00:00 [queued]>
[2024-03-25T12:20:10.645+0000] {taskinstance.py:1956} INFO - Dependencies all met for dep_context=requeueable deps ti=<TaskInstance: dag___dbt.run_model1 manual__2024-03-25T12:20:07.071014+00:00 [queued]>
[2024-03-25T12:20:10.646+0000] {taskinstance.py:2170} INFO - Starting attempt 1 of 2
[2024-03-25T12:20:10.669+0000] {taskinstance.py:2191} INFO - Executing <Task(BashOperator): run_model1> on 2024-03-25 12:20:07.071014+00:00
[2024-03-25T12:20:10.682+0000] {standard_task_runner.py:60} INFO - Started process 550 to run task
[2024-03-25T12:20:10.688+0000] {standard_task_runner.py:87} INFO - Running: ['***', 'tasks', 'run', 'dag___dbt', 'run_model1', 'manual__2024-03-25T12:20:07.071014+00:00', '--job-id', '31', '--raw', '--subdir', 'DAGS_FOLDER/dbt_dag.py', '--cfg-path', '/tmp/tmpwlti1xw5']
[2024-03-25T12:20:10.692+0000] {standard_task_runner.py:88} INFO - Job 31: Subtask run_model1
[2024-03-25T12:20:10.770+0000] {task_command.py:423} INFO - Running <TaskInstance: dag___dbt.run_model1 manual__2024-03-25T12:20:07.071014+00:00 [running]> on host 62dc842f1ceb
[2024-03-25T12:20:10.900+0000] {taskinstance.py:2480} INFO - Exporting env vars: AIRFLOW_CTX_DAG_OWNER='***' AIRFLOW_CTX_DAG_ID='dag___dbt' AIRFLOW_CTX_TASK_ID='run_model1' AIRFLOW_CTX_EXECUTION_DATE='2024-03-25T12:20:07.071014+00:00' AIRFLOW_CTX_TRY_NUMBER='1' AIRFLOW_CTX_DAG_RUN_ID='manual__2024-03-25T12:20:07.071014+00:00'
[2024-03-25T12:20:10.903+0000] {subprocess.py:63} INFO - Tmp dir root location: /tmp
[2024-03-25T12:20:10.905+0000] {subprocess.py:75} INFO - Running command: ['/usr/bin/bash', '-c', '/home/***/.local/bin/dbt run --models my_first_dbt_model  --profiles-dir /home/***/.dbt --project-dir /opt/***/proj']
[2024-03-25T12:20:10.920+0000] {subprocess.py:86} INFO - Output:
[2024-03-25T12:20:17.363+0000] {subprocess.py:93} INFO - [0m12:20:17  Running with dbt=1.7.10
[2024-03-25T12:20:17.374+0000] {subprocess.py:93} INFO - [0m12:20:17  Encountered an error:
[2024-03-25T12:20:17.375+0000] {subprocess.py:93} INFO - Runtime Error
[2024-03-25T12:20:17.375+0000] {subprocess.py:93} INFO - 
[2024-03-25T12:20:17.376+0000] {subprocess.py:93} INFO -   dbt encountered an error while trying to read your profiles.yml file.
[2024-03-25T12:20:17.376+0000] {subprocess.py:93} INFO - 
[2024-03-25T12:20:17.377+0000] {subprocess.py:93} INFO -   Runtime Error
[2024-03-25T12:20:17.377+0000] {subprocess.py:93} INFO -     Syntax error near line 18
[2024-03-25T12:20:17.378+0000] {subprocess.py:93} INFO -     ------------------------------
[2024-03-25T12:20:17.378+0000] {subprocess.py:93} INFO -     15 |     default:
[2024-03-25T12:20:17.378+0000] {subprocess.py:93} INFO -     16 |       dbname: postgres
[2024-03-25T12:20:17.379+0000] {subprocess.py:93} INFO -     17 |       host:host.docker.internal
[2024-03-25T12:20:17.380+0000] {subprocess.py:93} INFO -     18 |       password: root
[2024-03-25T12:20:17.381+0000] {subprocess.py:93} INFO -     19 |       port: 5433
[2024-03-25T12:20:17.385+0000] {subprocess.py:93} INFO -     20 |       schema: public_elementary
[2024-03-25T12:20:17.387+0000] {subprocess.py:93} INFO -     21 |       threads: 1
[2024-03-25T12:20:17.387+0000] {subprocess.py:93} INFO - 
[2024-03-25T12:20:17.388+0000] {subprocess.py:93} INFO -     Raw Error:
[2024-03-25T12:20:17.389+0000] {subprocess.py:93} INFO -     ------------------------------
[2024-03-25T12:20:17.390+0000] {subprocess.py:93} INFO -     while scanning a simple key
[2024-03-25T12:20:17.390+0000] {subprocess.py:93} INFO -       in "<unicode string>", line 17, column 7
[2024-03-25T12:20:17.391+0000] {subprocess.py:93} INFO -     could not find expected ':'
[2024-03-25T12:20:17.392+0000] {subprocess.py:93} INFO -       in "<unicode string>", line 18, column 7
[2024-03-25T12:20:17.393+0000] {subprocess.py:93} INFO - 
[2024-03-25T12:20:18.188+0000] {subprocess.py:97} INFO - Command exited with return code 2
[2024-03-25T12:20:18.206+0000] {taskinstance.py:2698} ERROR - Task failed with exception
Traceback (most recent call last):
  File "/home/airflow/.local/lib/python3.8/site-packages/airflow/models/taskinstance.py", line 433, in _execute_task
    result = execute_callable(context=context, **execute_callable_kwargs)
  File "/home/airflow/.local/lib/python3.8/site-packages/airflow/operators/bash.py", line 212, in execute
    raise AirflowException(
airflow.exceptions.AirflowException: Bash command failed. The command returned a non-zero exit code 2.
[2024-03-25T12:20:18.213+0000] {taskinstance.py:1138} INFO - Marking task as UP_FOR_RETRY. dag_id=dag___dbt, task_id=run_model1, execution_date=20240325T122007, start_date=20240325T122010, end_date=20240325T122018
[2024-03-25T12:20:18.234+0000] {standard_task_runner.py:107} ERROR - Failed to execute job 31 for task run_model1 (Bash command failed. The command returned a non-zero exit code 2.; 550)
[2024-03-25T12:20:18.278+0000] {local_task_job_runner.py:234} INFO - Task exited with return code 1
[2024-03-25T12:20:18.313+0000] {taskinstance.py:3280} INFO - 0 downstream tasks scheduled from follow-on schedule check
