[2024-04-01T10:36:27.053+0000] {taskinstance.py:1956} INFO - Dependencies all met for dep_context=non-requeueable deps ti=<TaskInstance: dag___fresness.run_model1 scheduled__2024-03-24T00:00:00+00:00 [queued]>
[2024-04-01T10:36:27.110+0000] {taskinstance.py:1956} INFO - Dependencies all met for dep_context=requeueable deps ti=<TaskInstance: dag___fresness.run_model1 scheduled__2024-03-24T00:00:00+00:00 [queued]>
[2024-04-01T10:36:27.119+0000] {taskinstance.py:2170} INFO - Starting attempt 1 of 2
[2024-04-01T10:36:27.233+0000] {taskinstance.py:2191} INFO - Executing <Task(BashOperator): run_model1> on 2024-03-24 00:00:00+00:00
[2024-04-01T10:36:27.303+0000] {standard_task_runner.py:60} INFO - Started process 540 to run task
[2024-04-01T10:36:27.397+0000] {standard_task_runner.py:87} INFO - Running: ['***', 'tasks', 'run', 'dag___fresness', 'run_model1', 'scheduled__2024-03-24T00:00:00+00:00', '--job-id', '254', '--raw', '--subdir', 'DAGS_FOLDER/dbt_dag.py', '--cfg-path', '/tmp/tmpjvh7gc6j']
[2024-04-01T10:36:27.439+0000] {standard_task_runner.py:88} INFO - Job 254: Subtask run_model1
[2024-04-01T10:36:27.770+0000] {task_command.py:423} INFO - Running <TaskInstance: dag___fresness.run_model1 scheduled__2024-03-24T00:00:00+00:00 [running]> on host 62dc842f1ceb
[2024-04-01T10:36:28.204+0000] {taskinstance.py:2480} INFO - Exporting env vars: AIRFLOW_CTX_DAG_OWNER='***' AIRFLOW_CTX_DAG_ID='dag___fresness' AIRFLOW_CTX_TASK_ID='run_model1' AIRFLOW_CTX_EXECUTION_DATE='2024-03-24T00:00:00+00:00' AIRFLOW_CTX_TRY_NUMBER='1' AIRFLOW_CTX_DAG_RUN_ID='scheduled__2024-03-24T00:00:00+00:00'
[2024-04-01T10:36:28.244+0000] {subprocess.py:63} INFO - Tmp dir root location: /tmp
[2024-04-01T10:36:28.247+0000] {subprocess.py:75} INFO - Running command: ['/usr/bin/bash', '-c', '/home/***/.local/bin/dbt run --models  --profiles-dir /home/***/.dbt --project-dir /opt/***/proj']
[2024-04-01T10:36:28.321+0000] {subprocess.py:86} INFO - Output:
[2024-04-01T10:37:02.517+0000] {subprocess.py:93} INFO - [0m10:37:02  Running with dbt=1.7.10
[2024-04-01T10:37:06.166+0000] {subprocess.py:93} INFO - [0m10:37:06  Registered adapter: postgres=1.7.10
[2024-04-01T10:37:09.465+0000] {subprocess.py:93} INFO - [0m10:37:09  Encountered an error:
[2024-04-01T10:37:09.466+0000] {subprocess.py:93} INFO - [Errno 5] Input/output error: '/opt/***/proj/dbt_packages/dbt_expectations/macros/schema_tests/aggregate_functions/expect_column_distinct_count_to_be_less_than.sql'
[2024-04-01T10:37:09.482+0000] {subprocess.py:93} INFO - [0m10:37:09  Traceback (most recent call last):
[2024-04-01T10:37:09.483+0000] {subprocess.py:93} INFO -   File "/home/***/.local/lib/python3.8/site-packages/dbt/cli/requires.py", line 91, in wrapper
[2024-04-01T10:37:09.485+0000] {subprocess.py:93} INFO -     result, success = func(*args, **kwargs)
[2024-04-01T10:37:09.487+0000] {subprocess.py:93} INFO -   File "/home/***/.local/lib/python3.8/site-packages/dbt/cli/requires.py", line 76, in wrapper
[2024-04-01T10:37:09.488+0000] {subprocess.py:93} INFO -     return func(*args, **kwargs)
[2024-04-01T10:37:09.489+0000] {subprocess.py:93} INFO -   File "/home/***/.local/lib/python3.8/site-packages/dbt/cli/requires.py", line 169, in wrapper
[2024-04-01T10:37:09.492+0000] {subprocess.py:93} INFO -     return func(*args, **kwargs)
[2024-04-01T10:37:09.494+0000] {subprocess.py:93} INFO -   File "/home/***/.local/lib/python3.8/site-packages/dbt/cli/requires.py", line 198, in wrapper
[2024-04-01T10:37:09.495+0000] {subprocess.py:93} INFO -     return func(*args, **kwargs)
[2024-04-01T10:37:09.496+0000] {subprocess.py:93} INFO -   File "/home/***/.local/lib/python3.8/site-packages/dbt/cli/requires.py", line 245, in wrapper
[2024-04-01T10:37:09.498+0000] {subprocess.py:93} INFO -     return func(*args, **kwargs)
[2024-04-01T10:37:09.500+0000] {subprocess.py:93} INFO -   File "/home/***/.local/lib/python3.8/site-packages/dbt/cli/requires.py", line 271, in wrapper
[2024-04-01T10:37:09.504+0000] {subprocess.py:93} INFO -     ctx.obj["manifest"] = parse_manifest(
[2024-04-01T10:37:09.506+0000] {subprocess.py:93} INFO -   File "/home/***/.local/lib/python3.8/site-packages/dbt/parser/manifest.py", line 1798, in parse_manifest
[2024-04-01T10:37:09.508+0000] {subprocess.py:93} INFO -     manifest = ManifestLoader.get_full_manifest(
[2024-04-01T10:37:09.510+0000] {subprocess.py:93} INFO -   File "/home/***/.local/lib/python3.8/site-packages/dbt/parser/manifest.py", line 318, in get_full_manifest
[2024-04-01T10:37:09.512+0000] {subprocess.py:93} INFO -     manifest = loader.load()
[2024-04-01T10:37:09.513+0000] {subprocess.py:93} INFO -   File "/home/***/.local/lib/python3.8/site-packages/dbt/parser/manifest.py", line 365, in load
[2024-04-01T10:37:09.515+0000] {subprocess.py:93} INFO -     file_reader.read_files()
[2024-04-01T10:37:09.517+0000] {subprocess.py:93} INFO -   File "/home/***/.local/lib/python3.8/site-packages/dbt/parser/read_files.py", line 203, in read_files
[2024-04-01T10:37:09.522+0000] {subprocess.py:93} INFO -     self.read_files_for_project(project, file_types)
[2024-04-01T10:37:09.524+0000] {subprocess.py:93} INFO -   File "/home/***/.local/lib/python3.8/site-packages/dbt/parser/read_files.py", line 210, in read_files_for_project
[2024-04-01T10:37:09.526+0000] {subprocess.py:93} INFO -     project_files[file_type_info["parser"]] = read_files_for_parser(
[2024-04-01T10:37:09.528+0000] {subprocess.py:93} INFO -   File "/home/***/.local/lib/python3.8/site-packages/dbt/parser/read_files.py", line 158, in read_files_for_parser
[2024-04-01T10:37:09.530+0000] {subprocess.py:93} INFO -     source_files = get_source_files(
[2024-04-01T10:37:09.532+0000] {subprocess.py:93} INFO -   File "/home/***/.local/lib/python3.8/site-packages/dbt/parser/read_files.py", line 147, in get_source_files
[2024-04-01T10:37:09.533+0000] {subprocess.py:93} INFO -     file = load_source_file(fp, parse_file_type, project.project_name, saved_files)
[2024-04-01T10:37:09.536+0000] {subprocess.py:93} INFO -   File "/home/***/.local/lib/python3.8/site-packages/dbt/parser/read_files.py", line 75, in load_source_file
[2024-04-01T10:37:09.540+0000] {subprocess.py:93} INFO -     file_contents = load_file_contents(path.absolute_path, strip=True)
[2024-04-01T10:37:09.543+0000] {subprocess.py:93} INFO -   File "/home/***/.local/lib/python3.8/site-packages/dbt/clients/system.py", line 97, in load_file_contents
[2024-04-01T10:37:09.545+0000] {subprocess.py:93} INFO -     with open(path, "rb") as handle:
[2024-04-01T10:37:09.547+0000] {subprocess.py:93} INFO - OSError: [Errno 5] Input/output error: '/opt/***/proj/dbt_packages/dbt_expectations/macros/schema_tests/aggregate_functions/expect_column_distinct_count_to_be_less_than.sql'
[2024-04-01T10:37:09.550+0000] {subprocess.py:93} INFO - 
[2024-04-01T10:37:10.997+0000] {subprocess.py:97} INFO - Command exited with return code 2
[2024-04-01T10:37:11.037+0000] {taskinstance.py:2698} ERROR - Task failed with exception
Traceback (most recent call last):
  File "/home/airflow/.local/lib/python3.8/site-packages/airflow/models/taskinstance.py", line 433, in _execute_task
    result = execute_callable(context=context, **execute_callable_kwargs)
  File "/home/airflow/.local/lib/python3.8/site-packages/airflow/operators/bash.py", line 212, in execute
    raise AirflowException(
airflow.exceptions.AirflowException: Bash command failed. The command returned a non-zero exit code 2.
[2024-04-01T10:37:11.053+0000] {taskinstance.py:1138} INFO - Marking task as UP_FOR_RETRY. dag_id=dag___fresness, task_id=run_model1, execution_date=20240324T000000, start_date=20240401T103627, end_date=20240401T103711
[2024-04-01T10:37:11.313+0000] {standard_task_runner.py:107} ERROR - Failed to execute job 254 for task run_model1 (Bash command failed. The command returned a non-zero exit code 2.; 540)
[2024-04-01T10:37:11.423+0000] {local_task_job_runner.py:234} INFO - Task exited with return code 1
[2024-04-01T10:37:11.502+0000] {taskinstance.py:3280} INFO - 0 downstream tasks scheduled from follow-on schedule check
