[2024-04-01T10:22:02.331+0000] {taskinstance.py:1956} INFO - Dependencies all met for dep_context=non-requeueable deps ti=<TaskInstance: dag___dbt.run_model1 manual__2024-04-01T10:16:34.759929+00:00 [queued]>
[2024-04-01T10:22:02.345+0000] {taskinstance.py:1956} INFO - Dependencies all met for dep_context=requeueable deps ti=<TaskInstance: dag___dbt.run_model1 manual__2024-04-01T10:16:34.759929+00:00 [queued]>
[2024-04-01T10:22:02.346+0000] {taskinstance.py:2170} INFO - Starting attempt 2 of 2
[2024-04-01T10:22:02.369+0000] {taskinstance.py:2191} INFO - Executing <Task(BashOperator): run_model1> on 2024-04-01 10:16:34.759929+00:00
[2024-04-01T10:22:02.380+0000] {standard_task_runner.py:60} INFO - Started process 66 to run task
[2024-04-01T10:22:02.385+0000] {standard_task_runner.py:87} INFO - Running: ['***', 'tasks', 'run', 'dag___dbt', 'run_model1', 'manual__2024-04-01T10:16:34.759929+00:00', '--job-id', '230', '--raw', '--subdir', 'DAGS_FOLDER/freshness_test_dag.py', '--cfg-path', '/tmp/tmpbn41ca25']
[2024-04-01T10:22:02.390+0000] {standard_task_runner.py:88} INFO - Job 230: Subtask run_model1
[2024-04-01T10:22:02.469+0000] {task_command.py:423} INFO - Running <TaskInstance: dag___dbt.run_model1 manual__2024-04-01T10:16:34.759929+00:00 [running]> on host 62dc842f1ceb
[2024-04-01T10:22:02.608+0000] {taskinstance.py:2480} INFO - Exporting env vars: AIRFLOW_CTX_DAG_OWNER='***' AIRFLOW_CTX_DAG_ID='dag___dbt' AIRFLOW_CTX_TASK_ID='run_model1' AIRFLOW_CTX_EXECUTION_DATE='2024-04-01T10:16:34.759929+00:00' AIRFLOW_CTX_TRY_NUMBER='2' AIRFLOW_CTX_DAG_RUN_ID='manual__2024-04-01T10:16:34.759929+00:00'
[2024-04-01T10:22:02.611+0000] {subprocess.py:63} INFO - Tmp dir root location: /tmp
[2024-04-01T10:22:02.613+0000] {subprocess.py:75} INFO - Running command: ['/usr/bin/bash', '-c', '/home/***/.local/bin/dbt run --models my_first_dbt_model my_second_dbt_model  --profiles-dir /home/***/.dbt --project-dir /opt/***/proj']
[2024-04-01T10:22:02.629+0000] {subprocess.py:86} INFO - Output:
[2024-04-01T10:22:12.187+0000] {subprocess.py:93} INFO - [0m10:22:12  Running with dbt=1.7.10
[2024-04-01T10:22:13.973+0000] {subprocess.py:93} INFO - [0m10:22:13  Registered adapter: postgres=1.7.10
[2024-04-01T10:22:25.804+0000] {subprocess.py:93} INFO - [0m10:22:25  Found 34 models, 2 operations, 5 tests, 1 source, 0 exposures, 0 metrics, 1407 macros, 0 groups, 0 semantic models
[2024-04-01T10:22:25.815+0000] {subprocess.py:93} INFO - [0m10:22:25
[2024-04-01T10:22:26.626+0000] {subprocess.py:93} INFO - [0m10:22:26
[2024-04-01T10:22:26.628+0000] {subprocess.py:93} INFO - [0m10:22:26  Running 1 on-run-start hook
[2024-04-01T10:22:26.777+0000] {subprocess.py:93} INFO - [0m10:22:26  1 of 1 START hook: elementary.on-run-start.0 ................................... [RUN]
[2024-04-01T10:22:26.784+0000] {subprocess.py:93} INFO - [0m10:22:26  1 of 1 OK hook: elementary.on-run-start.0 ...................................... [[32mOK[0m in 0.00s]
[2024-04-01T10:22:26.786+0000] {subprocess.py:93} INFO - [0m10:22:26
[2024-04-01T10:22:26.792+0000] {subprocess.py:93} INFO - [0m10:22:26  Concurrency: 1 threads (target='dev')
[2024-04-01T10:22:26.794+0000] {subprocess.py:93} INFO - [0m10:22:26
[2024-04-01T10:22:26.823+0000] {subprocess.py:93} INFO - [0m10:22:26  1 of 2 START sql table model public.my_first_dbt_model ......................... [RUN]
[2024-04-01T10:22:27.358+0000] {subprocess.py:93} INFO - [0m10:22:27  1 of 2 OK created sql table model public.my_first_dbt_model .................... [[32mSELECT 2[0m in 0.53s]
[2024-04-01T10:22:27.367+0000] {subprocess.py:93} INFO - [0m10:22:27  2 of 2 START sql view model public.my_second_dbt_model ......................... [RUN]
[2024-04-01T10:22:27.707+0000] {subprocess.py:93} INFO - [0m10:22:27  2 of 2 ERROR creating sql view model public.my_second_dbt_model ................ [[31mERROR[0m in 0.33s]
[2024-04-01T10:22:27.851+0000] {subprocess.py:93} INFO - [0m10:22:27
[2024-04-01T10:22:27.853+0000] {subprocess.py:93} INFO - [0m10:22:27  Running 1 on-run-end hook
[2024-04-01T10:22:32.945+0000] {subprocess.py:93} INFO - [0m10:22:32  1 of 1 START hook: elementary.on-run-end.0 ..................................... [RUN]
[2024-04-01T10:22:32.948+0000] {subprocess.py:93} INFO - [0m10:22:32  1 of 1 OK hook: elementary.on-run-end.0 ........................................ [[32mOK[0m in 0.00s]
[2024-04-01T10:22:32.950+0000] {subprocess.py:93} INFO - [0m10:22:32
[2024-04-01T10:22:32.964+0000] {subprocess.py:93} INFO - [0m10:22:32
[2024-04-01T10:22:32.966+0000] {subprocess.py:93} INFO - [0m10:22:32  Finished running 1 table model, 1 view model, 2 hooks in 0 hours 0 minutes and 7.15 seconds (7.15s).
[2024-04-01T10:22:33.108+0000] {subprocess.py:93} INFO - [0m10:22:33
[2024-04-01T10:22:33.112+0000] {subprocess.py:93} INFO - [0m10:22:33  [31mCompleted with 1 error and 0 warnings:[0m
[2024-04-01T10:22:33.115+0000] {subprocess.py:93} INFO - [0m10:22:33
[2024-04-01T10:22:33.118+0000] {subprocess.py:93} INFO - [0m10:22:33    Database Error in model my_second_dbt_model (models/example/my_second_dbt_model.sql)
[2024-04-01T10:22:33.119+0000] {subprocess.py:93} INFO -   ERREUR:  la relation Â« public.my_second_dbt_model Â» n'existe pas
[2024-04-01T10:22:33.120+0000] {subprocess.py:93} INFO -   compiled Code at target/run/proj/models/example/my_second_dbt_model.sql
[2024-04-01T10:22:33.120+0000] {subprocess.py:93} INFO - [0m10:22:33
[2024-04-01T10:22:33.123+0000] {subprocess.py:93} INFO - [0m10:22:33  Done. PASS=1 WARN=0 ERROR=1 SKIP=0 TOTAL=2
[2024-04-01T10:22:34.020+0000] {subprocess.py:97} INFO - Command exited with return code 1
[2024-04-01T10:22:34.036+0000] {taskinstance.py:2698} ERROR - Task failed with exception
Traceback (most recent call last):
  File "/home/airflow/.local/lib/python3.8/site-packages/airflow/models/taskinstance.py", line 433, in _execute_task
    result = execute_callable(context=context, **execute_callable_kwargs)
  File "/home/airflow/.local/lib/python3.8/site-packages/airflow/operators/bash.py", line 212, in execute
    raise AirflowException(
airflow.exceptions.AirflowException: Bash command failed. The command returned a non-zero exit code 1.
[2024-04-01T10:22:34.041+0000] {taskinstance.py:1138} INFO - Marking task as FAILED. dag_id=dag___dbt, task_id=run_model1, execution_date=20240401T101634, start_date=20240401T102202, end_date=20240401T102234
[2024-04-01T10:22:34.063+0000] {standard_task_runner.py:107} ERROR - Failed to execute job 230 for task run_model1 (Bash command failed. The command returned a non-zero exit code 1.; 66)
[2024-04-01T10:22:34.102+0000] {local_task_job_runner.py:234} INFO - Task exited with return code 1
[2024-04-01T10:22:34.135+0000] {taskinstance.py:3280} INFO - 0 downstream tasks scheduled from follow-on schedule check
