[2024-04-08T10:38:56.111+0000] {taskinstance.py:1956} INFO - Dependencies all met for dep_context=non-requeueable deps ti=<TaskInstance: dag___dbt.dbt_data_quality_checks scheduled__2024-04-05T10:00:00+00:00 [queued]>
[2024-04-08T10:38:56.131+0000] {taskinstance.py:1956} INFO - Dependencies all met for dep_context=requeueable deps ti=<TaskInstance: dag___dbt.dbt_data_quality_checks scheduled__2024-04-05T10:00:00+00:00 [queued]>
[2024-04-08T10:38:56.132+0000] {taskinstance.py:2170} INFO - Starting attempt 1 of 2
[2024-04-08T10:38:56.163+0000] {taskinstance.py:2191} INFO - Executing <Task(BashOperator): dbt_data_quality_checks> on 2024-04-05 10:00:00+00:00
[2024-04-08T10:38:56.175+0000] {standard_task_runner.py:60} INFO - Started process 313 to run task
[2024-04-08T10:38:56.184+0000] {standard_task_runner.py:87} INFO - Running: ['***', 'tasks', 'run', 'dag___dbt', 'dbt_data_quality_checks', 'scheduled__2024-04-05T10:00:00+00:00', '--job-id', '439', '--raw', '--subdir', 'DAGS_FOLDER/freshness_test_dag.py', '--cfg-path', '/tmp/tmpxozsgh6y']
[2024-04-08T10:38:56.192+0000] {standard_task_runner.py:88} INFO - Job 439: Subtask dbt_data_quality_checks
[2024-04-08T10:38:56.292+0000] {task_command.py:423} INFO - Running <TaskInstance: dag___dbt.dbt_data_quality_checks scheduled__2024-04-05T10:00:00+00:00 [running]> on host 62dc842f1ceb
[2024-04-08T10:38:56.464+0000] {taskinstance.py:2480} INFO - Exporting env vars: AIRFLOW_CTX_DAG_OWNER='***' AIRFLOW_CTX_DAG_ID='dag___dbt' AIRFLOW_CTX_TASK_ID='dbt_data_quality_checks' AIRFLOW_CTX_EXECUTION_DATE='2024-04-05T10:00:00+00:00' AIRFLOW_CTX_TRY_NUMBER='1' AIRFLOW_CTX_DAG_RUN_ID='scheduled__2024-04-05T10:00:00+00:00'
[2024-04-08T10:38:56.471+0000] {subprocess.py:63} INFO - Tmp dir root location: /tmp
[2024-04-08T10:38:56.473+0000] {subprocess.py:75} INFO - Running command: ['/usr/bin/bash', '-c', '/home/***/.local/bin/dbt test --profiles-dir /home/***/.dbt --project-dir /opt/***/proj']
[2024-04-08T10:38:56.501+0000] {subprocess.py:86} INFO - Output:
[2024-04-08T10:39:02.798+0000] {subprocess.py:93} INFO - [0m10:39:02  Running with dbt=1.7.10
[2024-04-08T10:39:03.597+0000] {subprocess.py:93} INFO - [0m10:39:03  Registered adapter: postgres=1.7.10
[2024-04-08T10:39:15.704+0000] {subprocess.py:93} INFO - [0m10:39:15  Found 34 models, 2 operations, 6 tests, 1 source, 0 exposures, 0 metrics, 1407 macros, 0 groups, 0 semantic models
[2024-04-08T10:39:15.716+0000] {subprocess.py:93} INFO - [0m10:39:15
[2024-04-08T10:39:16.437+0000] {subprocess.py:93} INFO - [0m10:39:16
[2024-04-08T10:39:16.439+0000] {subprocess.py:93} INFO - [0m10:39:16  Running 1 on-run-start hook
[2024-04-08T10:39:16.650+0000] {subprocess.py:93} INFO - [0m10:39:16  1 of 1 START hook: elementary.on-run-start.0 ................................... [RUN]
[2024-04-08T10:39:16.653+0000] {subprocess.py:93} INFO - [0m10:39:16  1 of 1 OK hook: elementary.on-run-start.0 ...................................... [[32mOK[0m in 0.00s]
[2024-04-08T10:39:16.655+0000] {subprocess.py:93} INFO - [0m10:39:16
[2024-04-08T10:39:16.660+0000] {subprocess.py:93} INFO - [0m10:39:16  Concurrency: 1 threads (target='dev')
[2024-04-08T10:39:16.663+0000] {subprocess.py:93} INFO - [0m10:39:16
[2024-04-08T10:39:16.682+0000] {subprocess.py:93} INFO - [0m10:39:16  1 of 6 START test elementary_freshness_anomalies_raw_orders_creation_date ...... [RUN]
[2024-04-08T10:39:17.770+0000] {subprocess.py:93} INFO - [0m10:39:17  Elementary: Started running data monitors on: POSTGRES.PUBLIC.RAW_ORDERS
[2024-04-08T10:39:18.715+0000] {subprocess.py:93} INFO - [0m10:39:18  Elementary: Finished running data monitors on: POSTGRES.PUBLIC.RAW_ORDERS
[2024-04-08T10:39:19.825+0000] {subprocess.py:93} INFO - [0m10:39:19  1 of 6 PASS elementary_freshness_anomalies_raw_orders_creation_date ............ [[32mPASS[0m in 3.14s]
[2024-04-08T10:39:19.835+0000] {subprocess.py:93} INFO - [0m10:39:19  2 of 6 START test not_null_my_first_dbt_model_id ............................... [RUN]
[2024-04-08T10:39:20.062+0000] {subprocess.py:93} INFO - [0m10:39:20  2 of 6 FAIL 1 not_null_my_first_dbt_model_id ................................... [[31mFAIL 1[0m in 0.22s]
[2024-04-08T10:39:20.070+0000] {subprocess.py:93} INFO - [0m10:39:20  3 of 6 START test not_null_my_second_dbt_model_id .............................. [RUN]
[2024-04-08T10:39:20.310+0000] {subprocess.py:93} INFO - [0m10:39:20  3 of 6 PASS not_null_my_second_dbt_model_id .................................... [[32mPASS[0m in 0.24s]
[2024-04-08T10:39:20.319+0000] {subprocess.py:93} INFO - [0m10:39:20  4 of 6 START test not_null_raw_orders_creation_date ............................ [RUN]
[2024-04-08T10:39:20.539+0000] {subprocess.py:93} INFO - [0m10:39:20  4 of 6 PASS not_null_raw_orders_creation_date .................................. [[32mPASS[0m in 0.22s]
[2024-04-08T10:39:20.548+0000] {subprocess.py:93} INFO - [0m10:39:20  5 of 6 START test unique_my_first_dbt_model_id ................................. [RUN]
[2024-04-08T10:39:20.765+0000] {subprocess.py:93} INFO - [0m10:39:20  5 of 6 PASS unique_my_first_dbt_model_id ....................................... [[32mPASS[0m in 0.21s]
[2024-04-08T10:39:20.780+0000] {subprocess.py:93} INFO - [0m10:39:20  6 of 6 START test unique_my_second_dbt_model_id ................................ [RUN]
[2024-04-08T10:39:21.030+0000] {subprocess.py:93} INFO - [0m10:39:21  6 of 6 PASS unique_my_second_dbt_model_id ...................................... [[32mPASS[0m in 0.25s]
[2024-04-08T10:39:21.136+0000] {subprocess.py:93} INFO - [0m10:39:21
[2024-04-08T10:39:21.138+0000] {subprocess.py:93} INFO - [0m10:39:21  Running 1 on-run-end hook
[2024-04-08T10:39:29.297+0000] {subprocess.py:93} INFO - [0m10:39:29  1 of 1 START hook: elementary.on-run-end.0 ..................................... [RUN]
[2024-04-08T10:39:29.301+0000] {subprocess.py:93} INFO - [0m10:39:29  1 of 1 OK hook: elementary.on-run-end.0 ........................................ [[32mOK[0m in 0.00s]
[2024-04-08T10:39:29.304+0000] {subprocess.py:93} INFO - [0m10:39:29
[2024-04-08T10:39:29.328+0000] {subprocess.py:93} INFO - [0m10:39:29
[2024-04-08T10:39:29.335+0000] {subprocess.py:93} INFO - [0m10:39:29  Finished running 6 tests, 2 hooks in 0 hours 0 minutes and 13.61 seconds (13.61s).
[2024-04-08T10:39:29.613+0000] {subprocess.py:93} INFO - [0m10:39:29
[2024-04-08T10:39:29.616+0000] {subprocess.py:93} INFO - [0m10:39:29  [31mCompleted with 1 error and 0 warnings:[0m
[2024-04-08T10:39:29.619+0000] {subprocess.py:93} INFO - [0m10:39:29
[2024-04-08T10:39:29.621+0000] {subprocess.py:93} INFO - [0m10:39:29  [31mFailure in test not_null_my_first_dbt_model_id (models/example/schema.yml)[0m
[2024-04-08T10:39:29.623+0000] {subprocess.py:93} INFO - [0m10:39:29    Got 1 result, configured to fail if != 0
[2024-04-08T10:39:29.626+0000] {subprocess.py:93} INFO - [0m10:39:29
[2024-04-08T10:39:29.630+0000] {subprocess.py:93} INFO - [0m10:39:29    compiled Code at target/compiled/proj/models/example/schema.yml/not_null_my_first_dbt_model_id.sql
[2024-04-08T10:39:29.633+0000] {subprocess.py:93} INFO - [0m10:39:29
[2024-04-08T10:39:29.636+0000] {subprocess.py:93} INFO - [0m10:39:29  Done. PASS=5 WARN=0 ERROR=1 SKIP=0 TOTAL=6
[2024-04-08T10:39:30.874+0000] {subprocess.py:97} INFO - Command exited with return code 1
[2024-04-08T10:39:30.906+0000] {taskinstance.py:2698} ERROR - Task failed with exception
Traceback (most recent call last):
  File "/home/airflow/.local/lib/python3.8/site-packages/airflow/models/taskinstance.py", line 433, in _execute_task
    result = execute_callable(context=context, **execute_callable_kwargs)
  File "/home/airflow/.local/lib/python3.8/site-packages/airflow/operators/bash.py", line 212, in execute
    raise AirflowException(
airflow.exceptions.AirflowException: Bash command failed. The command returned a non-zero exit code 1.
[2024-04-08T10:39:30.917+0000] {taskinstance.py:1138} INFO - Marking task as UP_FOR_RETRY. dag_id=dag___dbt, task_id=dbt_data_quality_checks, execution_date=20240405T100000, start_date=20240408T103856, end_date=20240408T103930
[2024-04-08T10:39:30.960+0000] {standard_task_runner.py:107} ERROR - Failed to execute job 439 for task dbt_data_quality_checks (Bash command failed. The command returned a non-zero exit code 1.; 313)
[2024-04-08T10:39:31.027+0000] {local_task_job_runner.py:234} INFO - Task exited with return code 1
[2024-04-08T10:39:31.091+0000] {taskinstance.py:3280} INFO - 0 downstream tasks scheduled from follow-on schedule check
