[2024-04-01T10:00:11.559+0000] {taskinstance.py:1956} INFO - Dependencies all met for dep_context=non-requeueable deps ti=<TaskInstance: dag___dbt.run_model1 scheduled__2024-03-30T05:00:00+00:00 [queued]>
[2024-04-01T10:00:11.720+0000] {taskinstance.py:1956} INFO - Dependencies all met for dep_context=requeueable deps ti=<TaskInstance: dag___dbt.run_model1 scheduled__2024-03-30T05:00:00+00:00 [queued]>
[2024-04-01T10:00:11.762+0000] {taskinstance.py:2170} INFO - Starting attempt 2 of 2
[2024-04-01T10:00:12.395+0000] {taskinstance.py:2191} INFO - Executing <Task(BashOperator): run_model1> on 2024-03-30 05:00:00+00:00
[2024-04-01T10:00:12.534+0000] {standard_task_runner.py:60} INFO - Started process 878 to run task
[2024-04-01T10:00:12.596+0000] {standard_task_runner.py:87} INFO - Running: ['***', 'tasks', 'run', 'dag___dbt', 'run_model1', 'scheduled__2024-03-30T05:00:00+00:00', '--job-id', '149', '--raw', '--subdir', 'DAGS_FOLDER/dbt_dag.py', '--cfg-path', '/tmp/tmp7skqj34o']
[2024-04-01T10:00:12.754+0000] {standard_task_runner.py:88} INFO - Job 149: Subtask run_model1
[2024-04-01T10:00:13.950+0000] {task_command.py:423} INFO - Running <TaskInstance: dag___dbt.run_model1 scheduled__2024-03-30T05:00:00+00:00 [running]> on host 62dc842f1ceb
[2024-04-01T10:00:14.863+0000] {taskinstance.py:2480} INFO - Exporting env vars: AIRFLOW_CTX_DAG_OWNER='***' AIRFLOW_CTX_DAG_ID='dag___dbt' AIRFLOW_CTX_TASK_ID='run_model1' AIRFLOW_CTX_EXECUTION_DATE='2024-03-30T05:00:00+00:00' AIRFLOW_CTX_TRY_NUMBER='2' AIRFLOW_CTX_DAG_RUN_ID='scheduled__2024-03-30T05:00:00+00:00'
[2024-04-01T10:00:14.889+0000] {subprocess.py:63} INFO - Tmp dir root location: /tmp
[2024-04-01T10:00:14.904+0000] {subprocess.py:75} INFO - Running command: ['/usr/bin/bash', '-c', '/home/***/.local/bin/dbt run --models  --profiles-dir /home/***/.dbt --project-dir /opt/***/proj']
[2024-04-01T10:00:15.014+0000] {subprocess.py:86} INFO - Output:
[2024-04-01T10:01:06.149+0000] {subprocess.py:93} INFO - [0m10:01:06  Running with dbt=1.7.10
[2024-04-01T10:01:13.256+0000] {subprocess.py:93} INFO - [0m10:01:13  Registered adapter: postgres=1.7.10
[2024-04-01T10:01:15.449+0000] {subprocess.py:93} INFO - [0m10:01:15  Unable to do partial parsing because of a version mismatch
[2024-04-01T10:01:19.254+0000] {subprocess.py:93} INFO - [0m10:01:19  Encountered an error:
[2024-04-01T10:01:19.255+0000] {subprocess.py:93} INFO - [Errno 5] Input/output error: '/opt/***/proj/dbt_packages/dbt_expectations/macros/schema_tests/aggregate_functions/expect_column_distinct_values_to_equal_set.sql'
[2024-04-01T10:01:19.265+0000] {subprocess.py:93} INFO - [0m10:01:19  Traceback (most recent call last):
[2024-04-01T10:01:19.266+0000] {subprocess.py:93} INFO -   File "/home/***/.local/lib/python3.8/site-packages/dbt/cli/requires.py", line 91, in wrapper
[2024-04-01T10:01:19.268+0000] {subprocess.py:93} INFO -     result, success = func(*args, **kwargs)
[2024-04-01T10:01:19.268+0000] {subprocess.py:93} INFO -   File "/home/***/.local/lib/python3.8/site-packages/dbt/cli/requires.py", line 76, in wrapper
[2024-04-01T10:01:19.271+0000] {subprocess.py:93} INFO -     return func(*args, **kwargs)
[2024-04-01T10:01:19.273+0000] {subprocess.py:93} INFO -   File "/home/***/.local/lib/python3.8/site-packages/dbt/cli/requires.py", line 169, in wrapper
[2024-04-01T10:01:19.276+0000] {subprocess.py:93} INFO -     return func(*args, **kwargs)
[2024-04-01T10:01:19.280+0000] {subprocess.py:93} INFO -   File "/home/***/.local/lib/python3.8/site-packages/dbt/cli/requires.py", line 198, in wrapper
[2024-04-01T10:01:19.291+0000] {subprocess.py:93} INFO -     return func(*args, **kwargs)
[2024-04-01T10:01:19.292+0000] {subprocess.py:93} INFO -   File "/home/***/.local/lib/python3.8/site-packages/dbt/cli/requires.py", line 245, in wrapper
[2024-04-01T10:01:19.303+0000] {subprocess.py:93} INFO -     return func(*args, **kwargs)
[2024-04-01T10:01:19.311+0000] {subprocess.py:93} INFO -   File "/home/***/.local/lib/python3.8/site-packages/dbt/cli/requires.py", line 271, in wrapper
[2024-04-01T10:01:19.312+0000] {subprocess.py:93} INFO -     ctx.obj["manifest"] = parse_manifest(
[2024-04-01T10:01:19.314+0000] {subprocess.py:93} INFO -   File "/home/***/.local/lib/python3.8/site-packages/dbt/parser/manifest.py", line 1798, in parse_manifest
[2024-04-01T10:01:19.316+0000] {subprocess.py:93} INFO -     manifest = ManifestLoader.get_full_manifest(
[2024-04-01T10:01:19.317+0000] {subprocess.py:93} INFO -   File "/home/***/.local/lib/python3.8/site-packages/dbt/parser/manifest.py", line 318, in get_full_manifest
[2024-04-01T10:01:19.318+0000] {subprocess.py:93} INFO -     manifest = loader.load()
[2024-04-01T10:01:19.326+0000] {subprocess.py:93} INFO -   File "/home/***/.local/lib/python3.8/site-packages/dbt/parser/manifest.py", line 365, in load
[2024-04-01T10:01:19.335+0000] {subprocess.py:93} INFO -     file_reader.read_files()
[2024-04-01T10:01:19.345+0000] {subprocess.py:93} INFO -   File "/home/***/.local/lib/python3.8/site-packages/dbt/parser/read_files.py", line 203, in read_files
[2024-04-01T10:01:19.353+0000] {subprocess.py:93} INFO -     self.read_files_for_project(project, file_types)
[2024-04-01T10:01:19.354+0000] {subprocess.py:93} INFO -   File "/home/***/.local/lib/python3.8/site-packages/dbt/parser/read_files.py", line 210, in read_files_for_project
[2024-04-01T10:01:19.362+0000] {subprocess.py:93} INFO -     project_files[file_type_info["parser"]] = read_files_for_parser(
[2024-04-01T10:01:19.370+0000] {subprocess.py:93} INFO -   File "/home/***/.local/lib/python3.8/site-packages/dbt/parser/read_files.py", line 158, in read_files_for_parser
[2024-04-01T10:01:19.391+0000] {subprocess.py:93} INFO -     source_files = get_source_files(
[2024-04-01T10:01:19.433+0000] {subprocess.py:93} INFO -   File "/home/***/.local/lib/python3.8/site-packages/dbt/parser/read_files.py", line 134, in get_source_files
[2024-04-01T10:01:19.435+0000] {subprocess.py:93} INFO -     fp_list = filesystem_search(project, paths, extension, ignore_spec)
[2024-04-01T10:01:19.437+0000] {subprocess.py:93} INFO -   File "/home/***/.local/lib/python3.8/site-packages/dbt/parser/search.py", line 74, in filesystem_search
[2024-04-01T10:01:19.438+0000] {subprocess.py:93} INFO -     for result in find_matching(root, relative_dirs, ext, ignore_spec):
[2024-04-01T10:01:19.440+0000] {subprocess.py:93} INFO -   File "/home/***/.local/lib/python3.8/site-packages/dbt/clients/system.py", line 79, in find_matching
[2024-04-01T10:01:19.441+0000] {subprocess.py:93} INFO -     modification_time = os.path.getmtime(absolute_path)
[2024-04-01T10:01:19.455+0000] {subprocess.py:93} INFO -   File "/usr/local/lib/python3.8/genericpath.py", line 55, in getmtime
[2024-04-01T10:01:19.458+0000] {subprocess.py:93} INFO -     return os.stat(filename).st_mtime
[2024-04-01T10:01:19.463+0000] {subprocess.py:93} INFO - OSError: [Errno 5] Input/output error: '/opt/***/proj/dbt_packages/dbt_expectations/macros/schema_tests/aggregate_functions/expect_column_distinct_values_to_equal_set.sql'
[2024-04-01T10:01:19.478+0000] {subprocess.py:93} INFO - 
[2024-04-01T10:01:23.547+0000] {subprocess.py:97} INFO - Command exited with return code 2
[2024-04-01T10:01:23.599+0000] {taskinstance.py:2698} ERROR - Task failed with exception
Traceback (most recent call last):
  File "/home/airflow/.local/lib/python3.8/site-packages/airflow/models/taskinstance.py", line 433, in _execute_task
    result = execute_callable(context=context, **execute_callable_kwargs)
  File "/home/airflow/.local/lib/python3.8/site-packages/airflow/operators/bash.py", line 212, in execute
    raise AirflowException(
airflow.exceptions.AirflowException: Bash command failed. The command returned a non-zero exit code 2.
[2024-04-01T10:01:23.799+0000] {taskinstance.py:1138} INFO - Marking task as FAILED. dag_id=dag___dbt, task_id=run_model1, execution_date=20240330T050000, start_date=20240401T100011, end_date=20240401T100123
[2024-04-01T10:01:24.222+0000] {standard_task_runner.py:107} ERROR - Failed to execute job 149 for task run_model1 (Bash command failed. The command returned a non-zero exit code 2.; 878)
[2024-04-01T10:01:24.355+0000] {local_task_job_runner.py:234} INFO - Task exited with return code 1
[2024-04-01T10:01:24.767+0000] {taskinstance.py:3280} INFO - 0 downstream tasks scheduled from follow-on schedule check
