[2024-04-01T10:36:22.586+0000] {taskinstance.py:1956} INFO - Dependencies all met for dep_context=non-requeueable deps ti=<TaskInstance: dag___fresness.run_model1 scheduled__2024-03-22T00:00:00+00:00 [queued]>
[2024-04-01T10:36:22.705+0000] {taskinstance.py:1956} INFO - Dependencies all met for dep_context=requeueable deps ti=<TaskInstance: dag___fresness.run_model1 scheduled__2024-03-22T00:00:00+00:00 [queued]>
[2024-04-01T10:36:22.707+0000] {taskinstance.py:2170} INFO - Starting attempt 1 of 2
[2024-04-01T10:36:22.997+0000] {taskinstance.py:2191} INFO - Executing <Task(BashOperator): run_model1> on 2024-03-22 00:00:00+00:00
[2024-04-01T10:36:23.093+0000] {standard_task_runner.py:60} INFO - Started process 528 to run task
[2024-04-01T10:36:23.135+0000] {standard_task_runner.py:87} INFO - Running: ['***', 'tasks', 'run', 'dag___fresness', 'run_model1', 'scheduled__2024-03-22T00:00:00+00:00', '--job-id', '251', '--raw', '--subdir', 'DAGS_FOLDER/dbt_dag.py', '--cfg-path', '/tmp/tmpe9ehttgp']
[2024-04-01T10:36:23.159+0000] {standard_task_runner.py:88} INFO - Job 251: Subtask run_model1
[2024-04-01T10:36:23.744+0000] {task_command.py:423} INFO - Running <TaskInstance: dag___fresness.run_model1 scheduled__2024-03-22T00:00:00+00:00 [running]> on host 62dc842f1ceb
[2024-04-01T10:36:24.532+0000] {taskinstance.py:2480} INFO - Exporting env vars: AIRFLOW_CTX_DAG_OWNER='***' AIRFLOW_CTX_DAG_ID='dag___fresness' AIRFLOW_CTX_TASK_ID='run_model1' AIRFLOW_CTX_EXECUTION_DATE='2024-03-22T00:00:00+00:00' AIRFLOW_CTX_TRY_NUMBER='1' AIRFLOW_CTX_DAG_RUN_ID='scheduled__2024-03-22T00:00:00+00:00'
[2024-04-01T10:36:24.537+0000] {subprocess.py:63} INFO - Tmp dir root location: /tmp
[2024-04-01T10:36:24.539+0000] {subprocess.py:75} INFO - Running command: ['/usr/bin/bash', '-c', '/home/***/.local/bin/dbt run --models  --profiles-dir /home/***/.dbt --project-dir /opt/***/proj']
[2024-04-01T10:36:24.616+0000] {subprocess.py:86} INFO - Output:
[2024-04-01T10:36:58.409+0000] {subprocess.py:93} INFO - [0m10:36:58  Running with dbt=1.7.10
[2024-04-01T10:37:01.463+0000] {subprocess.py:93} INFO - [0m10:37:01  Registered adapter: postgres=1.7.10
[2024-04-01T10:37:04.846+0000] {subprocess.py:93} INFO - [0m10:37:04  Encountered an error:
[2024-04-01T10:37:04.848+0000] {subprocess.py:93} INFO - [Errno 5] Input/output error: '/opt/***/proj/dbt_packages/dbt_expectations/macros/schema_tests/_generalized/_truth_expression.sql'
[2024-04-01T10:37:04.854+0000] {subprocess.py:93} INFO - [0m10:37:04  Traceback (most recent call last):
[2024-04-01T10:37:04.856+0000] {subprocess.py:93} INFO -   File "/home/***/.local/lib/python3.8/site-packages/dbt/cli/requires.py", line 91, in wrapper
[2024-04-01T10:37:04.857+0000] {subprocess.py:93} INFO -     result, success = func(*args, **kwargs)
[2024-04-01T10:37:04.859+0000] {subprocess.py:93} INFO -   File "/home/***/.local/lib/python3.8/site-packages/dbt/cli/requires.py", line 76, in wrapper
[2024-04-01T10:37:04.860+0000] {subprocess.py:93} INFO -     return func(*args, **kwargs)
[2024-04-01T10:37:04.860+0000] {subprocess.py:93} INFO -   File "/home/***/.local/lib/python3.8/site-packages/dbt/cli/requires.py", line 169, in wrapper
[2024-04-01T10:37:04.861+0000] {subprocess.py:93} INFO -     return func(*args, **kwargs)
[2024-04-01T10:37:04.862+0000] {subprocess.py:93} INFO -   File "/home/***/.local/lib/python3.8/site-packages/dbt/cli/requires.py", line 198, in wrapper
[2024-04-01T10:37:04.863+0000] {subprocess.py:93} INFO -     return func(*args, **kwargs)
[2024-04-01T10:37:04.864+0000] {subprocess.py:93} INFO -   File "/home/***/.local/lib/python3.8/site-packages/dbt/cli/requires.py", line 245, in wrapper
[2024-04-01T10:37:04.864+0000] {subprocess.py:93} INFO -     return func(*args, **kwargs)
[2024-04-01T10:37:04.865+0000] {subprocess.py:93} INFO -   File "/home/***/.local/lib/python3.8/site-packages/dbt/cli/requires.py", line 271, in wrapper
[2024-04-01T10:37:04.868+0000] {subprocess.py:93} INFO -     ctx.obj["manifest"] = parse_manifest(
[2024-04-01T10:37:04.869+0000] {subprocess.py:93} INFO -   File "/home/***/.local/lib/python3.8/site-packages/dbt/parser/manifest.py", line 1798, in parse_manifest
[2024-04-01T10:37:04.870+0000] {subprocess.py:93} INFO -     manifest = ManifestLoader.get_full_manifest(
[2024-04-01T10:37:04.871+0000] {subprocess.py:93} INFO -   File "/home/***/.local/lib/python3.8/site-packages/dbt/parser/manifest.py", line 318, in get_full_manifest
[2024-04-01T10:37:04.872+0000] {subprocess.py:93} INFO -     manifest = loader.load()
[2024-04-01T10:37:04.874+0000] {subprocess.py:93} INFO -   File "/home/***/.local/lib/python3.8/site-packages/dbt/parser/manifest.py", line 365, in load
[2024-04-01T10:37:04.876+0000] {subprocess.py:93} INFO -     file_reader.read_files()
[2024-04-01T10:37:04.877+0000] {subprocess.py:93} INFO -   File "/home/***/.local/lib/python3.8/site-packages/dbt/parser/read_files.py", line 203, in read_files
[2024-04-01T10:37:04.878+0000] {subprocess.py:93} INFO -     self.read_files_for_project(project, file_types)
[2024-04-01T10:37:04.879+0000] {subprocess.py:93} INFO -   File "/home/***/.local/lib/python3.8/site-packages/dbt/parser/read_files.py", line 210, in read_files_for_project
[2024-04-01T10:37:04.880+0000] {subprocess.py:93} INFO -     project_files[file_type_info["parser"]] = read_files_for_parser(
[2024-04-01T10:37:04.881+0000] {subprocess.py:93} INFO -   File "/home/***/.local/lib/python3.8/site-packages/dbt/parser/read_files.py", line 158, in read_files_for_parser
[2024-04-01T10:37:04.882+0000] {subprocess.py:93} INFO -     source_files = get_source_files(
[2024-04-01T10:37:04.884+0000] {subprocess.py:93} INFO -   File "/home/***/.local/lib/python3.8/site-packages/dbt/parser/read_files.py", line 147, in get_source_files
[2024-04-01T10:37:04.885+0000] {subprocess.py:93} INFO -     file = load_source_file(fp, parse_file_type, project.project_name, saved_files)
[2024-04-01T10:37:04.887+0000] {subprocess.py:93} INFO -   File "/home/***/.local/lib/python3.8/site-packages/dbt/parser/read_files.py", line 75, in load_source_file
[2024-04-01T10:37:04.888+0000] {subprocess.py:93} INFO -     file_contents = load_file_contents(path.absolute_path, strip=True)
[2024-04-01T10:37:04.890+0000] {subprocess.py:93} INFO -   File "/home/***/.local/lib/python3.8/site-packages/dbt/clients/system.py", line 97, in load_file_contents
[2024-04-01T10:37:04.894+0000] {subprocess.py:93} INFO -     with open(path, "rb") as handle:
[2024-04-01T10:37:04.897+0000] {subprocess.py:93} INFO - OSError: [Errno 5] Input/output error: '/opt/***/proj/dbt_packages/dbt_expectations/macros/schema_tests/_generalized/_truth_expression.sql'
[2024-04-01T10:37:04.900+0000] {subprocess.py:93} INFO - 
[2024-04-01T10:37:06.769+0000] {subprocess.py:97} INFO - Command exited with return code 2
[2024-04-01T10:37:06.810+0000] {taskinstance.py:2698} ERROR - Task failed with exception
Traceback (most recent call last):
  File "/home/airflow/.local/lib/python3.8/site-packages/airflow/models/taskinstance.py", line 433, in _execute_task
    result = execute_callable(context=context, **execute_callable_kwargs)
  File "/home/airflow/.local/lib/python3.8/site-packages/airflow/operators/bash.py", line 212, in execute
    raise AirflowException(
airflow.exceptions.AirflowException: Bash command failed. The command returned a non-zero exit code 2.
[2024-04-01T10:37:06.838+0000] {taskinstance.py:1138} INFO - Marking task as UP_FOR_RETRY. dag_id=dag___fresness, task_id=run_model1, execution_date=20240322T000000, start_date=20240401T103622, end_date=20240401T103706
[2024-04-01T10:37:06.964+0000] {standard_task_runner.py:107} ERROR - Failed to execute job 251 for task run_model1 (Bash command failed. The command returned a non-zero exit code 2.; 528)
[2024-04-01T10:37:07.047+0000] {local_task_job_runner.py:234} INFO - Task exited with return code 1
[2024-04-01T10:37:07.160+0000] {taskinstance.py:3280} INFO - 0 downstream tasks scheduled from follow-on schedule check
