[2024-04-01T10:09:47.038+0000] {taskinstance.py:1956} INFO - Dependencies all met for dep_context=non-requeueable deps ti=<TaskInstance: freshness___dbt.run_model1 scheduled__2024-03-28T00:00:00+00:00 [queued]>
[2024-04-01T10:09:47.136+0000] {taskinstance.py:1956} INFO - Dependencies all met for dep_context=requeueable deps ti=<TaskInstance: freshness___dbt.run_model1 scheduled__2024-03-28T00:00:00+00:00 [queued]>
[2024-04-01T10:09:47.138+0000] {taskinstance.py:2170} INFO - Starting attempt 1 of 2
[2024-04-01T10:09:47.275+0000] {taskinstance.py:2191} INFO - Executing <Task(BashOperator): run_model1> on 2024-03-28 00:00:00+00:00
[2024-04-01T10:09:47.317+0000] {standard_task_runner.py:60} INFO - Started process 1515 to run task
[2024-04-01T10:09:47.348+0000] {standard_task_runner.py:87} INFO - Running: ['***', 'tasks', 'run', 'freshness___dbt', 'run_model1', 'scheduled__2024-03-28T00:00:00+00:00', '--job-id', '216', '--raw', '--subdir', 'DAGS_FOLDER/freshness_dag.py', '--cfg-path', '/tmp/tmpx8u73dkc']
[2024-04-01T10:09:47.367+0000] {standard_task_runner.py:88} INFO - Job 216: Subtask run_model1
[2024-04-01T10:09:47.646+0000] {task_command.py:423} INFO - Running <TaskInstance: freshness___dbt.run_model1 scheduled__2024-03-28T00:00:00+00:00 [running]> on host 62dc842f1ceb
[2024-04-01T10:09:48.142+0000] {taskinstance.py:2480} INFO - Exporting env vars: AIRFLOW_CTX_DAG_OWNER='***' AIRFLOW_CTX_DAG_ID='freshness___dbt' AIRFLOW_CTX_TASK_ID='run_model1' AIRFLOW_CTX_EXECUTION_DATE='2024-03-28T00:00:00+00:00' AIRFLOW_CTX_TRY_NUMBER='1' AIRFLOW_CTX_DAG_RUN_ID='scheduled__2024-03-28T00:00:00+00:00'
[2024-04-01T10:09:48.153+0000] {subprocess.py:63} INFO - Tmp dir root location: /tmp
[2024-04-01T10:09:48.160+0000] {subprocess.py:75} INFO - Running command: ['/usr/bin/bash', '-c', '/home/***/.local/bin/dbt run --models  --profiles-dir /home/***/.dbt --project-dir /opt/***/proj']
[2024-04-01T10:09:48.232+0000] {subprocess.py:86} INFO - Output:
[2024-04-01T10:10:22.695+0000] {subprocess.py:93} INFO - [0m10:10:22  Running with dbt=1.7.10
[2024-04-01T10:10:26.566+0000] {subprocess.py:93} INFO - [0m10:10:26  Registered adapter: postgres=1.7.10
[2024-04-01T10:10:49.060+0000] {subprocess.py:93} INFO - [0m10:10:49  Found 34 models, 2 operations, 5 tests, 1 source, 0 exposures, 0 metrics, 1407 macros, 0 groups, 0 semantic models
[2024-04-01T10:10:49.075+0000] {subprocess.py:93} INFO - [0m10:10:49  The selection criterion '--profiles-dir' does not match any nodes
[2024-04-01T10:10:49.084+0000] {subprocess.py:93} INFO - [0m10:10:49  Encountered an error:
[2024-04-01T10:10:49.098+0000] {subprocess.py:93} INFO - Non-relative patterns are unsupported
[2024-04-01T10:10:49.131+0000] {subprocess.py:93} INFO - [0m10:10:49  Traceback (most recent call last):
[2024-04-01T10:10:49.132+0000] {subprocess.py:93} INFO -   File "/home/***/.local/lib/python3.8/site-packages/dbt/cli/requires.py", line 91, in wrapper
[2024-04-01T10:10:49.134+0000] {subprocess.py:93} INFO -     result, success = func(*args, **kwargs)
[2024-04-01T10:10:49.135+0000] {subprocess.py:93} INFO -   File "/home/***/.local/lib/python3.8/site-packages/dbt/cli/requires.py", line 76, in wrapper
[2024-04-01T10:10:49.147+0000] {subprocess.py:93} INFO -     return func(*args, **kwargs)
[2024-04-01T10:10:49.163+0000] {subprocess.py:93} INFO -   File "/home/***/.local/lib/python3.8/site-packages/dbt/cli/requires.py", line 169, in wrapper
[2024-04-01T10:10:49.177+0000] {subprocess.py:93} INFO -     return func(*args, **kwargs)
[2024-04-01T10:10:49.183+0000] {subprocess.py:93} INFO -   File "/home/***/.local/lib/python3.8/site-packages/dbt/cli/requires.py", line 198, in wrapper
[2024-04-01T10:10:49.186+0000] {subprocess.py:93} INFO -     return func(*args, **kwargs)
[2024-04-01T10:10:49.188+0000] {subprocess.py:93} INFO -   File "/home/***/.local/lib/python3.8/site-packages/dbt/cli/requires.py", line 245, in wrapper
[2024-04-01T10:10:49.211+0000] {subprocess.py:93} INFO -     return func(*args, **kwargs)
[2024-04-01T10:10:49.225+0000] {subprocess.py:93} INFO -   File "/home/***/.local/lib/python3.8/site-packages/dbt/cli/requires.py", line 278, in wrapper
[2024-04-01T10:10:49.227+0000] {subprocess.py:93} INFO -     return func(*args, **kwargs)
[2024-04-01T10:10:49.233+0000] {subprocess.py:93} INFO -   File "/home/***/.local/lib/python3.8/site-packages/dbt/cli/main.py", line 625, in run
[2024-04-01T10:10:49.236+0000] {subprocess.py:93} INFO -     results = task.run()
[2024-04-01T10:10:49.238+0000] {subprocess.py:93} INFO -   File "/home/***/.local/lib/python3.8/site-packages/dbt/task/runnable.py", line 454, in run
[2024-04-01T10:10:49.239+0000] {subprocess.py:93} INFO -     self._runtime_initialize()
[2024-04-01T10:10:49.243+0000] {subprocess.py:93} INFO -   File "/home/***/.local/lib/python3.8/site-packages/dbt/task/compile.py", line 147, in _runtime_initialize
[2024-04-01T10:10:49.246+0000] {subprocess.py:93} INFO -     super()._runtime_initialize()
[2024-04-01T10:10:49.248+0000] {subprocess.py:93} INFO -   File "/home/***/.local/lib/python3.8/site-packages/dbt/task/runnable.py", line 147, in _runtime_initialize
[2024-04-01T10:10:49.253+0000] {subprocess.py:93} INFO -     self.job_queue = self.get_graph_queue()
[2024-04-01T10:10:49.254+0000] {subprocess.py:93} INFO -   File "/home/***/.local/lib/python3.8/site-packages/dbt/task/runnable.py", line 140, in get_graph_queue
[2024-04-01T10:10:49.256+0000] {subprocess.py:93} INFO -     return selector.get_graph_queue(spec)
[2024-04-01T10:10:49.258+0000] {subprocess.py:93} INFO -   File "/home/***/.local/lib/python3.8/site-packages/dbt/graph/selector.py", line 318, in get_graph_queue
[2024-04-01T10:10:49.260+0000] {subprocess.py:93} INFO -     selected_nodes = self.get_selected(spec)
[2024-04-01T10:10:49.263+0000] {subprocess.py:93} INFO -   File "/home/***/.local/lib/python3.8/site-packages/dbt/graph/selector.py", line 309, in get_selected
[2024-04-01T10:10:49.265+0000] {subprocess.py:93} INFO -     selected_nodes, indirect_only = self.select_nodes(spec)
[2024-04-01T10:10:49.267+0000] {subprocess.py:93} INFO -   File "/home/***/.local/lib/python3.8/site-packages/dbt/graph/selector.py", line 158, in select_nodes
[2024-04-01T10:10:49.272+0000] {subprocess.py:93} INFO -     direct_nodes, indirect_nodes = self.select_nodes_recursively(spec)
[2024-04-01T10:10:49.274+0000] {subprocess.py:93} INFO -   File "/home/***/.local/lib/python3.8/site-packages/dbt/graph/selector.py", line 130, in select_nodes_recursively
[2024-04-01T10:10:49.279+0000] {subprocess.py:93} INFO -     bundles = [self.select_nodes_recursively(component) for component in spec]
[2024-04-01T10:10:49.284+0000] {subprocess.py:93} INFO -   File "/home/***/.local/lib/python3.8/site-packages/dbt/graph/selector.py", line 130, in <listcomp>
[2024-04-01T10:10:49.286+0000] {subprocess.py:93} INFO -     bundles = [self.select_nodes_recursively(component) for component in spec]
[2024-04-01T10:10:49.290+0000] {subprocess.py:93} INFO -   File "/home/***/.local/lib/python3.8/site-packages/dbt/graph/selector.py", line 130, in select_nodes_recursively
[2024-04-01T10:10:49.291+0000] {subprocess.py:93} INFO -     bundles = [self.select_nodes_recursively(component) for component in spec]
[2024-04-01T10:10:49.293+0000] {subprocess.py:93} INFO -   File "/home/***/.local/lib/python3.8/site-packages/dbt/graph/selector.py", line 130, in <listcomp>
[2024-04-01T10:10:49.299+0000] {subprocess.py:93} INFO -     bundles = [self.select_nodes_recursively(component) for component in spec]
[2024-04-01T10:10:49.301+0000] {subprocess.py:93} INFO -   File "/home/***/.local/lib/python3.8/site-packages/dbt/graph/selector.py", line 130, in select_nodes_recursively
[2024-04-01T10:10:49.303+0000] {subprocess.py:93} INFO -     bundles = [self.select_nodes_recursively(component) for component in spec]
[2024-04-01T10:10:49.308+0000] {subprocess.py:93} INFO -   File "/home/***/.local/lib/python3.8/site-packages/dbt/graph/selector.py", line 130, in <listcomp>
[2024-04-01T10:10:49.320+0000] {subprocess.py:93} INFO -     bundles = [self.select_nodes_recursively(component) for component in spec]
[2024-04-01T10:10:49.330+0000] {subprocess.py:93} INFO -   File "/home/***/.local/lib/python3.8/site-packages/dbt/graph/selector.py", line 128, in select_nodes_recursively
[2024-04-01T10:10:49.336+0000] {subprocess.py:93} INFO -     direct_nodes, indirect_nodes = self.get_nodes_from_criteria(spec)
[2024-04-01T10:10:49.349+0000] {subprocess.py:93} INFO -   File "/home/***/.local/lib/python3.8/site-packages/dbt/graph/selector.py", line 82, in get_nodes_from_criteria
[2024-04-01T10:10:49.449+0000] {subprocess.py:93} INFO -     collected = self.select_included(nodes, spec)
[2024-04-01T10:10:49.477+0000] {subprocess.py:93} INFO -   File "/home/***/.local/lib/python3.8/site-packages/dbt/graph/selector.py", line 68, in select_included
[2024-04-01T10:10:49.479+0000] {subprocess.py:93} INFO -     return set(method.search(included_nodes, spec.value))
[2024-04-01T10:10:49.501+0000] {subprocess.py:93} INFO -   File "/home/***/.local/lib/python3.8/site-packages/dbt/graph/selector_methods.py", line 413, in search
[2024-04-01T10:10:49.509+0000] {subprocess.py:93} INFO -     paths = set(p.relative_to(root) for p in root.glob(selector))
[2024-04-01T10:10:49.513+0000] {subprocess.py:93} INFO -   File "/home/***/.local/lib/python3.8/site-packages/dbt/graph/selector_methods.py", line 413, in <genexpr>
[2024-04-01T10:10:49.523+0000] {subprocess.py:93} INFO -     paths = set(p.relative_to(root) for p in root.glob(selector))
[2024-04-01T10:10:49.565+0000] {subprocess.py:93} INFO -   File "/usr/local/lib/python3.8/pathlib.py", line 1138, in glob
[2024-04-01T10:10:49.570+0000] {subprocess.py:93} INFO -     raise NotImplementedError("Non-relative patterns are unsupported")
[2024-04-01T10:10:49.579+0000] {subprocess.py:93} INFO - NotImplementedError: Non-relative patterns are unsupported
[2024-04-01T10:10:49.839+0000] {subprocess.py:93} INFO - 
[2024-04-01T10:10:51.123+0000] {subprocess.py:97} INFO - Command exited with return code 2
[2024-04-01T10:10:51.160+0000] {taskinstance.py:2698} ERROR - Task failed with exception
Traceback (most recent call last):
  File "/home/airflow/.local/lib/python3.8/site-packages/airflow/models/taskinstance.py", line 433, in _execute_task
    result = execute_callable(context=context, **execute_callable_kwargs)
  File "/home/airflow/.local/lib/python3.8/site-packages/airflow/operators/bash.py", line 212, in execute
    raise AirflowException(
airflow.exceptions.AirflowException: Bash command failed. The command returned a non-zero exit code 2.
[2024-04-01T10:10:51.613+0000] {taskinstance.py:1138} INFO - Marking task as UP_FOR_RETRY. dag_id=freshness___dbt, task_id=run_model1, execution_date=20240328T000000, start_date=20240401T100947, end_date=20240401T101051
[2024-04-01T10:10:52.159+0000] {standard_task_runner.py:107} ERROR - Failed to execute job 216 for task run_model1 (Bash command failed. The command returned a non-zero exit code 2.; 1515)
[2024-04-01T10:10:52.221+0000] {local_task_job_runner.py:234} INFO - Task exited with return code 1
[2024-04-01T10:10:52.312+0000] {taskinstance.py:3280} INFO - 0 downstream tasks scheduled from follow-on schedule check
