[2024-04-03T14:00:38.960+0000] {taskinstance.py:1956} INFO - Dependencies all met for dep_context=non-requeueable deps ti=<TaskInstance: dag___fresh.dbt_data_quality_checks manual__2024-04-03T13:55:04.358255+00:00 [queued]>
[2024-04-03T14:00:38.982+0000] {taskinstance.py:1956} INFO - Dependencies all met for dep_context=requeueable deps ti=<TaskInstance: dag___fresh.dbt_data_quality_checks manual__2024-04-03T13:55:04.358255+00:00 [queued]>
[2024-04-03T14:00:38.983+0000] {taskinstance.py:2170} INFO - Starting attempt 2 of 2
[2024-04-03T14:00:39.002+0000] {taskinstance.py:2191} INFO - Executing <Task(CustomBashOperator): dbt_data_quality_checks> on 2024-04-03 13:55:04.358255+00:00
[2024-04-03T14:00:39.008+0000] {standard_task_runner.py:60} INFO - Started process 4902 to run task
[2024-04-03T14:00:39.012+0000] {standard_task_runner.py:87} INFO - Running: ['***', 'tasks', 'run', 'dag___fresh', 'dbt_data_quality_checks', 'manual__2024-04-03T13:55:04.358255+00:00', '--job-id', '384', '--raw', '--subdir', 'DAGS_FOLDER/dbt_dag.py', '--cfg-path', '/tmp/tmp31piwa6c']
[2024-04-03T14:00:39.015+0000] {standard_task_runner.py:88} INFO - Job 384: Subtask dbt_data_quality_checks
[2024-04-03T14:00:39.078+0000] {task_command.py:423} INFO - Running <TaskInstance: dag___fresh.dbt_data_quality_checks manual__2024-04-03T13:55:04.358255+00:00 [running]> on host 62dc842f1ceb
[2024-04-03T14:00:39.184+0000] {taskinstance.py:2480} INFO - Exporting env vars: AIRFLOW_CTX_DAG_OWNER='***' AIRFLOW_CTX_DAG_ID='dag___fresh' AIRFLOW_CTX_TASK_ID='dbt_data_quality_checks' AIRFLOW_CTX_EXECUTION_DATE='2024-04-03T13:55:04.358255+00:00' AIRFLOW_CTX_TRY_NUMBER='2' AIRFLOW_CTX_DAG_RUN_ID='manual__2024-04-03T13:55:04.358255+00:00'
[2024-04-03T14:01:16.776+0000] {dbt_dag.py:71} ERROR - Error occurred: Command '/home/***/.local/bin/dbt test --profiles-dir /home/***/.dbt --project-dir /opt/***/proj' returned non-zero exit status 1.
[2024-04-03T14:01:16.779+0000] {taskinstance.py:2698} ERROR - Task failed with exception
Traceback (most recent call last):
  File "/home/airflow/.local/lib/python3.8/site-packages/airflow/models/taskinstance.py", line 433, in _execute_task
    result = execute_callable(context=context, **execute_callable_kwargs)
  File "/opt/airflow/dags/dbt_dag.py", line 72, in execute
    raise e
  File "/opt/airflow/dags/dbt_dag.py", line 65, in execute
    result = subprocess.run(self.bash_command, shell=True, capture_output=True, text=True, check=True)
  File "/usr/local/lib/python3.8/subprocess.py", line 516, in run
    raise CalledProcessError(retcode, process.args,
subprocess.CalledProcessError: Command '/home/airflow/.local/bin/dbt test --profiles-dir /home/airflow/.dbt --project-dir /opt/airflow/proj' returned non-zero exit status 1.
[2024-04-03T14:01:16.801+0000] {taskinstance.py:1138} INFO - Marking task as FAILED. dag_id=dag___fresh, task_id=dbt_data_quality_checks, execution_date=20240403T135504, start_date=20240403T140038, end_date=20240403T140116
[2024-04-03T14:01:16.830+0000] {standard_task_runner.py:107} ERROR - Failed to execute job 384 for task dbt_data_quality_checks (Command '/home/airflow/.local/bin/dbt test --profiles-dir /home/airflow/.dbt --project-dir /opt/airflow/proj' returned non-zero exit status 1.; 4902)
[2024-04-03T14:01:16.883+0000] {local_task_job_runner.py:234} INFO - Task exited with return code 1
[2024-04-03T14:01:16.928+0000] {taskinstance.py:3280} INFO - 0 downstream tasks scheduled from follow-on schedule check
