[2024-04-01T11:36:13.514+0000] {taskinstance.py:1956} INFO - Dependencies all met for dep_context=non-requeueable deps ti=<TaskInstance: dag___fresh___freshnes_test.dbt_data_quality_checks scheduled__0001-04-01T19:00:00+00:00 [queued]>
[2024-04-01T11:36:13.587+0000] {taskinstance.py:1956} INFO - Dependencies all met for dep_context=requeueable deps ti=<TaskInstance: dag___fresh___freshnes_test.dbt_data_quality_checks scheduled__0001-04-01T19:00:00+00:00 [queued]>
[2024-04-01T11:36:13.604+0000] {taskinstance.py:2170} INFO - Starting attempt 1 of 2
[2024-04-01T11:36:13.796+0000] {taskinstance.py:2191} INFO - Executing <Task(BashOperator): dbt_data_quality_checks> on 0001-04-01 19:00:00+00:00
[2024-04-01T11:36:13.836+0000] {standard_task_runner.py:60} INFO - Started process 1751 to run task
[2024-04-01T11:36:13.897+0000] {standard_task_runner.py:87} INFO - Running: ['***', 'tasks', 'run', 'dag___fresh___freshnes_test', 'dbt_data_quality_checks', 'scheduled__0001-04-01T19:00:00+00:00', '--job-id', '290', '--raw', '--subdir', 'DAGS_FOLDER/freshnes_test_model.py', '--cfg-path', '/tmp/tmpowyso721']
[2024-04-01T11:36:13.959+0000] {standard_task_runner.py:88} INFO - Job 290: Subtask dbt_data_quality_checks
[2024-04-01T11:36:14.432+0000] {task_command.py:423} INFO - Running <TaskInstance: dag___fresh___freshnes_test.dbt_data_quality_checks scheduled__0001-04-01T19:00:00+00:00 [running]> on host 62dc842f1ceb
[2024-04-01T11:36:15.010+0000] {taskinstance.py:2480} INFO - Exporting env vars: AIRFLOW_CTX_DAG_OWNER='***' AIRFLOW_CTX_DAG_ID='dag___fresh___freshnes_test' AIRFLOW_CTX_TASK_ID='dbt_data_quality_checks' AIRFLOW_CTX_EXECUTION_DATE='0001-04-01T19:00:00+00:00' AIRFLOW_CTX_TRY_NUMBER='1' AIRFLOW_CTX_DAG_RUN_ID='scheduled__0001-04-01T19:00:00+00:00'
[2024-04-01T11:36:15.051+0000] {subprocess.py:63} INFO - Tmp dir root location: /tmp
[2024-04-01T11:36:15.073+0000] {subprocess.py:75} INFO - Running command: ['/usr/bin/bash', '-c', '/home/***/.local/bin/dbt source freshness --select "source:public.freshnes_test" --profiles-dir /home/***/.dbt --project-dir /opt/***/proj']
[2024-04-01T11:36:15.316+0000] {subprocess.py:86} INFO - Output:
[2024-04-01T11:36:51.343+0000] {subprocess.py:93} INFO - [0m11:36:51  Running with dbt=1.7.10
[2024-04-01T11:36:54.924+0000] {subprocess.py:93} INFO - [0m11:36:54  Registered adapter: postgres=1.7.10
[2024-04-01T11:37:03.478+0000] {subprocess.py:93} INFO - [0m11:37:03  Encountered an error:
[2024-04-01T11:37:03.489+0000] {subprocess.py:93} INFO - [Errno 5] Input/output error: '/opt/***/proj/dbt_packages/dbt_utils/macros/jinja_helpers/_is_relation.sql'
[2024-04-01T11:37:03.503+0000] {subprocess.py:93} INFO - [0m11:37:03  Traceback (most recent call last):
[2024-04-01T11:37:03.505+0000] {subprocess.py:93} INFO -   File "/home/***/.local/lib/python3.8/site-packages/dbt/cli/requires.py", line 91, in wrapper
[2024-04-01T11:37:03.513+0000] {subprocess.py:93} INFO -     result, success = func(*args, **kwargs)
[2024-04-01T11:37:03.529+0000] {subprocess.py:93} INFO -   File "/home/***/.local/lib/python3.8/site-packages/dbt/cli/requires.py", line 76, in wrapper
[2024-04-01T11:37:03.531+0000] {subprocess.py:93} INFO -     return func(*args, **kwargs)
[2024-04-01T11:37:03.539+0000] {subprocess.py:93} INFO -   File "/home/***/.local/lib/python3.8/site-packages/dbt/cli/requires.py", line 169, in wrapper
[2024-04-01T11:37:03.541+0000] {subprocess.py:93} INFO -     return func(*args, **kwargs)
[2024-04-01T11:37:03.554+0000] {subprocess.py:93} INFO -   File "/home/***/.local/lib/python3.8/site-packages/dbt/cli/requires.py", line 198, in wrapper
[2024-04-01T11:37:03.566+0000] {subprocess.py:93} INFO -     return func(*args, **kwargs)
[2024-04-01T11:37:03.569+0000] {subprocess.py:93} INFO -   File "/home/***/.local/lib/python3.8/site-packages/dbt/cli/requires.py", line 245, in wrapper
[2024-04-01T11:37:03.578+0000] {subprocess.py:93} INFO -     return func(*args, **kwargs)
[2024-04-01T11:37:03.584+0000] {subprocess.py:93} INFO -   File "/home/***/.local/lib/python3.8/site-packages/dbt/cli/requires.py", line 271, in wrapper
[2024-04-01T11:37:03.586+0000] {subprocess.py:93} INFO -     ctx.obj["manifest"] = parse_manifest(
[2024-04-01T11:37:03.587+0000] {subprocess.py:93} INFO -   File "/home/***/.local/lib/python3.8/site-packages/dbt/parser/manifest.py", line 1798, in parse_manifest
[2024-04-01T11:37:03.610+0000] {subprocess.py:93} INFO -     manifest = ManifestLoader.get_full_manifest(
[2024-04-01T11:37:03.619+0000] {subprocess.py:93} INFO -   File "/home/***/.local/lib/python3.8/site-packages/dbt/parser/manifest.py", line 318, in get_full_manifest
[2024-04-01T11:37:03.631+0000] {subprocess.py:93} INFO -     manifest = loader.load()
[2024-04-01T11:37:03.635+0000] {subprocess.py:93} INFO -   File "/home/***/.local/lib/python3.8/site-packages/dbt/parser/manifest.py", line 365, in load
[2024-04-01T11:37:03.642+0000] {subprocess.py:93} INFO -     file_reader.read_files()
[2024-04-01T11:37:03.645+0000] {subprocess.py:93} INFO -   File "/home/***/.local/lib/python3.8/site-packages/dbt/parser/read_files.py", line 203, in read_files
[2024-04-01T11:37:03.657+0000] {subprocess.py:93} INFO -     self.read_files_for_project(project, file_types)
[2024-04-01T11:37:03.659+0000] {subprocess.py:93} INFO -   File "/home/***/.local/lib/python3.8/site-packages/dbt/parser/read_files.py", line 210, in read_files_for_project
[2024-04-01T11:37:03.661+0000] {subprocess.py:93} INFO -     project_files[file_type_info["parser"]] = read_files_for_parser(
[2024-04-01T11:37:03.663+0000] {subprocess.py:93} INFO -   File "/home/***/.local/lib/python3.8/site-packages/dbt/parser/read_files.py", line 158, in read_files_for_parser
[2024-04-01T11:37:03.665+0000] {subprocess.py:93} INFO -     source_files = get_source_files(
[2024-04-01T11:37:03.672+0000] {subprocess.py:93} INFO -   File "/home/***/.local/lib/python3.8/site-packages/dbt/parser/read_files.py", line 134, in get_source_files
[2024-04-01T11:37:03.680+0000] {subprocess.py:93} INFO -     fp_list = filesystem_search(project, paths, extension, ignore_spec)
[2024-04-01T11:37:03.744+0000] {subprocess.py:93} INFO -   File "/home/***/.local/lib/python3.8/site-packages/dbt/parser/search.py", line 74, in filesystem_search
[2024-04-01T11:37:03.812+0000] {subprocess.py:93} INFO -     for result in find_matching(root, relative_dirs, ext, ignore_spec):
[2024-04-01T11:37:03.858+0000] {subprocess.py:93} INFO -   File "/home/***/.local/lib/python3.8/site-packages/dbt/clients/system.py", line 79, in find_matching
[2024-04-01T11:37:03.874+0000] {subprocess.py:93} INFO -     modification_time = os.path.getmtime(absolute_path)
[2024-04-01T11:37:03.875+0000] {subprocess.py:93} INFO -   File "/usr/local/lib/python3.8/genericpath.py", line 55, in getmtime
[2024-04-01T11:37:03.878+0000] {subprocess.py:93} INFO -     return os.stat(filename).st_mtime
[2024-04-01T11:37:03.880+0000] {subprocess.py:93} INFO - OSError: [Errno 5] Input/output error: '/opt/***/proj/dbt_packages/dbt_utils/macros/jinja_helpers/_is_relation.sql'
[2024-04-01T11:37:03.883+0000] {subprocess.py:93} INFO - 
[2024-04-01T11:37:05.277+0000] {subprocess.py:97} INFO - Command exited with return code 2
[2024-04-01T11:37:05.333+0000] {taskinstance.py:2698} ERROR - Task failed with exception
Traceback (most recent call last):
  File "/home/airflow/.local/lib/python3.8/site-packages/airflow/models/taskinstance.py", line 433, in _execute_task
    result = execute_callable(context=context, **execute_callable_kwargs)
  File "/home/airflow/.local/lib/python3.8/site-packages/airflow/operators/bash.py", line 212, in execute
    raise AirflowException(
airflow.exceptions.AirflowException: Bash command failed. The command returned a non-zero exit code 2.
[2024-04-01T11:37:05.387+0000] {taskinstance.py:1138} INFO - Marking task as UP_FOR_RETRY. dag_id=dag___fresh___freshnes_test, task_id=dbt_data_quality_checks, execution_date=10401T190000, start_date=20240401T113613, end_date=20240401T113705
[2024-04-01T11:37:05.504+0000] {standard_task_runner.py:107} ERROR - Failed to execute job 290 for task dbt_data_quality_checks (Bash command failed. The command returned a non-zero exit code 2.; 1751)
[2024-04-01T11:37:05.574+0000] {local_task_job_runner.py:234} INFO - Task exited with return code 1
[2024-04-01T11:37:05.646+0000] {taskinstance.py:3280} INFO - 0 downstream tasks scheduled from follow-on schedule check
