[2024-04-01T11:35:36.774+0000] {taskinstance.py:1956} INFO - Dependencies all met for dep_context=non-requeueable deps ti=<TaskInstance: dag___fresh___freshnes_test.dbt_data_quality_checks scheduled__0001-04-01T13:00:00+00:00 [queued]>
[2024-04-01T11:35:36.802+0000] {taskinstance.py:1956} INFO - Dependencies all met for dep_context=requeueable deps ti=<TaskInstance: dag___fresh___freshnes_test.dbt_data_quality_checks scheduled__0001-04-01T13:00:00+00:00 [queued]>
[2024-04-01T11:35:36.804+0000] {taskinstance.py:2170} INFO - Starting attempt 1 of 2
[2024-04-01T11:35:36.864+0000] {taskinstance.py:2191} INFO - Executing <Task(BashOperator): dbt_data_quality_checks> on 0001-04-01 13:00:00+00:00
[2024-04-01T11:35:36.881+0000] {standard_task_runner.py:60} INFO - Started process 1692 to run task
[2024-04-01T11:35:36.891+0000] {standard_task_runner.py:87} INFO - Running: ['***', 'tasks', 'run', 'dag___fresh___freshnes_test', 'dbt_data_quality_checks', 'scheduled__0001-04-01T13:00:00+00:00', '--job-id', '284', '--raw', '--subdir', 'DAGS_FOLDER/freshnes_test_model.py', '--cfg-path', '/tmp/tmphyic8t8q']
[2024-04-01T11:35:36.902+0000] {standard_task_runner.py:88} INFO - Job 284: Subtask dbt_data_quality_checks
[2024-04-01T11:35:37.054+0000] {task_command.py:423} INFO - Running <TaskInstance: dag___fresh___freshnes_test.dbt_data_quality_checks scheduled__0001-04-01T13:00:00+00:00 [running]> on host 62dc842f1ceb
[2024-04-01T11:35:37.335+0000] {taskinstance.py:2480} INFO - Exporting env vars: AIRFLOW_CTX_DAG_OWNER='***' AIRFLOW_CTX_DAG_ID='dag___fresh___freshnes_test' AIRFLOW_CTX_TASK_ID='dbt_data_quality_checks' AIRFLOW_CTX_EXECUTION_DATE='0001-04-01T13:00:00+00:00' AIRFLOW_CTX_TRY_NUMBER='1' AIRFLOW_CTX_DAG_RUN_ID='scheduled__0001-04-01T13:00:00+00:00'
[2024-04-01T11:35:37.342+0000] {subprocess.py:63} INFO - Tmp dir root location: /tmp
[2024-04-01T11:35:37.352+0000] {subprocess.py:75} INFO - Running command: ['/usr/bin/bash', '-c', '/home/***/.local/bin/dbt source freshness --select "source:public.freshnes_test" --profiles-dir /home/***/.dbt --project-dir /opt/***/proj']
[2024-04-01T11:35:37.391+0000] {subprocess.py:86} INFO - Output:
[2024-04-01T11:35:56.528+0000] {subprocess.py:93} INFO - [0m11:35:56  Running with dbt=1.7.10
[2024-04-01T11:36:01.860+0000] {subprocess.py:93} INFO - [0m11:36:01  Registered adapter: postgres=1.7.10
[2024-04-01T11:36:16.339+0000] {subprocess.py:93} INFO - [0m11:36:16  Encountered an error:
[2024-04-01T11:36:16.342+0000] {subprocess.py:93} INFO - [Errno 5] Input/output error: '/opt/***/proj/dbt_packages/dbt_utils/macros/sql/pivot.sql'
[2024-04-01T11:36:16.389+0000] {subprocess.py:93} INFO - [0m11:36:16  Traceback (most recent call last):
[2024-04-01T11:36:16.391+0000] {subprocess.py:93} INFO -   File "/home/***/.local/lib/python3.8/site-packages/dbt/cli/requires.py", line 91, in wrapper
[2024-04-01T11:36:16.393+0000] {subprocess.py:93} INFO -     result, success = func(*args, **kwargs)
[2024-04-01T11:36:16.395+0000] {subprocess.py:93} INFO -   File "/home/***/.local/lib/python3.8/site-packages/dbt/cli/requires.py", line 76, in wrapper
[2024-04-01T11:36:16.397+0000] {subprocess.py:93} INFO -     return func(*args, **kwargs)
[2024-04-01T11:36:16.398+0000] {subprocess.py:93} INFO -   File "/home/***/.local/lib/python3.8/site-packages/dbt/cli/requires.py", line 169, in wrapper
[2024-04-01T11:36:16.399+0000] {subprocess.py:93} INFO -     return func(*args, **kwargs)
[2024-04-01T11:36:16.407+0000] {subprocess.py:93} INFO -   File "/home/***/.local/lib/python3.8/site-packages/dbt/cli/requires.py", line 198, in wrapper
[2024-04-01T11:36:16.409+0000] {subprocess.py:93} INFO -     return func(*args, **kwargs)
[2024-04-01T11:36:16.415+0000] {subprocess.py:93} INFO -   File "/home/***/.local/lib/python3.8/site-packages/dbt/cli/requires.py", line 245, in wrapper
[2024-04-01T11:36:16.419+0000] {subprocess.py:93} INFO -     return func(*args, **kwargs)
[2024-04-01T11:36:16.421+0000] {subprocess.py:93} INFO -   File "/home/***/.local/lib/python3.8/site-packages/dbt/cli/requires.py", line 271, in wrapper
[2024-04-01T11:36:16.424+0000] {subprocess.py:93} INFO -     ctx.obj["manifest"] = parse_manifest(
[2024-04-01T11:36:16.429+0000] {subprocess.py:93} INFO -   File "/home/***/.local/lib/python3.8/site-packages/dbt/parser/manifest.py", line 1798, in parse_manifest
[2024-04-01T11:36:16.439+0000] {subprocess.py:93} INFO -     manifest = ManifestLoader.get_full_manifest(
[2024-04-01T11:36:16.460+0000] {subprocess.py:93} INFO -   File "/home/***/.local/lib/python3.8/site-packages/dbt/parser/manifest.py", line 318, in get_full_manifest
[2024-04-01T11:36:16.467+0000] {subprocess.py:93} INFO -     manifest = loader.load()
[2024-04-01T11:36:16.476+0000] {subprocess.py:93} INFO -   File "/home/***/.local/lib/python3.8/site-packages/dbt/parser/manifest.py", line 365, in load
[2024-04-01T11:36:16.493+0000] {subprocess.py:93} INFO -     file_reader.read_files()
[2024-04-01T11:36:16.499+0000] {subprocess.py:93} INFO -   File "/home/***/.local/lib/python3.8/site-packages/dbt/parser/read_files.py", line 203, in read_files
[2024-04-01T11:36:16.505+0000] {subprocess.py:93} INFO -     self.read_files_for_project(project, file_types)
[2024-04-01T11:36:16.537+0000] {subprocess.py:93} INFO -   File "/home/***/.local/lib/python3.8/site-packages/dbt/parser/read_files.py", line 210, in read_files_for_project
[2024-04-01T11:36:16.554+0000] {subprocess.py:93} INFO -     project_files[file_type_info["parser"]] = read_files_for_parser(
[2024-04-01T11:36:16.556+0000] {subprocess.py:93} INFO -   File "/home/***/.local/lib/python3.8/site-packages/dbt/parser/read_files.py", line 158, in read_files_for_parser
[2024-04-01T11:36:16.568+0000] {subprocess.py:93} INFO -     source_files = get_source_files(
[2024-04-01T11:36:16.571+0000] {subprocess.py:93} INFO -   File "/home/***/.local/lib/python3.8/site-packages/dbt/parser/read_files.py", line 134, in get_source_files
[2024-04-01T11:36:16.584+0000] {subprocess.py:93} INFO -     fp_list = filesystem_search(project, paths, extension, ignore_spec)
[2024-04-01T11:36:16.594+0000] {subprocess.py:93} INFO -   File "/home/***/.local/lib/python3.8/site-packages/dbt/parser/search.py", line 74, in filesystem_search
[2024-04-01T11:36:16.604+0000] {subprocess.py:93} INFO -     for result in find_matching(root, relative_dirs, ext, ignore_spec):
[2024-04-01T11:36:16.605+0000] {subprocess.py:93} INFO -   File "/home/***/.local/lib/python3.8/site-packages/dbt/clients/system.py", line 79, in find_matching
[2024-04-01T11:36:16.605+0000] {subprocess.py:93} INFO -     modification_time = os.path.getmtime(absolute_path)
[2024-04-01T11:36:16.614+0000] {subprocess.py:93} INFO -   File "/usr/local/lib/python3.8/genericpath.py", line 55, in getmtime
[2024-04-01T11:36:16.638+0000] {subprocess.py:93} INFO -     return os.stat(filename).st_mtime
[2024-04-01T11:36:16.654+0000] {subprocess.py:93} INFO - OSError: [Errno 5] Input/output error: '/opt/***/proj/dbt_packages/dbt_utils/macros/sql/pivot.sql'
[2024-04-01T11:36:16.662+0000] {subprocess.py:93} INFO - 
[2024-04-01T11:36:18.623+0000] {subprocess.py:97} INFO - Command exited with return code 2
[2024-04-01T11:36:18.814+0000] {taskinstance.py:2698} ERROR - Task failed with exception
Traceback (most recent call last):
  File "/home/airflow/.local/lib/python3.8/site-packages/airflow/models/taskinstance.py", line 433, in _execute_task
    result = execute_callable(context=context, **execute_callable_kwargs)
  File "/home/airflow/.local/lib/python3.8/site-packages/airflow/operators/bash.py", line 212, in execute
    raise AirflowException(
airflow.exceptions.AirflowException: Bash command failed. The command returned a non-zero exit code 2.
[2024-04-01T11:36:18.859+0000] {taskinstance.py:1138} INFO - Marking task as UP_FOR_RETRY. dag_id=dag___fresh___freshnes_test, task_id=dbt_data_quality_checks, execution_date=10401T130000, start_date=20240401T113536, end_date=20240401T113618
[2024-04-01T11:36:19.074+0000] {standard_task_runner.py:107} ERROR - Failed to execute job 284 for task dbt_data_quality_checks (Bash command failed. The command returned a non-zero exit code 2.; 1692)
[2024-04-01T11:36:19.169+0000] {local_task_job_runner.py:234} INFO - Task exited with return code 1
[2024-04-01T11:36:19.230+0000] {taskinstance.py:3280} INFO - 0 downstream tasks scheduled from follow-on schedule check
