[2024-04-01T10:04:52.116+0000] {taskinstance.py:1956} INFO - Dependencies all met for dep_context=non-requeueable deps ti=<TaskInstance: dag___freshness.run_model1 scheduled__2024-03-16T12:00:00+00:00 [queued]>
[2024-04-01T10:04:52.201+0000] {taskinstance.py:1956} INFO - Dependencies all met for dep_context=requeueable deps ti=<TaskInstance: dag___freshness.run_model1 scheduled__2024-03-16T12:00:00+00:00 [queued]>
[2024-04-01T10:04:52.205+0000] {taskinstance.py:2170} INFO - Starting attempt 1 of 2
[2024-04-01T10:04:52.799+0000] {taskinstance.py:2191} INFO - Executing <Task(BashOperator): run_model1> on 2024-03-16 12:00:00+00:00
[2024-04-01T10:04:52.831+0000] {standard_task_runner.py:60} INFO - Started process 1196 to run task
[2024-04-01T10:04:52.893+0000] {standard_task_runner.py:87} INFO - Running: ['***', 'tasks', 'run', 'dag___freshness', 'run_model1', 'scheduled__2024-03-16T12:00:00+00:00', '--job-id', '181', '--raw', '--subdir', 'DAGS_FOLDER/freshness_test_dag.py', '--cfg-path', '/tmp/tmp177u7v6v']
[2024-04-01T10:04:52.917+0000] {standard_task_runner.py:88} INFO - Job 181: Subtask run_model1
[2024-04-01T10:04:53.190+0000] {task_command.py:423} INFO - Running <TaskInstance: dag___freshness.run_model1 scheduled__2024-03-16T12:00:00+00:00 [running]> on host 62dc842f1ceb
[2024-04-01T10:04:53.646+0000] {taskinstance.py:2480} INFO - Exporting env vars: AIRFLOW_CTX_DAG_OWNER='***' AIRFLOW_CTX_DAG_ID='dag___freshness' AIRFLOW_CTX_TASK_ID='run_model1' AIRFLOW_CTX_EXECUTION_DATE='2024-03-16T12:00:00+00:00' AIRFLOW_CTX_TRY_NUMBER='1' AIRFLOW_CTX_DAG_RUN_ID='scheduled__2024-03-16T12:00:00+00:00'
[2024-04-01T10:04:53.660+0000] {subprocess.py:63} INFO - Tmp dir root location: /tmp
[2024-04-01T10:04:53.669+0000] {subprocess.py:75} INFO - Running command: ['/usr/bin/bash', '-c', '/home/***/.local/bin/dbt run --models my_first_dbt_model my_second_dbt_model  --profiles-dir /home/***/.dbt --project-dir /opt/***/proj']
[2024-04-01T10:04:53.782+0000] {subprocess.py:86} INFO - Output:
[2024-04-01T10:05:34.192+0000] {subprocess.py:93} INFO - [0m10:05:34  Running with dbt=1.7.10
[2024-04-01T10:05:39.281+0000] {subprocess.py:93} INFO - [0m10:05:39  Registered adapter: postgres=1.7.10
[2024-04-01T10:05:43.164+0000] {subprocess.py:93} INFO - [0m10:05:43  Encountered an error:
[2024-04-01T10:05:43.170+0000] {subprocess.py:93} INFO - [Errno 5] Input/output error: '/opt/***/proj/dbt_packages/dbt_expectations/macros/schema_tests/string_matching/expect_column_values_to_not_match_like_pattern.sql'
[2024-04-01T10:05:43.172+0000] {subprocess.py:93} INFO - [0m10:05:43  Traceback (most recent call last):
[2024-04-01T10:05:43.172+0000] {subprocess.py:93} INFO -   File "/home/***/.local/lib/python3.8/site-packages/dbt/cli/requires.py", line 91, in wrapper
[2024-04-01T10:05:43.173+0000] {subprocess.py:93} INFO -     result, success = func(*args, **kwargs)
[2024-04-01T10:05:43.174+0000] {subprocess.py:93} INFO -   File "/home/***/.local/lib/python3.8/site-packages/dbt/cli/requires.py", line 76, in wrapper
[2024-04-01T10:05:43.175+0000] {subprocess.py:93} INFO -     return func(*args, **kwargs)
[2024-04-01T10:05:43.175+0000] {subprocess.py:93} INFO -   File "/home/***/.local/lib/python3.8/site-packages/dbt/cli/requires.py", line 169, in wrapper
[2024-04-01T10:05:43.181+0000] {subprocess.py:93} INFO -     return func(*args, **kwargs)
[2024-04-01T10:05:43.182+0000] {subprocess.py:93} INFO -   File "/home/***/.local/lib/python3.8/site-packages/dbt/cli/requires.py", line 198, in wrapper
[2024-04-01T10:05:43.183+0000] {subprocess.py:93} INFO -     return func(*args, **kwargs)
[2024-04-01T10:05:43.184+0000] {subprocess.py:93} INFO -   File "/home/***/.local/lib/python3.8/site-packages/dbt/cli/requires.py", line 245, in wrapper
[2024-04-01T10:05:43.186+0000] {subprocess.py:93} INFO -     return func(*args, **kwargs)
[2024-04-01T10:05:43.187+0000] {subprocess.py:93} INFO -   File "/home/***/.local/lib/python3.8/site-packages/dbt/cli/requires.py", line 271, in wrapper
[2024-04-01T10:05:43.192+0000] {subprocess.py:93} INFO -     ctx.obj["manifest"] = parse_manifest(
[2024-04-01T10:05:43.194+0000] {subprocess.py:93} INFO -   File "/home/***/.local/lib/python3.8/site-packages/dbt/parser/manifest.py", line 1798, in parse_manifest
[2024-04-01T10:05:43.196+0000] {subprocess.py:93} INFO -     manifest = ManifestLoader.get_full_manifest(
[2024-04-01T10:05:43.199+0000] {subprocess.py:93} INFO -   File "/home/***/.local/lib/python3.8/site-packages/dbt/parser/manifest.py", line 318, in get_full_manifest
[2024-04-01T10:05:43.202+0000] {subprocess.py:93} INFO -     manifest = loader.load()
[2024-04-01T10:05:43.203+0000] {subprocess.py:93} INFO -   File "/home/***/.local/lib/python3.8/site-packages/dbt/parser/manifest.py", line 365, in load
[2024-04-01T10:05:43.204+0000] {subprocess.py:93} INFO -     file_reader.read_files()
[2024-04-01T10:05:43.205+0000] {subprocess.py:93} INFO -   File "/home/***/.local/lib/python3.8/site-packages/dbt/parser/read_files.py", line 203, in read_files
[2024-04-01T10:05:43.213+0000] {subprocess.py:93} INFO -     self.read_files_for_project(project, file_types)
[2024-04-01T10:05:43.214+0000] {subprocess.py:93} INFO -   File "/home/***/.local/lib/python3.8/site-packages/dbt/parser/read_files.py", line 210, in read_files_for_project
[2024-04-01T10:05:43.216+0000] {subprocess.py:93} INFO -     project_files[file_type_info["parser"]] = read_files_for_parser(
[2024-04-01T10:05:43.230+0000] {subprocess.py:93} INFO -   File "/home/***/.local/lib/python3.8/site-packages/dbt/parser/read_files.py", line 158, in read_files_for_parser
[2024-04-01T10:05:43.231+0000] {subprocess.py:93} INFO -     source_files = get_source_files(
[2024-04-01T10:05:43.232+0000] {subprocess.py:93} INFO -   File "/home/***/.local/lib/python3.8/site-packages/dbt/parser/read_files.py", line 134, in get_source_files
[2024-04-01T10:05:43.233+0000] {subprocess.py:93} INFO -     fp_list = filesystem_search(project, paths, extension, ignore_spec)
[2024-04-01T10:05:43.234+0000] {subprocess.py:93} INFO -   File "/home/***/.local/lib/python3.8/site-packages/dbt/parser/search.py", line 74, in filesystem_search
[2024-04-01T10:05:43.235+0000] {subprocess.py:93} INFO -     for result in find_matching(root, relative_dirs, ext, ignore_spec):
[2024-04-01T10:05:43.236+0000] {subprocess.py:93} INFO -   File "/home/***/.local/lib/python3.8/site-packages/dbt/clients/system.py", line 79, in find_matching
[2024-04-01T10:05:43.237+0000] {subprocess.py:93} INFO -     modification_time = os.path.getmtime(absolute_path)
[2024-04-01T10:05:43.250+0000] {subprocess.py:93} INFO -   File "/usr/local/lib/python3.8/genericpath.py", line 55, in getmtime
[2024-04-01T10:05:43.253+0000] {subprocess.py:93} INFO -     return os.stat(filename).st_mtime
[2024-04-01T10:05:43.260+0000] {subprocess.py:93} INFO - OSError: [Errno 5] Input/output error: '/opt/***/proj/dbt_packages/dbt_expectations/macros/schema_tests/string_matching/expect_column_values_to_not_match_like_pattern.sql'
[2024-04-01T10:05:43.263+0000] {subprocess.py:93} INFO - 
[2024-04-01T10:05:45.404+0000] {subprocess.py:97} INFO - Command exited with return code 2
[2024-04-01T10:05:45.458+0000] {taskinstance.py:2698} ERROR - Task failed with exception
Traceback (most recent call last):
  File "/home/airflow/.local/lib/python3.8/site-packages/airflow/models/taskinstance.py", line 433, in _execute_task
    result = execute_callable(context=context, **execute_callable_kwargs)
  File "/home/airflow/.local/lib/python3.8/site-packages/airflow/operators/bash.py", line 212, in execute
    raise AirflowException(
airflow.exceptions.AirflowException: Bash command failed. The command returned a non-zero exit code 2.
[2024-04-01T10:05:45.470+0000] {taskinstance.py:1138} INFO - Marking task as UP_FOR_RETRY. dag_id=dag___freshness, task_id=run_model1, execution_date=20240316T120000, start_date=20240401T100452, end_date=20240401T100545
[2024-04-01T10:05:45.578+0000] {standard_task_runner.py:107} ERROR - Failed to execute job 181 for task run_model1 (Bash command failed. The command returned a non-zero exit code 2.; 1196)
[2024-04-01T10:05:45.672+0000] {local_task_job_runner.py:234} INFO - Task exited with return code 1
[2024-04-01T10:05:45.779+0000] {taskinstance.py:3280} INFO - 0 downstream tasks scheduled from follow-on schedule check
