[2024-03-25T12:23:42.396+0000] {taskinstance.py:1956} INFO - Dependencies all met for dep_context=non-requeueable deps ti=<TaskInstance: dag___dbt.dbt_data_quality_checks manual__2024-03-25T12:17:02.080631+00:00 [queued]>
[2024-03-25T12:23:42.415+0000] {taskinstance.py:1956} INFO - Dependencies all met for dep_context=requeueable deps ti=<TaskInstance: dag___dbt.dbt_data_quality_checks manual__2024-03-25T12:17:02.080631+00:00 [queued]>
[2024-03-25T12:23:42.416+0000] {taskinstance.py:2170} INFO - Starting attempt 1 of 2
[2024-03-25T12:23:42.445+0000] {taskinstance.py:2191} INFO - Executing <Task(BashOperator): dbt_data_quality_checks> on 2024-03-25 12:17:02.080631+00:00
[2024-03-25T12:23:42.457+0000] {standard_task_runner.py:60} INFO - Started process 645 to run task
[2024-03-25T12:23:42.467+0000] {standard_task_runner.py:87} INFO - Running: ['***', 'tasks', 'run', 'dag___dbt', 'dbt_data_quality_checks', 'manual__2024-03-25T12:17:02.080631+00:00', '--job-id', '35', '--raw', '--subdir', 'DAGS_FOLDER/dbt_dag.py', '--cfg-path', '/tmp/tmpp7c9so0t']
[2024-03-25T12:23:42.473+0000] {standard_task_runner.py:88} INFO - Job 35: Subtask dbt_data_quality_checks
[2024-03-25T12:23:42.579+0000] {task_command.py:423} INFO - Running <TaskInstance: dag___dbt.dbt_data_quality_checks manual__2024-03-25T12:17:02.080631+00:00 [running]> on host 62dc842f1ceb
[2024-03-25T12:23:42.731+0000] {taskinstance.py:2480} INFO - Exporting env vars: AIRFLOW_CTX_DAG_OWNER='***' AIRFLOW_CTX_DAG_ID='dag___dbt' AIRFLOW_CTX_TASK_ID='dbt_data_quality_checks' AIRFLOW_CTX_EXECUTION_DATE='2024-03-25T12:17:02.080631+00:00' AIRFLOW_CTX_TRY_NUMBER='1' AIRFLOW_CTX_DAG_RUN_ID='manual__2024-03-25T12:17:02.080631+00:00'
[2024-03-25T12:23:42.735+0000] {subprocess.py:63} INFO - Tmp dir root location: /tmp
[2024-03-25T12:23:42.737+0000] {subprocess.py:75} INFO - Running command: ['/usr/bin/bash', '-c', '/home/***/.local/bin/dbt test --profiles-dir /home/***/.dbt --project-dir /opt/***/proj']
[2024-03-25T12:23:42.755+0000] {subprocess.py:86} INFO - Output:
[2024-03-25T12:23:50.133+0000] {subprocess.py:93} INFO - [0m12:23:50  Running with dbt=1.7.10
[2024-03-25T12:23:50.904+0000] {subprocess.py:93} INFO - [0m12:23:50  Registered adapter: postgres=1.7.10
[2024-03-25T12:24:10.599+0000] {subprocess.py:93} INFO - [0m12:24:10  Found 32 models, 2 operations, 4 tests, 0 sources, 0 exposures, 0 metrics, 1407 macros, 0 groups, 0 semantic models
[2024-03-25T12:24:10.609+0000] {subprocess.py:93} INFO - [0m12:24:10
[2024-03-25T12:24:11.240+0000] {subprocess.py:93} INFO - [0m12:24:11
[2024-03-25T12:24:11.241+0000] {subprocess.py:93} INFO - [0m12:24:11  Running 1 on-run-start hook
[2024-03-25T12:24:11.421+0000] {subprocess.py:93} INFO - [0m12:24:11  1 of 1 START hook: elementary.on-run-start.0 ................................... [RUN]
[2024-03-25T12:24:11.423+0000] {subprocess.py:93} INFO - [0m12:24:11  1 of 1 OK hook: elementary.on-run-start.0 ...................................... [[32mOK[0m in 0.00s]
[2024-03-25T12:24:11.425+0000] {subprocess.py:93} INFO - [0m12:24:11
[2024-03-25T12:24:11.429+0000] {subprocess.py:93} INFO - [0m12:24:11  Concurrency: 1 threads (target='dev')
[2024-03-25T12:24:11.432+0000] {subprocess.py:93} INFO - [0m12:24:11
[2024-03-25T12:24:11.456+0000] {subprocess.py:93} INFO - [0m12:24:11  1 of 4 START test not_null_my_first_dbt_model_id ............................... [RUN]
[2024-03-25T12:24:12.541+0000] {subprocess.py:93} INFO - [0m12:24:12  1 of 4 FAIL 1 not_null_my_first_dbt_model_id ................................... [[31mFAIL 1[0m in 1.08s]
[2024-03-25T12:24:12.550+0000] {subprocess.py:93} INFO - [0m12:24:12  2 of 4 START test not_null_my_second_dbt_model_id .............................. [RUN]
[2024-03-25T12:24:12.775+0000] {subprocess.py:93} INFO - [0m12:24:12  2 of 4 ERROR not_null_my_second_dbt_model_id ................................... [[31mERROR[0m in 0.22s]
[2024-03-25T12:24:12.781+0000] {subprocess.py:93} INFO - [0m12:24:12  3 of 4 START test unique_my_first_dbt_model_id ................................. [RUN]
[2024-03-25T12:24:12.972+0000] {subprocess.py:93} INFO - [0m12:24:12  3 of 4 PASS unique_my_first_dbt_model_id ....................................... [[32mPASS[0m in 0.19s]
[2024-03-25T12:24:12.980+0000] {subprocess.py:93} INFO - [0m12:24:12  4 of 4 START test unique_my_second_dbt_model_id ................................ [RUN]
[2024-03-25T12:24:13.170+0000] {subprocess.py:93} INFO - [0m12:24:13  4 of 4 ERROR unique_my_second_dbt_model_id ..................................... [[31mERROR[0m in 0.19s]
[2024-03-25T12:24:13.416+0000] {subprocess.py:93} INFO - [0m12:24:13
[2024-03-25T12:24:13.418+0000] {subprocess.py:93} INFO - [0m12:24:13  Running 1 on-run-end hook
[2024-03-25T12:24:17.404+0000] {subprocess.py:93} INFO - [0m12:24:17  1 of 1 START hook: elementary.on-run-end.0 ..................................... [RUN]
[2024-03-25T12:24:17.406+0000] {subprocess.py:93} INFO - [0m12:24:17  1 of 1 OK hook: elementary.on-run-end.0 ........................................ [[32mOK[0m in 0.00s]
[2024-03-25T12:24:17.409+0000] {subprocess.py:93} INFO - [0m12:24:17
[2024-03-25T12:24:17.418+0000] {subprocess.py:93} INFO - [0m12:24:17
[2024-03-25T12:24:17.420+0000] {subprocess.py:93} INFO - [0m12:24:17  Finished running 4 tests, 2 hooks in 0 hours 0 minutes and 6.81 seconds (6.81s).
[2024-03-25T12:24:17.510+0000] {subprocess.py:93} INFO - [0m12:24:17
[2024-03-25T12:24:17.512+0000] {subprocess.py:93} INFO - [0m12:24:17  [31mCompleted with 3 errors and 0 warnings:[0m
[2024-03-25T12:24:17.514+0000] {subprocess.py:93} INFO - [0m12:24:17
[2024-03-25T12:24:17.516+0000] {subprocess.py:93} INFO - [0m12:24:17  [31mFailure in test not_null_my_first_dbt_model_id (models/example/schema.yml)[0m
[2024-03-25T12:24:17.517+0000] {subprocess.py:93} INFO - [0m12:24:17    Got 1 result, configured to fail if != 0
[2024-03-25T12:24:17.519+0000] {subprocess.py:93} INFO - [0m12:24:17
[2024-03-25T12:24:17.521+0000] {subprocess.py:93} INFO - [0m12:24:17    compiled Code at target/compiled/proj/models/example/schema.yml/not_null_my_first_dbt_model_id.sql
[2024-03-25T12:24:17.523+0000] {subprocess.py:93} INFO - [0m12:24:17
[2024-03-25T12:24:17.524+0000] {subprocess.py:93} INFO - [0m12:24:17    Database Error in test not_null_my_second_dbt_model_id (models/example/schema.yml)
[2024-03-25T12:24:17.525+0000] {subprocess.py:93} INFO -   ERREUR:  la relation Â« public.my_second_dbt_model Â» n'existe pas
[2024-03-25T12:24:17.526+0000] {subprocess.py:93} INFO -   LINE 14: from "postgres"."public"."my_second_dbt_model"
[2024-03-25T12:24:17.526+0000] {subprocess.py:93} INFO -                 ^
[2024-03-25T12:24:17.527+0000] {subprocess.py:93} INFO -   compiled Code at target/run/proj/models/example/schema.yml/not_null_my_second_dbt_model_id.sql
[2024-03-25T12:24:17.528+0000] {subprocess.py:93} INFO - [0m12:24:17
[2024-03-25T12:24:17.528+0000] {subprocess.py:93} INFO - [0m12:24:17    Database Error in test unique_my_second_dbt_model_id (models/example/schema.yml)
[2024-03-25T12:24:17.529+0000] {subprocess.py:93} INFO -   ERREUR:  la relation Â« public.my_second_dbt_model Â» n'existe pas
[2024-03-25T12:24:17.530+0000] {subprocess.py:93} INFO -   LINE 15: from "postgres"."public"."my_second_dbt_model"
[2024-03-25T12:24:17.530+0000] {subprocess.py:93} INFO -                 ^
[2024-03-25T12:24:17.531+0000] {subprocess.py:93} INFO -   compiled Code at target/run/proj/models/example/schema.yml/unique_my_second_dbt_model_id.sql
[2024-03-25T12:24:17.532+0000] {subprocess.py:93} INFO - [0m12:24:17
[2024-03-25T12:24:17.533+0000] {subprocess.py:93} INFO - [0m12:24:17  Done. PASS=1 WARN=0 ERROR=3 SKIP=0 TOTAL=4
[2024-03-25T12:24:18.968+0000] {subprocess.py:97} INFO - Command exited with return code 1
[2024-03-25T12:24:18.986+0000] {taskinstance.py:2698} ERROR - Task failed with exception
Traceback (most recent call last):
  File "/home/airflow/.local/lib/python3.8/site-packages/airflow/models/taskinstance.py", line 433, in _execute_task
    result = execute_callable(context=context, **execute_callable_kwargs)
  File "/home/airflow/.local/lib/python3.8/site-packages/airflow/operators/bash.py", line 212, in execute
    raise AirflowException(
airflow.exceptions.AirflowException: Bash command failed. The command returned a non-zero exit code 1.
[2024-03-25T12:24:18.993+0000] {taskinstance.py:1138} INFO - Marking task as UP_FOR_RETRY. dag_id=dag___dbt, task_id=dbt_data_quality_checks, execution_date=20240325T121702, start_date=20240325T122342, end_date=20240325T122418
[2024-03-25T12:24:19.013+0000] {standard_task_runner.py:107} ERROR - Failed to execute job 35 for task dbt_data_quality_checks (Bash command failed. The command returned a non-zero exit code 1.; 645)
[2024-03-25T12:24:19.044+0000] {local_task_job_runner.py:234} INFO - Task exited with return code 1
[2024-03-25T12:24:19.077+0000] {taskinstance.py:3280} INFO - 0 downstream tasks scheduled from follow-on schedule check
