[2024-04-01T09:51:49.399+0000] {taskinstance.py:1956} INFO - Dependencies all met for dep_context=non-requeueable deps ti=<TaskInstance: dag___dbt.run_model1 scheduled__2024-04-01T05:00:00+00:00 [queued]>
[2024-04-01T09:51:49.433+0000] {taskinstance.py:1956} INFO - Dependencies all met for dep_context=requeueable deps ti=<TaskInstance: dag___dbt.run_model1 scheduled__2024-04-01T05:00:00+00:00 [queued]>
[2024-04-01T09:51:49.435+0000] {taskinstance.py:2170} INFO - Starting attempt 2 of 2
[2024-04-01T09:51:49.478+0000] {taskinstance.py:2191} INFO - Executing <Task(BashOperator): run_model1> on 2024-04-01 05:00:00+00:00
[2024-04-01T09:51:49.488+0000] {standard_task_runner.py:60} INFO - Started process 380 to run task
[2024-04-01T09:51:49.497+0000] {standard_task_runner.py:87} INFO - Running: ['***', 'tasks', 'run', 'dag___dbt', 'run_model1', 'scheduled__2024-04-01T05:00:00+00:00', '--job-id', '91', '--raw', '--subdir', 'DAGS_FOLDER/dbt_dag.py', '--cfg-path', '/tmp/tmp2pxpfgkm']
[2024-04-01T09:51:49.502+0000] {standard_task_runner.py:88} INFO - Job 91: Subtask run_model1
[2024-04-01T09:51:49.657+0000] {task_command.py:423} INFO - Running <TaskInstance: dag___dbt.run_model1 scheduled__2024-04-01T05:00:00+00:00 [running]> on host 62dc842f1ceb
[2024-04-01T09:51:49.973+0000] {taskinstance.py:2480} INFO - Exporting env vars: AIRFLOW_CTX_DAG_OWNER='***' AIRFLOW_CTX_DAG_ID='dag___dbt' AIRFLOW_CTX_TASK_ID='run_model1' AIRFLOW_CTX_EXECUTION_DATE='2024-04-01T05:00:00+00:00' AIRFLOW_CTX_TRY_NUMBER='2' AIRFLOW_CTX_DAG_RUN_ID='scheduled__2024-04-01T05:00:00+00:00'
[2024-04-01T09:51:49.978+0000] {subprocess.py:63} INFO - Tmp dir root location: /tmp
[2024-04-01T09:51:49.980+0000] {subprocess.py:75} INFO - Running command: ['/usr/bin/bash', '-c', '/home/***/.local/bin/dbt run --models  --profiles-dir /home/***/.dbt --project-dir /opt/***/proj']
[2024-04-01T09:51:50.014+0000] {subprocess.py:86} INFO - Output:
[2024-04-01T09:52:21.485+0000] {subprocess.py:93} INFO - [0m09:52:21  Running with dbt=1.7.10
[2024-04-01T09:52:30.217+0000] {subprocess.py:93} INFO - [0m09:52:30  Registered adapter: postgres=1.7.10
[2024-04-01T09:52:59.278+0000] {subprocess.py:93} INFO - [0m09:52:59  Found 34 models, 2 operations, 5 tests, 1 source, 0 exposures, 0 metrics, 1317 macros, 0 groups, 0 semantic models
[2024-04-01T09:52:59.324+0000] {subprocess.py:93} INFO - [0m09:52:59  The selection criterion '--profiles-dir' does not match any nodes
[2024-04-01T09:52:59.352+0000] {subprocess.py:93} INFO - [0m09:52:59  Encountered an error:
[2024-04-01T09:52:59.402+0000] {subprocess.py:93} INFO - Non-relative patterns are unsupported
[2024-04-01T09:52:59.452+0000] {subprocess.py:93} INFO - [0m09:52:59  Traceback (most recent call last):
[2024-04-01T09:52:59.453+0000] {subprocess.py:93} INFO -   File "/home/***/.local/lib/python3.8/site-packages/dbt/cli/requires.py", line 91, in wrapper
[2024-04-01T09:52:59.458+0000] {subprocess.py:93} INFO -     result, success = func(*args, **kwargs)
[2024-04-01T09:52:59.463+0000] {subprocess.py:93} INFO -   File "/home/***/.local/lib/python3.8/site-packages/dbt/cli/requires.py", line 76, in wrapper
[2024-04-01T09:52:59.465+0000] {subprocess.py:93} INFO -     return func(*args, **kwargs)
[2024-04-01T09:52:59.470+0000] {subprocess.py:93} INFO -   File "/home/***/.local/lib/python3.8/site-packages/dbt/cli/requires.py", line 169, in wrapper
[2024-04-01T09:52:59.487+0000] {subprocess.py:93} INFO -     return func(*args, **kwargs)
[2024-04-01T09:52:59.491+0000] {subprocess.py:93} INFO -   File "/home/***/.local/lib/python3.8/site-packages/dbt/cli/requires.py", line 198, in wrapper
[2024-04-01T09:52:59.493+0000] {subprocess.py:93} INFO -     return func(*args, **kwargs)
[2024-04-01T09:52:59.500+0000] {subprocess.py:93} INFO -   File "/home/***/.local/lib/python3.8/site-packages/dbt/cli/requires.py", line 245, in wrapper
[2024-04-01T09:52:59.510+0000] {subprocess.py:93} INFO -     return func(*args, **kwargs)
[2024-04-01T09:52:59.513+0000] {subprocess.py:93} INFO -   File "/home/***/.local/lib/python3.8/site-packages/dbt/cli/requires.py", line 278, in wrapper
[2024-04-01T09:52:59.516+0000] {subprocess.py:93} INFO -     return func(*args, **kwargs)
[2024-04-01T09:52:59.538+0000] {subprocess.py:93} INFO -   File "/home/***/.local/lib/python3.8/site-packages/dbt/cli/main.py", line 625, in run
[2024-04-01T09:52:59.552+0000] {subprocess.py:93} INFO -     results = task.run()
[2024-04-01T09:52:59.555+0000] {subprocess.py:93} INFO -   File "/home/***/.local/lib/python3.8/site-packages/dbt/task/runnable.py", line 454, in run
[2024-04-01T09:52:59.566+0000] {subprocess.py:93} INFO -     self._runtime_initialize()
[2024-04-01T09:52:59.584+0000] {subprocess.py:93} INFO -   File "/home/***/.local/lib/python3.8/site-packages/dbt/task/compile.py", line 147, in _runtime_initialize
[2024-04-01T09:52:59.586+0000] {subprocess.py:93} INFO -     super()._runtime_initialize()
[2024-04-01T09:52:59.587+0000] {subprocess.py:93} INFO -   File "/home/***/.local/lib/python3.8/site-packages/dbt/task/runnable.py", line 147, in _runtime_initialize
[2024-04-01T09:52:59.589+0000] {subprocess.py:93} INFO -     self.job_queue = self.get_graph_queue()
[2024-04-01T09:52:59.591+0000] {subprocess.py:93} INFO -   File "/home/***/.local/lib/python3.8/site-packages/dbt/task/runnable.py", line 140, in get_graph_queue
[2024-04-01T09:52:59.593+0000] {subprocess.py:93} INFO -     return selector.get_graph_queue(spec)
[2024-04-01T09:52:59.596+0000] {subprocess.py:93} INFO -   File "/home/***/.local/lib/python3.8/site-packages/dbt/graph/selector.py", line 318, in get_graph_queue
[2024-04-01T09:52:59.605+0000] {subprocess.py:93} INFO -     selected_nodes = self.get_selected(spec)
[2024-04-01T09:52:59.613+0000] {subprocess.py:93} INFO -   File "/home/***/.local/lib/python3.8/site-packages/dbt/graph/selector.py", line 309, in get_selected
[2024-04-01T09:52:59.618+0000] {subprocess.py:93} INFO -     selected_nodes, indirect_only = self.select_nodes(spec)
[2024-04-01T09:52:59.621+0000] {subprocess.py:93} INFO -   File "/home/***/.local/lib/python3.8/site-packages/dbt/graph/selector.py", line 158, in select_nodes
[2024-04-01T09:52:59.624+0000] {subprocess.py:93} INFO -     direct_nodes, indirect_nodes = self.select_nodes_recursively(spec)
[2024-04-01T09:52:59.625+0000] {subprocess.py:93} INFO -   File "/home/***/.local/lib/python3.8/site-packages/dbt/graph/selector.py", line 130, in select_nodes_recursively
[2024-04-01T09:52:59.627+0000] {subprocess.py:93} INFO -     bundles = [self.select_nodes_recursively(component) for component in spec]
[2024-04-01T09:52:59.628+0000] {subprocess.py:93} INFO -   File "/home/***/.local/lib/python3.8/site-packages/dbt/graph/selector.py", line 130, in <listcomp>
[2024-04-01T09:52:59.630+0000] {subprocess.py:93} INFO -     bundles = [self.select_nodes_recursively(component) for component in spec]
[2024-04-01T09:52:59.668+0000] {subprocess.py:93} INFO -   File "/home/***/.local/lib/python3.8/site-packages/dbt/graph/selector.py", line 130, in select_nodes_recursively
[2024-04-01T09:52:59.671+0000] {subprocess.py:93} INFO -     bundles = [self.select_nodes_recursively(component) for component in spec]
[2024-04-01T09:52:59.672+0000] {subprocess.py:93} INFO -   File "/home/***/.local/lib/python3.8/site-packages/dbt/graph/selector.py", line 130, in <listcomp>
[2024-04-01T09:52:59.674+0000] {subprocess.py:93} INFO -     bundles = [self.select_nodes_recursively(component) for component in spec]
[2024-04-01T09:52:59.675+0000] {subprocess.py:93} INFO -   File "/home/***/.local/lib/python3.8/site-packages/dbt/graph/selector.py", line 130, in select_nodes_recursively
[2024-04-01T09:52:59.676+0000] {subprocess.py:93} INFO -     bundles = [self.select_nodes_recursively(component) for component in spec]
[2024-04-01T09:52:59.677+0000] {subprocess.py:93} INFO -   File "/home/***/.local/lib/python3.8/site-packages/dbt/graph/selector.py", line 130, in <listcomp>
[2024-04-01T09:52:59.687+0000] {subprocess.py:93} INFO -     bundles = [self.select_nodes_recursively(component) for component in spec]
[2024-04-01T09:52:59.698+0000] {subprocess.py:93} INFO -   File "/home/***/.local/lib/python3.8/site-packages/dbt/graph/selector.py", line 128, in select_nodes_recursively
[2024-04-01T09:52:59.700+0000] {subprocess.py:93} INFO -     direct_nodes, indirect_nodes = self.get_nodes_from_criteria(spec)
[2024-04-01T09:52:59.701+0000] {subprocess.py:93} INFO -   File "/home/***/.local/lib/python3.8/site-packages/dbt/graph/selector.py", line 82, in get_nodes_from_criteria
[2024-04-01T09:52:59.704+0000] {subprocess.py:93} INFO -     collected = self.select_included(nodes, spec)
[2024-04-01T09:52:59.705+0000] {subprocess.py:93} INFO -   File "/home/***/.local/lib/python3.8/site-packages/dbt/graph/selector.py", line 68, in select_included
[2024-04-01T09:52:59.706+0000] {subprocess.py:93} INFO -     return set(method.search(included_nodes, spec.value))
[2024-04-01T09:52:59.713+0000] {subprocess.py:93} INFO -   File "/home/***/.local/lib/python3.8/site-packages/dbt/graph/selector_methods.py", line 413, in search
[2024-04-01T09:52:59.718+0000] {subprocess.py:93} INFO -     paths = set(p.relative_to(root) for p in root.glob(selector))
[2024-04-01T09:52:59.723+0000] {subprocess.py:93} INFO -   File "/home/***/.local/lib/python3.8/site-packages/dbt/graph/selector_methods.py", line 413, in <genexpr>
[2024-04-01T09:52:59.725+0000] {subprocess.py:93} INFO -     paths = set(p.relative_to(root) for p in root.glob(selector))
[2024-04-01T09:52:59.726+0000] {subprocess.py:93} INFO -   File "/usr/local/lib/python3.8/pathlib.py", line 1138, in glob
[2024-04-01T09:52:59.728+0000] {subprocess.py:93} INFO -     raise NotImplementedError("Non-relative patterns are unsupported")
[2024-04-01T09:52:59.732+0000] {subprocess.py:93} INFO - NotImplementedError: Non-relative patterns are unsupported
[2024-04-01T09:52:59.735+0000] {subprocess.py:93} INFO - 
[2024-04-01T09:53:01.215+0000] {subprocess.py:97} INFO - Command exited with return code 2
[2024-04-01T09:53:01.258+0000] {taskinstance.py:2698} ERROR - Task failed with exception
Traceback (most recent call last):
  File "/home/airflow/.local/lib/python3.8/site-packages/airflow/models/taskinstance.py", line 433, in _execute_task
    result = execute_callable(context=context, **execute_callable_kwargs)
  File "/home/airflow/.local/lib/python3.8/site-packages/airflow/operators/bash.py", line 212, in execute
    raise AirflowException(
airflow.exceptions.AirflowException: Bash command failed. The command returned a non-zero exit code 2.
[2024-04-01T09:53:01.273+0000] {taskinstance.py:1138} INFO - Marking task as FAILED. dag_id=dag___dbt, task_id=run_model1, execution_date=20240401T050000, start_date=20240401T095149, end_date=20240401T095301
[2024-04-01T09:53:01.392+0000] {standard_task_runner.py:107} ERROR - Failed to execute job 91 for task run_model1 (Bash command failed. The command returned a non-zero exit code 2.; 380)
[2024-04-01T09:53:01.456+0000] {local_task_job_runner.py:234} INFO - Task exited with return code 1
[2024-04-01T09:53:01.522+0000] {taskinstance.py:3280} INFO - 0 downstream tasks scheduled from follow-on schedule check
