[2024-04-01T10:09:44.576+0000] {taskinstance.py:1956} INFO - Dependencies all met for dep_context=non-requeueable deps ti=<TaskInstance: freshness___dbt.run_model1 scheduled__2024-03-25T00:00:00+00:00 [queued]>
[2024-04-01T10:09:44.686+0000] {taskinstance.py:1956} INFO - Dependencies all met for dep_context=requeueable deps ti=<TaskInstance: freshness___dbt.run_model1 scheduled__2024-03-25T00:00:00+00:00 [queued]>
[2024-04-01T10:09:44.687+0000] {taskinstance.py:2170} INFO - Starting attempt 1 of 2
[2024-04-01T10:09:44.787+0000] {taskinstance.py:2191} INFO - Executing <Task(BashOperator): run_model1> on 2024-03-25 00:00:00+00:00
[2024-04-01T10:09:44.834+0000] {standard_task_runner.py:60} INFO - Started process 1501 to run task
[2024-04-01T10:09:44.877+0000] {standard_task_runner.py:87} INFO - Running: ['***', 'tasks', 'run', 'freshness___dbt', 'run_model1', 'scheduled__2024-03-25T00:00:00+00:00', '--job-id', '214', '--raw', '--subdir', 'DAGS_FOLDER/freshness_dag.py', '--cfg-path', '/tmp/tmprcbov983']
[2024-04-01T10:09:44.886+0000] {standard_task_runner.py:88} INFO - Job 214: Subtask run_model1
[2024-04-01T10:09:45.267+0000] {task_command.py:423} INFO - Running <TaskInstance: freshness___dbt.run_model1 scheduled__2024-03-25T00:00:00+00:00 [running]> on host 62dc842f1ceb
[2024-04-01T10:09:45.754+0000] {taskinstance.py:2480} INFO - Exporting env vars: AIRFLOW_CTX_DAG_OWNER='***' AIRFLOW_CTX_DAG_ID='freshness___dbt' AIRFLOW_CTX_TASK_ID='run_model1' AIRFLOW_CTX_EXECUTION_DATE='2024-03-25T00:00:00+00:00' AIRFLOW_CTX_TRY_NUMBER='1' AIRFLOW_CTX_DAG_RUN_ID='scheduled__2024-03-25T00:00:00+00:00'
[2024-04-01T10:09:45.758+0000] {subprocess.py:63} INFO - Tmp dir root location: /tmp
[2024-04-01T10:09:45.760+0000] {subprocess.py:75} INFO - Running command: ['/usr/bin/bash', '-c', '/home/***/.local/bin/dbt run --models  --profiles-dir /home/***/.dbt --project-dir /opt/***/proj']
[2024-04-01T10:09:45.808+0000] {subprocess.py:86} INFO - Output:
[2024-04-01T10:10:17.219+0000] {subprocess.py:93} INFO - [0m10:10:17  Running with dbt=1.7.10
[2024-04-01T10:10:20.712+0000] {subprocess.py:93} INFO - [0m10:10:20  Registered adapter: postgres=1.7.10
[2024-04-01T10:10:44.178+0000] {subprocess.py:93} INFO - [0m10:10:44  Found 34 models, 2 operations, 5 tests, 1 source, 0 exposures, 0 metrics, 1407 macros, 0 groups, 0 semantic models
[2024-04-01T10:10:44.199+0000] {subprocess.py:93} INFO - [0m10:10:44  The selection criterion '--profiles-dir' does not match any nodes
[2024-04-01T10:10:44.207+0000] {subprocess.py:93} INFO - [0m10:10:44  Encountered an error:
[2024-04-01T10:10:44.208+0000] {subprocess.py:93} INFO - Non-relative patterns are unsupported
[2024-04-01T10:10:44.229+0000] {subprocess.py:93} INFO - [0m10:10:44  Traceback (most recent call last):
[2024-04-01T10:10:44.230+0000] {subprocess.py:93} INFO -   File "/home/***/.local/lib/python3.8/site-packages/dbt/cli/requires.py", line 91, in wrapper
[2024-04-01T10:10:44.232+0000] {subprocess.py:93} INFO -     result, success = func(*args, **kwargs)
[2024-04-01T10:10:44.234+0000] {subprocess.py:93} INFO -   File "/home/***/.local/lib/python3.8/site-packages/dbt/cli/requires.py", line 76, in wrapper
[2024-04-01T10:10:44.235+0000] {subprocess.py:93} INFO -     return func(*args, **kwargs)
[2024-04-01T10:10:44.238+0000] {subprocess.py:93} INFO -   File "/home/***/.local/lib/python3.8/site-packages/dbt/cli/requires.py", line 169, in wrapper
[2024-04-01T10:10:44.240+0000] {subprocess.py:93} INFO -     return func(*args, **kwargs)
[2024-04-01T10:10:44.243+0000] {subprocess.py:93} INFO -   File "/home/***/.local/lib/python3.8/site-packages/dbt/cli/requires.py", line 198, in wrapper
[2024-04-01T10:10:44.244+0000] {subprocess.py:93} INFO -     return func(*args, **kwargs)
[2024-04-01T10:10:44.248+0000] {subprocess.py:93} INFO -   File "/home/***/.local/lib/python3.8/site-packages/dbt/cli/requires.py", line 245, in wrapper
[2024-04-01T10:10:44.251+0000] {subprocess.py:93} INFO -     return func(*args, **kwargs)
[2024-04-01T10:10:44.252+0000] {subprocess.py:93} INFO -   File "/home/***/.local/lib/python3.8/site-packages/dbt/cli/requires.py", line 278, in wrapper
[2024-04-01T10:10:44.253+0000] {subprocess.py:93} INFO -     return func(*args, **kwargs)
[2024-04-01T10:10:44.255+0000] {subprocess.py:93} INFO -   File "/home/***/.local/lib/python3.8/site-packages/dbt/cli/main.py", line 625, in run
[2024-04-01T10:10:44.259+0000] {subprocess.py:93} INFO -     results = task.run()
[2024-04-01T10:10:44.262+0000] {subprocess.py:93} INFO -   File "/home/***/.local/lib/python3.8/site-packages/dbt/task/runnable.py", line 454, in run
[2024-04-01T10:10:44.265+0000] {subprocess.py:93} INFO -     self._runtime_initialize()
[2024-04-01T10:10:44.267+0000] {subprocess.py:93} INFO -   File "/home/***/.local/lib/python3.8/site-packages/dbt/task/compile.py", line 147, in _runtime_initialize
[2024-04-01T10:10:44.269+0000] {subprocess.py:93} INFO -     super()._runtime_initialize()
[2024-04-01T10:10:44.270+0000] {subprocess.py:93} INFO -   File "/home/***/.local/lib/python3.8/site-packages/dbt/task/runnable.py", line 147, in _runtime_initialize
[2024-04-01T10:10:44.271+0000] {subprocess.py:93} INFO -     self.job_queue = self.get_graph_queue()
[2024-04-01T10:10:44.273+0000] {subprocess.py:93} INFO -   File "/home/***/.local/lib/python3.8/site-packages/dbt/task/runnable.py", line 140, in get_graph_queue
[2024-04-01T10:10:44.275+0000] {subprocess.py:93} INFO -     return selector.get_graph_queue(spec)
[2024-04-01T10:10:44.277+0000] {subprocess.py:93} INFO -   File "/home/***/.local/lib/python3.8/site-packages/dbt/graph/selector.py", line 318, in get_graph_queue
[2024-04-01T10:10:44.281+0000] {subprocess.py:93} INFO -     selected_nodes = self.get_selected(spec)
[2024-04-01T10:10:44.287+0000] {subprocess.py:93} INFO -   File "/home/***/.local/lib/python3.8/site-packages/dbt/graph/selector.py", line 309, in get_selected
[2024-04-01T10:10:44.302+0000] {subprocess.py:93} INFO -     selected_nodes, indirect_only = self.select_nodes(spec)
[2024-04-01T10:10:44.304+0000] {subprocess.py:93} INFO -   File "/home/***/.local/lib/python3.8/site-packages/dbt/graph/selector.py", line 158, in select_nodes
[2024-04-01T10:10:44.311+0000] {subprocess.py:93} INFO -     direct_nodes, indirect_nodes = self.select_nodes_recursively(spec)
[2024-04-01T10:10:44.318+0000] {subprocess.py:93} INFO -   File "/home/***/.local/lib/python3.8/site-packages/dbt/graph/selector.py", line 130, in select_nodes_recursively
[2024-04-01T10:10:44.321+0000] {subprocess.py:93} INFO -     bundles = [self.select_nodes_recursively(component) for component in spec]
[2024-04-01T10:10:44.326+0000] {subprocess.py:93} INFO -   File "/home/***/.local/lib/python3.8/site-packages/dbt/graph/selector.py", line 130, in <listcomp>
[2024-04-01T10:10:44.328+0000] {subprocess.py:93} INFO -     bundles = [self.select_nodes_recursively(component) for component in spec]
[2024-04-01T10:10:44.329+0000] {subprocess.py:93} INFO -   File "/home/***/.local/lib/python3.8/site-packages/dbt/graph/selector.py", line 130, in select_nodes_recursively
[2024-04-01T10:10:44.341+0000] {subprocess.py:93} INFO -     bundles = [self.select_nodes_recursively(component) for component in spec]
[2024-04-01T10:10:44.343+0000] {subprocess.py:93} INFO -   File "/home/***/.local/lib/python3.8/site-packages/dbt/graph/selector.py", line 130, in <listcomp>
[2024-04-01T10:10:44.344+0000] {subprocess.py:93} INFO -     bundles = [self.select_nodes_recursively(component) for component in spec]
[2024-04-01T10:10:44.345+0000] {subprocess.py:93} INFO -   File "/home/***/.local/lib/python3.8/site-packages/dbt/graph/selector.py", line 130, in select_nodes_recursively
[2024-04-01T10:10:44.346+0000] {subprocess.py:93} INFO -     bundles = [self.select_nodes_recursively(component) for component in spec]
[2024-04-01T10:10:44.348+0000] {subprocess.py:93} INFO -   File "/home/***/.local/lib/python3.8/site-packages/dbt/graph/selector.py", line 130, in <listcomp>
[2024-04-01T10:10:44.349+0000] {subprocess.py:93} INFO -     bundles = [self.select_nodes_recursively(component) for component in spec]
[2024-04-01T10:10:44.350+0000] {subprocess.py:93} INFO -   File "/home/***/.local/lib/python3.8/site-packages/dbt/graph/selector.py", line 128, in select_nodes_recursively
[2024-04-01T10:10:44.351+0000] {subprocess.py:93} INFO -     direct_nodes, indirect_nodes = self.get_nodes_from_criteria(spec)
[2024-04-01T10:10:44.352+0000] {subprocess.py:93} INFO -   File "/home/***/.local/lib/python3.8/site-packages/dbt/graph/selector.py", line 82, in get_nodes_from_criteria
[2024-04-01T10:10:44.353+0000] {subprocess.py:93} INFO -     collected = self.select_included(nodes, spec)
[2024-04-01T10:10:44.356+0000] {subprocess.py:93} INFO -   File "/home/***/.local/lib/python3.8/site-packages/dbt/graph/selector.py", line 68, in select_included
[2024-04-01T10:10:44.358+0000] {subprocess.py:93} INFO -     return set(method.search(included_nodes, spec.value))
[2024-04-01T10:10:44.361+0000] {subprocess.py:93} INFO -   File "/home/***/.local/lib/python3.8/site-packages/dbt/graph/selector_methods.py", line 413, in search
[2024-04-01T10:10:44.363+0000] {subprocess.py:93} INFO -     paths = set(p.relative_to(root) for p in root.glob(selector))
[2024-04-01T10:10:44.364+0000] {subprocess.py:93} INFO -   File "/home/***/.local/lib/python3.8/site-packages/dbt/graph/selector_methods.py", line 413, in <genexpr>
[2024-04-01T10:10:44.368+0000] {subprocess.py:93} INFO -     paths = set(p.relative_to(root) for p in root.glob(selector))
[2024-04-01T10:10:44.370+0000] {subprocess.py:93} INFO -   File "/usr/local/lib/python3.8/pathlib.py", line 1138, in glob
[2024-04-01T10:10:44.371+0000] {subprocess.py:93} INFO -     raise NotImplementedError("Non-relative patterns are unsupported")
[2024-04-01T10:10:44.375+0000] {subprocess.py:93} INFO - NotImplementedError: Non-relative patterns are unsupported
[2024-04-01T10:10:44.380+0000] {subprocess.py:93} INFO - 
[2024-04-01T10:10:45.609+0000] {subprocess.py:97} INFO - Command exited with return code 2
[2024-04-01T10:10:45.644+0000] {taskinstance.py:2698} ERROR - Task failed with exception
Traceback (most recent call last):
  File "/home/airflow/.local/lib/python3.8/site-packages/airflow/models/taskinstance.py", line 433, in _execute_task
    result = execute_callable(context=context, **execute_callable_kwargs)
  File "/home/airflow/.local/lib/python3.8/site-packages/airflow/operators/bash.py", line 212, in execute
    raise AirflowException(
airflow.exceptions.AirflowException: Bash command failed. The command returned a non-zero exit code 2.
[2024-04-01T10:10:45.656+0000] {taskinstance.py:1138} INFO - Marking task as UP_FOR_RETRY. dag_id=freshness___dbt, task_id=run_model1, execution_date=20240325T000000, start_date=20240401T100944, end_date=20240401T101045
[2024-04-01T10:10:45.709+0000] {standard_task_runner.py:107} ERROR - Failed to execute job 214 for task run_model1 (Bash command failed. The command returned a non-zero exit code 2.; 1501)
[2024-04-01T10:10:45.746+0000] {local_task_job_runner.py:234} INFO - Task exited with return code 1
[2024-04-01T10:10:45.833+0000] {taskinstance.py:3280} INFO - 0 downstream tasks scheduled from follow-on schedule check
